THEMIS - INFO - 2023-01-24 18:59:28,502 - Worker starting...
THEMIS - INFO - 2023-01-24 18:59:28,502 - Received args Namespace(id='0', max_concurrency=100, server_args=['192.168.128.83', '34005'], setup_dir='/g/g20/eljurf1/weave_demos/ball_bounce/03_simulation_ensembles/themis_ensembles/setup/.ens_26_setup')
THEMIS - INFO - 2023-01-24 18:59:28,503 - Maximum concurrent runs: 100
THEMIS - INFO - 2023-01-24 18:59:28,505 - Using database: BackendClient(<ssl.SSLContext object at 0x2aaab0a4fa08>, '192.168.128.83', 34005)
THEMIS - DEBUG - 2023-01-24 18:59:28,519 - Using resource manager Slurm()
THEMIS - INFO - 2023-01-24 18:59:32,791 - Beginning to submit runs.
THEMIS - INFO - 2023-01-24 18:59:32,791 - Server listening on ('192.168.128.83', '34669')
source/executors.py submitTHEMIS - INFO - 2023-01-24 18:59:32,806 - Launching run 1

Step(args=['/g/g20/eljurf1/weave_demos/ball_bounce/dist/ball_bounce', '--input_deck', 'input_deck'], tasks=1, cores_per_task=1, gpus_per_task=0, timeout=0, batch_script=False, cwd=/g/g20/eljurf1/weave_demos/ball_bounce/03_simulation_ensembles/themis_ensembles/ensemble/ens_26/1/.)
/g/g20/eljurf1/weave_demos/ball_bounce/03_simulation_ensembles/themis_ensembles/ensemble/ens_26/1/.
source/executors.py submitTHEMIS - INFO - 2023-01-24 18:59:32,823 - Launching run 2

Step(args=['/g/g20/eljurf1/weave_demos/ball_bounce/dist/ball_bounce', '--input_deck', 'input_deck'], tasks=1, cores_per_task=1, gpus_per_task=0, timeout=0, batch_script=False, cwd=/g/g20/eljurf1/weave_demos/ball_bounce/03_simulation_ensembles/themis_ensembles/ensemble/ens_26/2/.)
/g/g20/eljurf1/weave_demos/ball_bounce/03_simulation_ensembles/themis_ensembles/ensemble/ens_26/2/.
source/executors.py submitTHEMIS - INFO - 2023-01-24 18:59:32,837 - Launching run 3

Step(args=['/g/g20/eljurf1/weave_demos/ball_bounce/dist/ball_bounce', '--input_deck', 'input_deck'], tasks=1, cores_per_task=1, gpus_per_task=0, timeout=0, batch_script=False, cwd=/g/g20/eljurf1/weave_demos/ball_bounce/03_simulation_ensembles/themis_ensembles/ensemble/ens_26/3/.)
/g/g20/eljurf1/weave_demos/ball_bounce/03_simulation_ensembles/themis_ensembles/ensemble/ens_26/3/.
source/executors.py submitTHEMIS - INFO - 2023-01-24 18:59:32,850 - Launching run 4

Step(args=['/g/g20/eljurf1/weave_demos/ball_bounce/dist/ball_bounce', '--input_deck', 'input_deck'], tasks=1, cores_per_task=1, gpus_per_task=0, timeout=0, batch_script=False, cwd=/g/g20/eljurf1/weave_demos/ball_bounce/03_simulation_ensembles/themis_ensembles/ensemble/ens_26/4/.)
/g/g20/eljurf1/weave_demos/ball_bounce/03_simulation_ensembles/themis_ensembles/ensemble/ens_26/4/.
source/executors.py submitTHEMIS - INFO - 2023-01-24 18:59:32,864 - Launching run 5

Step(args=['/g/g20/eljurf1/weave_demos/ball_bounce/dist/ball_bounce', '--input_deck', 'input_deck'], tasks=1, cores_per_task=1, gpus_per_task=0, timeout=0, batch_script=False, cwd=/g/g20/eljurf1/weave_demos/ball_bounce/03_simulation_ensembles/themis_ensembles/ensemble/ens_26/5/.)
/g/g20/eljurf1/weave_demos/ball_bounce/03_simulation_ensembles/themis_ensembles/ensemble/ens_26/5/.
source/executors.py submitTHEMIS - INFO - 2023-01-24 18:59:32,876 - Launching run 6

Step(args=['/g/g20/eljurf1/weave_demos/ball_bounce/dist/ball_bounce', '--input_deck', 'input_deck'], tasks=1, cores_per_task=1, gpus_per_task=0, timeout=0, batch_script=False, cwd=/g/g20/eljurf1/weave_demos/ball_bounce/03_simulation_ensembles/themis_ensembles/ensemble/ens_26/6/.)
/g/g20/eljurf1/weave_demos/ball_bounce/03_simulation_ensembles/themis_ensembles/ensemble/ens_26/6/.
source/executors.py submit
Step(args=['/g/g20/eljurf1/weave_demos/ball_bounce/dist/ball_bounce', '--input_deck', 'input_deck'], tasks=1, cores_per_task=1, gpus_per_task=0, timeout=0, batch_script=False, cwd=/g/g20/eljurf1/weave_demos/ball_bounce/03_simulation_ensembles/themis_ensembles/ensemble/ens_26/7/.)
THEMIS - INFO - 2023-01-24 18:59:32,891 - Launching run 7
/g/g20/eljurf1/weave_demos/ball_bounce/03_simulation_ensembles/themis_ensembles/ensemble/ens_26/7/.
source/executors.py submit
THEMIS - INFO - 2023-01-24 18:59:32,905 - Launching run 8
Step(args=['/g/g20/eljurf1/weave_demos/ball_bounce/dist/ball_bounce', '--input_deck', 'input_deck'], tasks=1, cores_per_task=1, gpus_per_task=0, timeout=0, batch_script=False, cwd=/g/g20/eljurf1/weave_demos/ball_bounce/03_simulation_ensembles/themis_ensembles/ensemble/ens_26/8/.)
/g/g20/eljurf1/weave_demos/ball_bounce/03_simulation_ensembles/themis_ensembles/ensemble/ens_26/8/.
source/executors.py submitTHEMIS - INFO - 2023-01-24 18:59:32,920 - Launching run 9

Step(args=['/g/g20/eljurf1/weave_demos/ball_bounce/dist/ball_bounce', '--input_deck', 'input_deck'], tasks=1, cores_per_task=1, gpus_per_task=0, timeout=0, batch_script=False, cwd=/g/g20/eljurf1/weave_demos/ball_bounce/03_simulation_ensembles/themis_ensembles/ensemble/ens_26/9/.)
/g/g20/eljurf1/weave_demos/ball_bounce/03_simulation_ensembles/themis_ensembles/ensemble/ens_26/9/.
source/executors.py submitTHEMIS - INFO - 2023-01-24 18:59:32,934 - Launching run 10

Step(args=['/g/g20/eljurf1/weave_demos/ball_bounce/dist/ball_bounce', '--input_deck', 'input_deck'], tasks=1, cores_per_task=1, gpus_per_task=0, timeout=0, batch_script=False, cwd=/g/g20/eljurf1/weave_demos/ball_bounce/03_simulation_ensembles/themis_ensembles/ensemble/ens_26/10/.)
/g/g20/eljurf1/weave_demos/ball_bounce/03_simulation_ensembles/themis_ensembles/ensemble/ens_26/10/.
source/executors.py submitTHEMIS - INFO - 2023-01-24 18:59:32,948 - Launching run 11

Step(args=['/g/g20/eljurf1/weave_demos/ball_bounce/dist/ball_bounce', '--input_deck', 'input_deck'], tasks=1, cores_per_task=1, gpus_per_task=0, timeout=0, batch_script=False, cwd=/g/g20/eljurf1/weave_demos/ball_bounce/03_simulation_ensembles/themis_ensembles/ensemble/ens_26/11/.)
/g/g20/eljurf1/weave_demos/ball_bounce/03_simulation_ensembles/themis_ensembles/ensemble/ens_26/11/.
source/executors.py submit
Step(args=['/g/g20/eljurf1/weave_demos/ball_bounce/dist/ball_bounce', '--input_deck', 'input_deck'], tasks=1, cores_per_task=1, gpus_per_task=0, timeout=0, batch_script=False, cwd=/g/g20/eljurf1/weave_demos/ball_bounce/03_simulation_ensembles/themis_ensembles/ensemble/ens_26/12/.)THEMIS - INFO - 2023-01-24 18:59:32,961 - Launching run 12

/g/g20/eljurf1/weave_demos/ball_bounce/03_simulation_ensembles/themis_ensembles/ensemble/ens_26/12/.
source/executors.py submitTHEMIS - INFO - 2023-01-24 18:59:32,974 - Launching run 13

Step(args=['/g/g20/eljurf1/weave_demos/ball_bounce/dist/ball_bounce', '--input_deck', 'input_deck'], tasks=1, cores_per_task=1, gpus_per_task=0, timeout=0, batch_script=False, cwd=/g/g20/eljurf1/weave_demos/ball_bounce/03_simulation_ensembles/themis_ensembles/ensemble/ens_26/13/.)
/g/g20/eljurf1/weave_demos/ball_bounce/03_simulation_ensembles/themis_ensembles/ensemble/ens_26/13/.
source/executors.py submitTHEMIS - INFO - 2023-01-24 18:59:32,987 - Launching run 14

Step(args=['/g/g20/eljurf1/weave_demos/ball_bounce/dist/ball_bounce', '--input_deck', 'input_deck'], tasks=1, cores_per_task=1, gpus_per_task=0, timeout=0, batch_script=False, cwd=/g/g20/eljurf1/weave_demos/ball_bounce/03_simulation_ensembles/themis_ensembles/ensemble/ens_26/14/.)
/g/g20/eljurf1/weave_demos/ball_bounce/03_simulation_ensembles/themis_ensembles/ensemble/ens_26/14/.
source/executors.py submitTHEMIS - INFO - 2023-01-24 18:59:33,001 - Launching run 15

Step(args=['/g/g20/eljurf1/weave_demos/ball_bounce/dist/ball_bounce', '--input_deck', 'input_deck'], tasks=1, cores_per_task=1, gpus_per_task=0, timeout=0, batch_script=False, cwd=/g/g20/eljurf1/weave_demos/ball_bounce/03_simulation_ensembles/themis_ensembles/ensemble/ens_26/15/.)
/g/g20/eljurf1/weave_demos/ball_bounce/03_simulation_ensembles/themis_ensembles/ensemble/ens_26/15/.
source/executors.py submitTHEMIS - INFO - 2023-01-24 18:59:33,015 - Launching run 16

Step(args=['/g/g20/eljurf1/weave_demos/ball_bounce/dist/ball_bounce', '--input_deck', 'input_deck'], tasks=1, cores_per_task=1, gpus_per_task=0, timeout=0, batch_script=False, cwd=/g/g20/eljurf1/weave_demos/ball_bounce/03_simulation_ensembles/themis_ensembles/ensemble/ens_26/16/.)
/g/g20/eljurf1/weave_demos/ball_bounce/03_simulation_ensembles/themis_ensembles/ensemble/ens_26/16/.
source/executors.py submitTHEMIS - INFO - 2023-01-24 18:59:33,028 - Launching run 17

Step(args=['/g/g20/eljurf1/weave_demos/ball_bounce/dist/ball_bounce', '--input_deck', 'input_deck'], tasks=1, cores_per_task=1, gpus_per_task=0, timeout=0, batch_script=False, cwd=/g/g20/eljurf1/weave_demos/ball_bounce/03_simulation_ensembles/themis_ensembles/ensemble/ens_26/17/.)
/g/g20/eljurf1/weave_demos/ball_bounce/03_simulation_ensembles/themis_ensembles/ensemble/ens_26/17/.
source/executors.py submitTHEMIS - INFO - 2023-01-24 18:59:33,041 - Launching run 18

Step(args=['/g/g20/eljurf1/weave_demos/ball_bounce/dist/ball_bounce', '--input_deck', 'input_deck'], tasks=1, cores_per_task=1, gpus_per_task=0, timeout=0, batch_script=False, cwd=/g/g20/eljurf1/weave_demos/ball_bounce/03_simulation_ensembles/themis_ensembles/ensemble/ens_26/18/.)
/g/g20/eljurf1/weave_demos/ball_bounce/03_simulation_ensembles/themis_ensembles/ensemble/ens_26/18/.
source/executors.py submitTHEMIS - INFO - 2023-01-24 18:59:33,052 - Launching run 19

Step(args=['/g/g20/eljurf1/weave_demos/ball_bounce/dist/ball_bounce', '--input_deck', 'input_deck'], tasks=1, cores_per_task=1, gpus_per_task=0, timeout=0, batch_script=False, cwd=/g/g20/eljurf1/weave_demos/ball_bounce/03_simulation_ensembles/themis_ensembles/ensemble/ens_26/19/.)
/g/g20/eljurf1/weave_demos/ball_bounce/03_simulation_ensembles/themis_ensembles/ensemble/ens_26/19/.
source/executors.py submitTHEMIS - INFO - 2023-01-24 18:59:33,066 - Launching run 20

Step(args=['/g/g20/eljurf1/weave_demos/ball_bounce/dist/ball_bounce', '--input_deck', 'input_deck'], tasks=1, cores_per_task=1, gpus_per_task=0, timeout=0, batch_script=False, cwd=/g/g20/eljurf1/weave_demos/ball_bounce/03_simulation_ensembles/themis_ensembles/ensemble/ens_26/20/.)
/g/g20/eljurf1/weave_demos/ball_bounce/03_simulation_ensembles/themis_ensembles/ensemble/ens_26/20/.
source/executors.py submitTHEMIS - INFO - 2023-01-24 18:59:33,080 - Launching run 21

Step(args=['/g/g20/eljurf1/weave_demos/ball_bounce/dist/ball_bounce', '--input_deck', 'input_deck'], tasks=1, cores_per_task=1, gpus_per_task=0, timeout=0, batch_script=False, cwd=/g/g20/eljurf1/weave_demos/ball_bounce/03_simulation_ensembles/themis_ensembles/ensemble/ens_26/21/.)
/g/g20/eljurf1/weave_demos/ball_bounce/03_simulation_ensembles/themis_ensembles/ensemble/ens_26/21/.
source/executors.py submitTHEMIS - INFO - 2023-01-24 18:59:33,094 - Launching run 22

Step(args=['/g/g20/eljurf1/weave_demos/ball_bounce/dist/ball_bounce', '--input_deck', 'input_deck'], tasks=1, cores_per_task=1, gpus_per_task=0, timeout=0, batch_script=False, cwd=/g/g20/eljurf1/weave_demos/ball_bounce/03_simulation_ensembles/themis_ensembles/ensemble/ens_26/22/.)
/g/g20/eljurf1/weave_demos/ball_bounce/03_simulation_ensembles/themis_ensembles/ensemble/ens_26/22/.
source/executors.py submitTHEMIS - INFO - 2023-01-24 18:59:33,108 - Launching run 23

Step(args=['/g/g20/eljurf1/weave_demos/ball_bounce/dist/ball_bounce', '--input_deck', 'input_deck'], tasks=1, cores_per_task=1, gpus_per_task=0, timeout=0, batch_script=False, cwd=/g/g20/eljurf1/weave_demos/ball_bounce/03_simulation_ensembles/themis_ensembles/ensemble/ens_26/23/.)
/g/g20/eljurf1/weave_demos/ball_bounce/03_simulation_ensembles/themis_ensembles/ensemble/ens_26/23/.
source/executors.py submitTHEMIS - INFO - 2023-01-24 18:59:33,122 - Launching run 24

Step(args=['/g/g20/eljurf1/weave_demos/ball_bounce/dist/ball_bounce', '--input_deck', 'input_deck'], tasks=1, cores_per_task=1, gpus_per_task=0, timeout=0, batch_script=False, cwd=/g/g20/eljurf1/weave_demos/ball_bounce/03_simulation_ensembles/themis_ensembles/ensemble/ens_26/24/.)
/g/g20/eljurf1/weave_demos/ball_bounce/03_simulation_ensembles/themis_ensembles/ensemble/ens_26/24/.
source/executors.py submitTHEMIS - INFO - 2023-01-24 18:59:33,135 - Launching run 25

Step(args=['/g/g20/eljurf1/weave_demos/ball_bounce/dist/ball_bounce', '--input_deck', 'input_deck'], tasks=1, cores_per_task=1, gpus_per_task=0, timeout=0, batch_script=False, cwd=/g/g20/eljurf1/weave_demos/ball_bounce/03_simulation_ensembles/themis_ensembles/ensemble/ens_26/25/.)
/g/g20/eljurf1/weave_demos/ball_bounce/03_simulation_ensembles/themis_ensembles/ensemble/ens_26/25/.
source/executors.py submitTHEMIS - INFO - 2023-01-24 18:59:33,149 - Launching run 26

Step(args=['/g/g20/eljurf1/weave_demos/ball_bounce/dist/ball_bounce', '--input_deck', 'input_deck'], tasks=1, cores_per_task=1, gpus_per_task=0, timeout=0, batch_script=False, cwd=/g/g20/eljurf1/weave_demos/ball_bounce/03_simulation_ensembles/themis_ensembles/ensemble/ens_26/26/.)
/g/g20/eljurf1/weave_demos/ball_bounce/03_simulation_ensembles/themis_ensembles/ensemble/ens_26/26/.
source/executors.py submitTHEMIS - INFO - 2023-01-24 18:59:33,161 - Launching run 27

Step(args=['/g/g20/eljurf1/weave_demos/ball_bounce/dist/ball_bounce', '--input_deck', 'input_deck'], tasks=1, cores_per_task=1, gpus_per_task=0, timeout=0, batch_script=False, cwd=/g/g20/eljurf1/weave_demos/ball_bounce/03_simulation_ensembles/themis_ensembles/ensemble/ens_26/27/.)
/g/g20/eljurf1/weave_demos/ball_bounce/03_simulation_ensembles/themis_ensembles/ensemble/ens_26/27/.
source/executors.py submitTHEMIS - INFO - 2023-01-24 18:59:33,173 - Launching run 28

Step(args=['/g/g20/eljurf1/weave_demos/ball_bounce/dist/ball_bounce', '--input_deck', 'input_deck'], tasks=1, cores_per_task=1, gpus_per_task=0, timeout=0, batch_script=False, cwd=/g/g20/eljurf1/weave_demos/ball_bounce/03_simulation_ensembles/themis_ensembles/ensemble/ens_26/28/.)
/g/g20/eljurf1/weave_demos/ball_bounce/03_simulation_ensembles/themis_ensembles/ensemble/ens_26/28/.
source/executors.py submitTHEMIS - INFO - 2023-01-24 18:59:33,186 - Launching run 29

Step(args=['/g/g20/eljurf1/weave_demos/ball_bounce/dist/ball_bounce', '--input_deck', 'input_deck'], tasks=1, cores_per_task=1, gpus_per_task=0, timeout=0, batch_script=False, cwd=/g/g20/eljurf1/weave_demos/ball_bounce/03_simulation_ensembles/themis_ensembles/ensemble/ens_26/29/.)
/g/g20/eljurf1/weave_demos/ball_bounce/03_simulation_ensembles/themis_ensembles/ensemble/ens_26/29/.
source/executors.py submitTHEMIS - INFO - 2023-01-24 18:59:33,202 - Launching run 30

Step(args=['/g/g20/eljurf1/weave_demos/ball_bounce/dist/ball_bounce', '--input_deck', 'input_deck'], tasks=1, cores_per_task=1, gpus_per_task=0, timeout=0, batch_script=False, cwd=/g/g20/eljurf1/weave_demos/ball_bounce/03_simulation_ensembles/themis_ensembles/ensemble/ens_26/30/.)
/g/g20/eljurf1/weave_demos/ball_bounce/03_simulation_ensembles/themis_ensembles/ensemble/ens_26/30/.
source/executors.py submitTHEMIS - INFO - 2023-01-24 18:59:33,221 - Launching run 31

Step(args=['/g/g20/eljurf1/weave_demos/ball_bounce/dist/ball_bounce', '--input_deck', 'input_deck'], tasks=1, cores_per_task=1, gpus_per_task=0, timeout=0, batch_script=False, cwd=/g/g20/eljurf1/weave_demos/ball_bounce/03_simulation_ensembles/themis_ensembles/ensemble/ens_26/31/.)
/g/g20/eljurf1/weave_demos/ball_bounce/03_simulation_ensembles/themis_ensembles/ensemble/ens_26/31/.
source/executors.py submitTHEMIS - INFO - 2023-01-24 18:59:33,234 - Launching run 32

Step(args=['/g/g20/eljurf1/weave_demos/ball_bounce/dist/ball_bounce', '--input_deck', 'input_deck'], tasks=1, cores_per_task=1, gpus_per_task=0, timeout=0, batch_script=False, cwd=/g/g20/eljurf1/weave_demos/ball_bounce/03_simulation_ensembles/themis_ensembles/ensemble/ens_26/32/.)
/g/g20/eljurf1/weave_demos/ball_bounce/03_simulation_ensembles/themis_ensembles/ensemble/ens_26/32/.
source/executors.py submit
Step(args=['/g/g20/eljurf1/weave_demos/ball_bounce/dist/ball_bounce', '--input_deck', 'input_deck'], tasks=1, cores_per_task=1, gpus_per_task=0, timeout=0, batch_script=False, cwd=/g/g20/eljurf1/weave_demos/ball_bounce/03_simulation_ensembles/themis_ensembles/ensemble/ens_26/33/.)
/g/g20/eljurf1/weave_demos/ball_bounce/03_simulation_ensembles/themis_ensembles/ensemble/ens_26/33/.
THEMIS - INFO - 2023-01-24 18:59:33,245 - Launching run 33
source/executors.py submitTHEMIS - INFO - 2023-01-24 18:59:33,258 - Launching run 34

Step(args=['/g/g20/eljurf1/weave_demos/ball_bounce/dist/ball_bounce', '--input_deck', 'input_deck'], tasks=1, cores_per_task=1, gpus_per_task=0, timeout=0, batch_script=False, cwd=/g/g20/eljurf1/weave_demos/ball_bounce/03_simulation_ensembles/themis_ensembles/ensemble/ens_26/34/.)
/g/g20/eljurf1/weave_demos/ball_bounce/03_simulation_ensembles/themis_ensembles/ensemble/ens_26/34/.
source/executors.py submitTHEMIS - INFO - 2023-01-24 18:59:33,271 - Launching run 35

Step(args=['/g/g20/eljurf1/weave_demos/ball_bounce/dist/ball_bounce', '--input_deck', 'input_deck'], tasks=1, cores_per_task=1, gpus_per_task=0, timeout=0, batch_script=False, cwd=/g/g20/eljurf1/weave_demos/ball_bounce/03_simulation_ensembles/themis_ensembles/ensemble/ens_26/35/.)
/g/g20/eljurf1/weave_demos/ball_bounce/03_simulation_ensembles/themis_ensembles/ensemble/ens_26/35/.
source/executors.py submitTHEMIS - INFO - 2023-01-24 18:59:33,285 - Launching run 36

Step(args=['/g/g20/eljurf1/weave_demos/ball_bounce/dist/ball_bounce', '--input_deck', 'input_deck'], tasks=1, cores_per_task=1, gpus_per_task=0, timeout=0, batch_script=False, cwd=/g/g20/eljurf1/weave_demos/ball_bounce/03_simulation_ensembles/themis_ensembles/ensemble/ens_26/36/.)
/g/g20/eljurf1/weave_demos/ball_bounce/03_simulation_ensembles/themis_ensembles/ensemble/ens_26/36/.
source/executors.py submitTHEMIS - INFO - 2023-01-24 18:59:33,297 - Launching run 37

Step(args=['/g/g20/eljurf1/weave_demos/ball_bounce/dist/ball_bounce', '--input_deck', 'input_deck'], tasks=1, cores_per_task=1, gpus_per_task=0, timeout=0, batch_script=False, cwd=/g/g20/eljurf1/weave_demos/ball_bounce/03_simulation_ensembles/themis_ensembles/ensemble/ens_26/37/.)
/g/g20/eljurf1/weave_demos/ball_bounce/03_simulation_ensembles/themis_ensembles/ensemble/ens_26/37/.
source/executors.py submitTHEMIS - INFO - 2023-01-24 18:59:33,311 - Launching run 38

Step(args=['/g/g20/eljurf1/weave_demos/ball_bounce/dist/ball_bounce', '--input_deck', 'input_deck'], tasks=1, cores_per_task=1, gpus_per_task=0, timeout=0, batch_script=False, cwd=/g/g20/eljurf1/weave_demos/ball_bounce/03_simulation_ensembles/themis_ensembles/ensemble/ens_26/38/.)
/g/g20/eljurf1/weave_demos/ball_bounce/03_simulation_ensembles/themis_ensembles/ensemble/ens_26/38/.
source/executors.py submitTHEMIS - INFO - 2023-01-24 18:59:33,326 - Launching run 39

Step(args=['/g/g20/eljurf1/weave_demos/ball_bounce/dist/ball_bounce', '--input_deck', 'input_deck'], tasks=1, cores_per_task=1, gpus_per_task=0, timeout=0, batch_script=False, cwd=/g/g20/eljurf1/weave_demos/ball_bounce/03_simulation_ensembles/themis_ensembles/ensemble/ens_26/39/.)
/g/g20/eljurf1/weave_demos/ball_bounce/03_simulation_ensembles/themis_ensembles/ensemble/ens_26/39/.
source/executors.py submitTHEMIS - INFO - 2023-01-24 18:59:33,339 - Launching run 40

Step(args=['/g/g20/eljurf1/weave_demos/ball_bounce/dist/ball_bounce', '--input_deck', 'input_deck'], tasks=1, cores_per_task=1, gpus_per_task=0, timeout=0, batch_script=False, cwd=/g/g20/eljurf1/weave_demos/ball_bounce/03_simulation_ensembles/themis_ensembles/ensemble/ens_26/40/.)
/g/g20/eljurf1/weave_demos/ball_bounce/03_simulation_ensembles/themis_ensembles/ensemble/ens_26/40/.
source/executors.py submitTHEMIS - INFO - 2023-01-24 18:59:33,358 - Launching run 41

Step(args=['/g/g20/eljurf1/weave_demos/ball_bounce/dist/ball_bounce', '--input_deck', 'input_deck'], tasks=1, cores_per_task=1, gpus_per_task=0, timeout=0, batch_script=False, cwd=/g/g20/eljurf1/weave_demos/ball_bounce/03_simulation_ensembles/themis_ensembles/ensemble/ens_26/41/.)
/g/g20/eljurf1/weave_demos/ball_bounce/03_simulation_ensembles/themis_ensembles/ensemble/ens_26/41/.
source/executors.py submitTHEMIS - INFO - 2023-01-24 18:59:33,383 - Launching run 42

Step(args=['/g/g20/eljurf1/weave_demos/ball_bounce/dist/ball_bounce', '--input_deck', 'input_deck'], tasks=1, cores_per_task=1, gpus_per_task=0, timeout=0, batch_script=False, cwd=/g/g20/eljurf1/weave_demos/ball_bounce/03_simulation_ensembles/themis_ensembles/ensemble/ens_26/42/.)
/g/g20/eljurf1/weave_demos/ball_bounce/03_simulation_ensembles/themis_ensembles/ensemble/ens_26/42/.
source/executors.py submitTHEMIS - INFO - 2023-01-24 18:59:33,398 - Launching run 43

Step(args=['/g/g20/eljurf1/weave_demos/ball_bounce/dist/ball_bounce', '--input_deck', 'input_deck'], tasks=1, cores_per_task=1, gpus_per_task=0, timeout=0, batch_script=False, cwd=/g/g20/eljurf1/weave_demos/ball_bounce/03_simulation_ensembles/themis_ensembles/ensemble/ens_26/43/.)
/g/g20/eljurf1/weave_demos/ball_bounce/03_simulation_ensembles/themis_ensembles/ensemble/ens_26/43/.
source/executors.py submitTHEMIS - INFO - 2023-01-24 18:59:33,412 - Launching run 44

Step(args=['/g/g20/eljurf1/weave_demos/ball_bounce/dist/ball_bounce', '--input_deck', 'input_deck'], tasks=1, cores_per_task=1, gpus_per_task=0, timeout=0, batch_script=False, cwd=/g/g20/eljurf1/weave_demos/ball_bounce/03_simulation_ensembles/themis_ensembles/ensemble/ens_26/44/.)
/g/g20/eljurf1/weave_demos/ball_bounce/03_simulation_ensembles/themis_ensembles/ensemble/ens_26/44/.
source/executors.py submitTHEMIS - INFO - 2023-01-24 18:59:33,428 - Launching run 45

Step(args=['/g/g20/eljurf1/weave_demos/ball_bounce/dist/ball_bounce', '--input_deck', 'input_deck'], tasks=1, cores_per_task=1, gpus_per_task=0, timeout=0, batch_script=False, cwd=/g/g20/eljurf1/weave_demos/ball_bounce/03_simulation_ensembles/themis_ensembles/ensemble/ens_26/45/.)
/g/g20/eljurf1/weave_demos/ball_bounce/03_simulation_ensembles/themis_ensembles/ensemble/ens_26/45/.
source/executors.py submitTHEMIS - INFO - 2023-01-24 18:59:33,442 - Launching run 46

Step(args=['/g/g20/eljurf1/weave_demos/ball_bounce/dist/ball_bounce', '--input_deck', 'input_deck'], tasks=1, cores_per_task=1, gpus_per_task=0, timeout=0, batch_script=False, cwd=/g/g20/eljurf1/weave_demos/ball_bounce/03_simulation_ensembles/themis_ensembles/ensemble/ens_26/46/.)
/g/g20/eljurf1/weave_demos/ball_bounce/03_simulation_ensembles/themis_ensembles/ensemble/ens_26/46/.
source/executors.py submitTHEMIS - INFO - 2023-01-24 18:59:33,456 - Launching run 47

Step(args=['/g/g20/eljurf1/weave_demos/ball_bounce/dist/ball_bounce', '--input_deck', 'input_deck'], tasks=1, cores_per_task=1, gpus_per_task=0, timeout=0, batch_script=False, cwd=/g/g20/eljurf1/weave_demos/ball_bounce/03_simulation_ensembles/themis_ensembles/ensemble/ens_26/47/.)
/g/g20/eljurf1/weave_demos/ball_bounce/03_simulation_ensembles/themis_ensembles/ensemble/ens_26/47/.
source/executors.py submitTHEMIS - INFO - 2023-01-24 18:59:33,471 - Launching run 48

Step(args=['/g/g20/eljurf1/weave_demos/ball_bounce/dist/ball_bounce', '--input_deck', 'input_deck'], tasks=1, cores_per_task=1, gpus_per_task=0, timeout=0, batch_script=False, cwd=/g/g20/eljurf1/weave_demos/ball_bounce/03_simulation_ensembles/themis_ensembles/ensemble/ens_26/48/.)
/g/g20/eljurf1/weave_demos/ball_bounce/03_simulation_ensembles/themis_ensembles/ensemble/ens_26/48/.
source/executors.py submitTHEMIS - INFO - 2023-01-24 18:59:33,488 - Launching run 49

Step(args=['/g/g20/eljurf1/weave_demos/ball_bounce/dist/ball_bounce', '--input_deck', 'input_deck'], tasks=1, cores_per_task=1, gpus_per_task=0, timeout=0, batch_script=False, cwd=/g/g20/eljurf1/weave_demos/ball_bounce/03_simulation_ensembles/themis_ensembles/ensemble/ens_26/49/.)
/g/g20/eljurf1/weave_demos/ball_bounce/03_simulation_ensembles/themis_ensembles/ensemble/ens_26/49/.
source/executors.py submit
THEMIS - INFO - 2023-01-24 18:59:33,505 - Launching run 50
Step(args=['/g/g20/eljurf1/weave_demos/ball_bounce/dist/ball_bounce', '--input_deck', 'input_deck'], tasks=1, cores_per_task=1, gpus_per_task=0, timeout=0, batch_script=False, cwd=/g/g20/eljurf1/weave_demos/ball_bounce/03_simulation_ensembles/themis_ensembles/ensemble/ens_26/50/.)
/g/g20/eljurf1/weave_demos/ball_bounce/03_simulation_ensembles/themis_ensembles/ensemble/ens_26/50/.
source/executors.py submitTHEMIS - INFO - 2023-01-24 18:59:33,518 - Launching run 51

Step(args=['/g/g20/eljurf1/weave_demos/ball_bounce/dist/ball_bounce', '--input_deck', 'input_deck'], tasks=1, cores_per_task=1, gpus_per_task=0, timeout=0, batch_script=False, cwd=/g/g20/eljurf1/weave_demos/ball_bounce/03_simulation_ensembles/themis_ensembles/ensemble/ens_26/51/.)
/g/g20/eljurf1/weave_demos/ball_bounce/03_simulation_ensembles/themis_ensembles/ensemble/ens_26/51/.
source/executors.py submitTHEMIS - INFO - 2023-01-24 18:59:33,535 - Launching run 52

Step(args=['/g/g20/eljurf1/weave_demos/ball_bounce/dist/ball_bounce', '--input_deck', 'input_deck'], tasks=1, cores_per_task=1, gpus_per_task=0, timeout=0, batch_script=False, cwd=/g/g20/eljurf1/weave_demos/ball_bounce/03_simulation_ensembles/themis_ensembles/ensemble/ens_26/52/.)
/g/g20/eljurf1/weave_demos/ball_bounce/03_simulation_ensembles/themis_ensembles/ensemble/ens_26/52/.
source/executors.py submit
Step(args=['/g/g20/eljurf1/weave_demos/ball_bounce/dist/ball_bounce', '--input_deck', 'input_deck'], tasks=1, cores_per_task=1, gpus_per_task=0, timeout=0, batch_script=False, cwd=/g/g20/eljurf1/weave_demos/ball_bounce/03_simulation_ensembles/themis_ensembles/ensemble/ens_26/53/.)THEMIS - INFO - 2023-01-24 18:59:33,550 - Launching run 53

/g/g20/eljurf1/weave_demos/ball_bounce/03_simulation_ensembles/themis_ensembles/ensemble/ens_26/53/.
source/executors.py submitTHEMIS - INFO - 2023-01-24 18:59:33,565 - Launching run 54

Step(args=['/g/g20/eljurf1/weave_demos/ball_bounce/dist/ball_bounce', '--input_deck', 'input_deck'], tasks=1, cores_per_task=1, gpus_per_task=0, timeout=0, batch_script=False, cwd=/g/g20/eljurf1/weave_demos/ball_bounce/03_simulation_ensembles/themis_ensembles/ensemble/ens_26/54/.)
/g/g20/eljurf1/weave_demos/ball_bounce/03_simulation_ensembles/themis_ensembles/ensemble/ens_26/54/.
source/executors.py submitTHEMIS - INFO - 2023-01-24 18:59:33,580 - Launching run 55

Step(args=['/g/g20/eljurf1/weave_demos/ball_bounce/dist/ball_bounce', '--input_deck', 'input_deck'], tasks=1, cores_per_task=1, gpus_per_task=0, timeout=0, batch_script=False, cwd=/g/g20/eljurf1/weave_demos/ball_bounce/03_simulation_ensembles/themis_ensembles/ensemble/ens_26/55/.)
/g/g20/eljurf1/weave_demos/ball_bounce/03_simulation_ensembles/themis_ensembles/ensemble/ens_26/55/.
source/executors.py submitTHEMIS - INFO - 2023-01-24 18:59:33,593 - Launching run 56

Step(args=['/g/g20/eljurf1/weave_demos/ball_bounce/dist/ball_bounce', '--input_deck', 'input_deck'], tasks=1, cores_per_task=1, gpus_per_task=0, timeout=0, batch_script=False, cwd=/g/g20/eljurf1/weave_demos/ball_bounce/03_simulation_ensembles/themis_ensembles/ensemble/ens_26/56/.)
/g/g20/eljurf1/weave_demos/ball_bounce/03_simulation_ensembles/themis_ensembles/ensemble/ens_26/56/.
source/executors.py submit
THEMIS - INFO - 2023-01-24 18:59:33,606 - Launching run 57
Step(args=['/g/g20/eljurf1/weave_demos/ball_bounce/dist/ball_bounce', '--input_deck', 'input_deck'], tasks=1, cores_per_task=1, gpus_per_task=0, timeout=0, batch_script=False, cwd=/g/g20/eljurf1/weave_demos/ball_bounce/03_simulation_ensembles/themis_ensembles/ensemble/ens_26/57/.)
/g/g20/eljurf1/weave_demos/ball_bounce/03_simulation_ensembles/themis_ensembles/ensemble/ens_26/57/.
source/executors.py submit
Step(args=['/g/g20/eljurf1/weave_demos/ball_bounce/dist/ball_bounce', '--input_deck', 'input_deck'], tasks=1, cores_per_task=1, gpus_per_task=0, timeout=0, batch_script=False, cwd=/g/g20/eljurf1/weave_demos/ball_bounce/03_simulation_ensembles/themis_ensembles/ensemble/ens_26/58/.)
/g/g20/eljurf1/weave_demos/ball_bounce/03_simulation_ensembles/themis_ensembles/ensemble/ens_26/58/.
THEMIS - INFO - 2023-01-24 18:59:33,620 - Launching run 58
source/executors.py submitTHEMIS - INFO - 2023-01-24 18:59:33,633 - Launching run 59

Step(args=['/g/g20/eljurf1/weave_demos/ball_bounce/dist/ball_bounce', '--input_deck', 'input_deck'], tasks=1, cores_per_task=1, gpus_per_task=0, timeout=0, batch_script=False, cwd=/g/g20/eljurf1/weave_demos/ball_bounce/03_simulation_ensembles/themis_ensembles/ensemble/ens_26/59/.)
/g/g20/eljurf1/weave_demos/ball_bounce/03_simulation_ensembles/themis_ensembles/ensemble/ens_26/59/.
source/executors.py submitTHEMIS - INFO - 2023-01-24 18:59:33,647 - Launching run 60

Step(args=['/g/g20/eljurf1/weave_demos/ball_bounce/dist/ball_bounce', '--input_deck', 'input_deck'], tasks=1, cores_per_task=1, gpus_per_task=0, timeout=0, batch_script=False, cwd=/g/g20/eljurf1/weave_demos/ball_bounce/03_simulation_ensembles/themis_ensembles/ensemble/ens_26/60/.)
/g/g20/eljurf1/weave_demos/ball_bounce/03_simulation_ensembles/themis_ensembles/ensemble/ens_26/60/.
source/executors.py submitTHEMIS - INFO - 2023-01-24 18:59:33,662 - Launching run 61

Step(args=['/g/g20/eljurf1/weave_demos/ball_bounce/dist/ball_bounce', '--input_deck', 'input_deck'], tasks=1, cores_per_task=1, gpus_per_task=0, timeout=0, batch_script=False, cwd=/g/g20/eljurf1/weave_demos/ball_bounce/03_simulation_ensembles/themis_ensembles/ensemble/ens_26/61/.)
/g/g20/eljurf1/weave_demos/ball_bounce/03_simulation_ensembles/themis_ensembles/ensemble/ens_26/61/.
source/executors.py submit
Step(args=['/g/g20/eljurf1/weave_demos/ball_bounce/dist/ball_bounce', '--input_deck', 'input_deck'], tasks=1, cores_per_task=1, gpus_per_task=0, timeout=0, batch_script=False, cwd=/g/g20/eljurf1/weave_demos/ball_bounce/03_simulation_ensembles/themis_ensembles/ensemble/ens_26/62/.)
THEMIS - INFO - 2023-01-24 18:59:33,677 - Launching run 62
/g/g20/eljurf1/weave_demos/ball_bounce/03_simulation_ensembles/themis_ensembles/ensemble/ens_26/62/.
source/executors.py submit
THEMIS - INFO - 2023-01-24 18:59:33,692 - Launching run 63
Step(args=['/g/g20/eljurf1/weave_demos/ball_bounce/dist/ball_bounce', '--input_deck', 'input_deck'], tasks=1, cores_per_task=1, gpus_per_task=0, timeout=0, batch_script=False, cwd=/g/g20/eljurf1/weave_demos/ball_bounce/03_simulation_ensembles/themis_ensembles/ensemble/ens_26/63/.)
/g/g20/eljurf1/weave_demos/ball_bounce/03_simulation_ensembles/themis_ensembles/ensemble/ens_26/63/.
source/executors.py submitTHEMIS - INFO - 2023-01-24 18:59:33,708 - Launching run 64

Step(args=['/g/g20/eljurf1/weave_demos/ball_bounce/dist/ball_bounce', '--input_deck', 'input_deck'], tasks=1, cores_per_task=1, gpus_per_task=0, timeout=0, batch_script=False, cwd=/g/g20/eljurf1/weave_demos/ball_bounce/03_simulation_ensembles/themis_ensembles/ensemble/ens_26/64/.)
/g/g20/eljurf1/weave_demos/ball_bounce/03_simulation_ensembles/themis_ensembles/ensemble/ens_26/64/.
source/executors.py submitTHEMIS - INFO - 2023-01-24 18:59:33,724 - Launching run 65

Step(args=['/g/g20/eljurf1/weave_demos/ball_bounce/dist/ball_bounce', '--input_deck', 'input_deck'], tasks=1, cores_per_task=1, gpus_per_task=0, timeout=0, batch_script=False, cwd=/g/g20/eljurf1/weave_demos/ball_bounce/03_simulation_ensembles/themis_ensembles/ensemble/ens_26/65/.)
/g/g20/eljurf1/weave_demos/ball_bounce/03_simulation_ensembles/themis_ensembles/ensemble/ens_26/65/.
source/executors.py submitTHEMIS - INFO - 2023-01-24 18:59:33,735 - Launching run 66

Step(args=['/g/g20/eljurf1/weave_demos/ball_bounce/dist/ball_bounce', '--input_deck', 'input_deck'], tasks=1, cores_per_task=1, gpus_per_task=0, timeout=0, batch_script=False, cwd=/g/g20/eljurf1/weave_demos/ball_bounce/03_simulation_ensembles/themis_ensembles/ensemble/ens_26/66/.)
/g/g20/eljurf1/weave_demos/ball_bounce/03_simulation_ensembles/themis_ensembles/ensemble/ens_26/66/.
source/executors.py submitTHEMIS - INFO - 2023-01-24 18:59:33,751 - Launching run 67

Step(args=['/g/g20/eljurf1/weave_demos/ball_bounce/dist/ball_bounce', '--input_deck', 'input_deck'], tasks=1, cores_per_task=1, gpus_per_task=0, timeout=0, batch_script=False, cwd=/g/g20/eljurf1/weave_demos/ball_bounce/03_simulation_ensembles/themis_ensembles/ensemble/ens_26/67/.)
/g/g20/eljurf1/weave_demos/ball_bounce/03_simulation_ensembles/themis_ensembles/ensemble/ens_26/67/.
source/executors.py submitTHEMIS - INFO - 2023-01-24 18:59:33,769 - Launching run 68

Step(args=['/g/g20/eljurf1/weave_demos/ball_bounce/dist/ball_bounce', '--input_deck', 'input_deck'], tasks=1, cores_per_task=1, gpus_per_task=0, timeout=0, batch_script=False, cwd=/g/g20/eljurf1/weave_demos/ball_bounce/03_simulation_ensembles/themis_ensembles/ensemble/ens_26/68/.)
/g/g20/eljurf1/weave_demos/ball_bounce/03_simulation_ensembles/themis_ensembles/ensemble/ens_26/68/.
source/executors.py submitTHEMIS - INFO - 2023-01-24 18:59:33,784 - Launching run 69

Step(args=['/g/g20/eljurf1/weave_demos/ball_bounce/dist/ball_bounce', '--input_deck', 'input_deck'], tasks=1, cores_per_task=1, gpus_per_task=0, timeout=0, batch_script=False, cwd=/g/g20/eljurf1/weave_demos/ball_bounce/03_simulation_ensembles/themis_ensembles/ensemble/ens_26/69/.)
/g/g20/eljurf1/weave_demos/ball_bounce/03_simulation_ensembles/themis_ensembles/ensemble/ens_26/69/.
source/executors.py submitTHEMIS - INFO - 2023-01-24 18:59:33,797 - Launching run 70

Step(args=['/g/g20/eljurf1/weave_demos/ball_bounce/dist/ball_bounce', '--input_deck', 'input_deck'], tasks=1, cores_per_task=1, gpus_per_task=0, timeout=0, batch_script=False, cwd=/g/g20/eljurf1/weave_demos/ball_bounce/03_simulation_ensembles/themis_ensembles/ensemble/ens_26/70/.)
/g/g20/eljurf1/weave_demos/ball_bounce/03_simulation_ensembles/themis_ensembles/ensemble/ens_26/70/.
source/executors.py submit
THEMIS - INFO - 2023-01-24 18:59:33,811 - Launching run 71
Step(args=['/g/g20/eljurf1/weave_demos/ball_bounce/dist/ball_bounce', '--input_deck', 'input_deck'], tasks=1, cores_per_task=1, gpus_per_task=0, timeout=0, batch_script=False, cwd=/g/g20/eljurf1/weave_demos/ball_bounce/03_simulation_ensembles/themis_ensembles/ensemble/ens_26/71/.)
/g/g20/eljurf1/weave_demos/ball_bounce/03_simulation_ensembles/themis_ensembles/ensemble/ens_26/71/.
source/executors.py submit
Step(args=['/g/g20/eljurf1/weave_demos/ball_bounce/dist/ball_bounce', '--input_deck', 'input_deck'], tasks=1, cores_per_task=1, gpus_per_task=0, timeout=0, batch_script=False, cwd=/g/g20/eljurf1/weave_demos/ball_bounce/03_simulation_ensembles/themis_ensembles/ensemble/ens_26/72/.)
THEMIS - INFO - 2023-01-24 18:59:33,827 - Launching run 72
/g/g20/eljurf1/weave_demos/ball_bounce/03_simulation_ensembles/themis_ensembles/ensemble/ens_26/72/.
source/executors.py submitTHEMIS - INFO - 2023-01-24 18:59:33,840 - Launching run 73

Step(args=['/g/g20/eljurf1/weave_demos/ball_bounce/dist/ball_bounce', '--input_deck', 'input_deck'], tasks=1, cores_per_task=1, gpus_per_task=0, timeout=0, batch_script=False, cwd=/g/g20/eljurf1/weave_demos/ball_bounce/03_simulation_ensembles/themis_ensembles/ensemble/ens_26/73/.)
/g/g20/eljurf1/weave_demos/ball_bounce/03_simulation_ensembles/themis_ensembles/ensemble/ens_26/73/.
source/executors.py submitTHEMIS - INFO - 2023-01-24 18:59:33,853 - Launching run 74

Step(args=['/g/g20/eljurf1/weave_demos/ball_bounce/dist/ball_bounce', '--input_deck', 'input_deck'], tasks=1, cores_per_task=1, gpus_per_task=0, timeout=0, batch_script=False, cwd=/g/g20/eljurf1/weave_demos/ball_bounce/03_simulation_ensembles/themis_ensembles/ensemble/ens_26/74/.)
/g/g20/eljurf1/weave_demos/ball_bounce/03_simulation_ensembles/themis_ensembles/ensemble/ens_26/74/.
source/executors.py submitTHEMIS - INFO - 2023-01-24 18:59:33,869 - Launching run 75

Step(args=['/g/g20/eljurf1/weave_demos/ball_bounce/dist/ball_bounce', '--input_deck', 'input_deck'], tasks=1, cores_per_task=1, gpus_per_task=0, timeout=0, batch_script=False, cwd=/g/g20/eljurf1/weave_demos/ball_bounce/03_simulation_ensembles/themis_ensembles/ensemble/ens_26/75/.)
/g/g20/eljurf1/weave_demos/ball_bounce/03_simulation_ensembles/themis_ensembles/ensemble/ens_26/75/.
source/executors.py submitTHEMIS - INFO - 2023-01-24 18:59:33,883 - Launching run 76

Step(args=['/g/g20/eljurf1/weave_demos/ball_bounce/dist/ball_bounce', '--input_deck', 'input_deck'], tasks=1, cores_per_task=1, gpus_per_task=0, timeout=0, batch_script=False, cwd=/g/g20/eljurf1/weave_demos/ball_bounce/03_simulation_ensembles/themis_ensembles/ensemble/ens_26/76/.)
/g/g20/eljurf1/weave_demos/ball_bounce/03_simulation_ensembles/themis_ensembles/ensemble/ens_26/76/.
source/executors.py submitTHEMIS - INFO - 2023-01-24 18:59:33,898 - Launching run 77

Step(args=['/g/g20/eljurf1/weave_demos/ball_bounce/dist/ball_bounce', '--input_deck', 'input_deck'], tasks=1, cores_per_task=1, gpus_per_task=0, timeout=0, batch_script=False, cwd=/g/g20/eljurf1/weave_demos/ball_bounce/03_simulation_ensembles/themis_ensembles/ensemble/ens_26/77/.)
/g/g20/eljurf1/weave_demos/ball_bounce/03_simulation_ensembles/themis_ensembles/ensemble/ens_26/77/.
source/executors.py submitTHEMIS - INFO - 2023-01-24 18:59:33,910 - Launching run 78

Step(args=['/g/g20/eljurf1/weave_demos/ball_bounce/dist/ball_bounce', '--input_deck', 'input_deck'], tasks=1, cores_per_task=1, gpus_per_task=0, timeout=0, batch_script=False, cwd=/g/g20/eljurf1/weave_demos/ball_bounce/03_simulation_ensembles/themis_ensembles/ensemble/ens_26/78/.)
/g/g20/eljurf1/weave_demos/ball_bounce/03_simulation_ensembles/themis_ensembles/ensemble/ens_26/78/.
source/executors.py submitTHEMIS - INFO - 2023-01-24 18:59:33,924 - Launching run 79

Step(args=['/g/g20/eljurf1/weave_demos/ball_bounce/dist/ball_bounce', '--input_deck', 'input_deck'], tasks=1, cores_per_task=1, gpus_per_task=0, timeout=0, batch_script=False, cwd=/g/g20/eljurf1/weave_demos/ball_bounce/03_simulation_ensembles/themis_ensembles/ensemble/ens_26/79/.)
/g/g20/eljurf1/weave_demos/ball_bounce/03_simulation_ensembles/themis_ensembles/ensemble/ens_26/79/.
source/executors.py submit
THEMIS - INFO - 2023-01-24 18:59:33,940 - Launching run 80
Step(args=['/g/g20/eljurf1/weave_demos/ball_bounce/dist/ball_bounce', '--input_deck', 'input_deck'], tasks=1, cores_per_task=1, gpus_per_task=0, timeout=0, batch_script=False, cwd=/g/g20/eljurf1/weave_demos/ball_bounce/03_simulation_ensembles/themis_ensembles/ensemble/ens_26/80/.)
/g/g20/eljurf1/weave_demos/ball_bounce/03_simulation_ensembles/themis_ensembles/ensemble/ens_26/80/.
source/executors.py submitTHEMIS - INFO - 2023-01-24 18:59:33,955 - Launching run 81

Step(args=['/g/g20/eljurf1/weave_demos/ball_bounce/dist/ball_bounce', '--input_deck', 'input_deck'], tasks=1, cores_per_task=1, gpus_per_task=0, timeout=0, batch_script=False, cwd=/g/g20/eljurf1/weave_demos/ball_bounce/03_simulation_ensembles/themis_ensembles/ensemble/ens_26/81/.)
/g/g20/eljurf1/weave_demos/ball_bounce/03_simulation_ensembles/themis_ensembles/ensemble/ens_26/81/.
source/executors.py submitTHEMIS - INFO - 2023-01-24 18:59:33,968 - Launching run 82

Step(args=['/g/g20/eljurf1/weave_demos/ball_bounce/dist/ball_bounce', '--input_deck', 'input_deck'], tasks=1, cores_per_task=1, gpus_per_task=0, timeout=0, batch_script=False, cwd=/g/g20/eljurf1/weave_demos/ball_bounce/03_simulation_ensembles/themis_ensembles/ensemble/ens_26/82/.)
/g/g20/eljurf1/weave_demos/ball_bounce/03_simulation_ensembles/themis_ensembles/ensemble/ens_26/82/.
source/executors.py submitTHEMIS - INFO - 2023-01-24 18:59:33,982 - Launching run 83

Step(args=['/g/g20/eljurf1/weave_demos/ball_bounce/dist/ball_bounce', '--input_deck', 'input_deck'], tasks=1, cores_per_task=1, gpus_per_task=0, timeout=0, batch_script=False, cwd=/g/g20/eljurf1/weave_demos/ball_bounce/03_simulation_ensembles/themis_ensembles/ensemble/ens_26/83/.)
/g/g20/eljurf1/weave_demos/ball_bounce/03_simulation_ensembles/themis_ensembles/ensemble/ens_26/83/.
source/executors.py submitTHEMIS - INFO - 2023-01-24 18:59:33,996 - Launching run 84

Step(args=['/g/g20/eljurf1/weave_demos/ball_bounce/dist/ball_bounce', '--input_deck', 'input_deck'], tasks=1, cores_per_task=1, gpus_per_task=0, timeout=0, batch_script=False, cwd=/g/g20/eljurf1/weave_demos/ball_bounce/03_simulation_ensembles/themis_ensembles/ensemble/ens_26/84/.)
/g/g20/eljurf1/weave_demos/ball_bounce/03_simulation_ensembles/themis_ensembles/ensemble/ens_26/84/.
source/executors.py submitTHEMIS - INFO - 2023-01-24 18:59:34,010 - Launching run 85

Step(args=['/g/g20/eljurf1/weave_demos/ball_bounce/dist/ball_bounce', '--input_deck', 'input_deck'], tasks=1, cores_per_task=1, gpus_per_task=0, timeout=0, batch_script=False, cwd=/g/g20/eljurf1/weave_demos/ball_bounce/03_simulation_ensembles/themis_ensembles/ensemble/ens_26/85/.)
/g/g20/eljurf1/weave_demos/ball_bounce/03_simulation_ensembles/themis_ensembles/ensemble/ens_26/85/.
source/executors.py submitTHEMIS - INFO - 2023-01-24 18:59:34,025 - Launching run 86

Step(args=['/g/g20/eljurf1/weave_demos/ball_bounce/dist/ball_bounce', '--input_deck', 'input_deck'], tasks=1, cores_per_task=1, gpus_per_task=0, timeout=0, batch_script=False, cwd=/g/g20/eljurf1/weave_demos/ball_bounce/03_simulation_ensembles/themis_ensembles/ensemble/ens_26/86/.)
/g/g20/eljurf1/weave_demos/ball_bounce/03_simulation_ensembles/themis_ensembles/ensemble/ens_26/86/.
source/executors.py submitTHEMIS - INFO - 2023-01-24 18:59:34,039 - Launching run 87

Step(args=['/g/g20/eljurf1/weave_demos/ball_bounce/dist/ball_bounce', '--input_deck', 'input_deck'], tasks=1, cores_per_task=1, gpus_per_task=0, timeout=0, batch_script=False, cwd=/g/g20/eljurf1/weave_demos/ball_bounce/03_simulation_ensembles/themis_ensembles/ensemble/ens_26/87/.)
/g/g20/eljurf1/weave_demos/ball_bounce/03_simulation_ensembles/themis_ensembles/ensemble/ens_26/87/.
source/executors.py submit
Step(args=['/g/g20/eljurf1/weave_demos/ball_bounce/dist/ball_bounce', '--input_deck', 'input_deck'], tasks=1, cores_per_task=1, gpus_per_task=0, timeout=0, batch_script=False, cwd=/g/g20/eljurf1/weave_demos/ball_bounce/03_simulation_ensembles/themis_ensembles/ensemble/ens_26/88/.)
/g/g20/eljurf1/weave_demos/ball_bounce/03_simulation_ensembles/themis_ensembles/ensemble/ens_26/88/.
THEMIS - INFO - 2023-01-24 18:59:34,052 - Launching run 88
source/executors.py submitTHEMIS - INFO - 2023-01-24 18:59:34,067 - Launching run 89

Step(args=['/g/g20/eljurf1/weave_demos/ball_bounce/dist/ball_bounce', '--input_deck', 'input_deck'], tasks=1, cores_per_task=1, gpus_per_task=0, timeout=0, batch_script=False, cwd=/g/g20/eljurf1/weave_demos/ball_bounce/03_simulation_ensembles/themis_ensembles/ensemble/ens_26/89/.)
/g/g20/eljurf1/weave_demos/ball_bounce/03_simulation_ensembles/themis_ensembles/ensemble/ens_26/89/.
source/executors.py submitTHEMIS - INFO - 2023-01-24 18:59:34,081 - Launching run 90

Step(args=['/g/g20/eljurf1/weave_demos/ball_bounce/dist/ball_bounce', '--input_deck', 'input_deck'], tasks=1, cores_per_task=1, gpus_per_task=0, timeout=0, batch_script=False, cwd=/g/g20/eljurf1/weave_demos/ball_bounce/03_simulation_ensembles/themis_ensembles/ensemble/ens_26/90/.)
/g/g20/eljurf1/weave_demos/ball_bounce/03_simulation_ensembles/themis_ensembles/ensemble/ens_26/90/.
source/executors.py submitTHEMIS - INFO - 2023-01-24 18:59:34,095 - Launching run 91

Step(args=['/g/g20/eljurf1/weave_demos/ball_bounce/dist/ball_bounce', '--input_deck', 'input_deck'], tasks=1, cores_per_task=1, gpus_per_task=0, timeout=0, batch_script=False, cwd=/g/g20/eljurf1/weave_demos/ball_bounce/03_simulation_ensembles/themis_ensembles/ensemble/ens_26/91/.)
/g/g20/eljurf1/weave_demos/ball_bounce/03_simulation_ensembles/themis_ensembles/ensemble/ens_26/91/.
source/executors.py submitTHEMIS - INFO - 2023-01-24 18:59:34,111 - Launching run 92

Step(args=['/g/g20/eljurf1/weave_demos/ball_bounce/dist/ball_bounce', '--input_deck', 'input_deck'], tasks=1, cores_per_task=1, gpus_per_task=0, timeout=0, batch_script=False, cwd=/g/g20/eljurf1/weave_demos/ball_bounce/03_simulation_ensembles/themis_ensembles/ensemble/ens_26/92/.)
/g/g20/eljurf1/weave_demos/ball_bounce/03_simulation_ensembles/themis_ensembles/ensemble/ens_26/92/.
source/executors.py submitTHEMIS - INFO - 2023-01-24 18:59:34,126 - Launching run 93

Step(args=['/g/g20/eljurf1/weave_demos/ball_bounce/dist/ball_bounce', '--input_deck', 'input_deck'], tasks=1, cores_per_task=1, gpus_per_task=0, timeout=0, batch_script=False, cwd=/g/g20/eljurf1/weave_demos/ball_bounce/03_simulation_ensembles/themis_ensembles/ensemble/ens_26/93/.)
/g/g20/eljurf1/weave_demos/ball_bounce/03_simulation_ensembles/themis_ensembles/ensemble/ens_26/93/.
source/executors.py submitTHEMIS - INFO - 2023-01-24 18:59:34,139 - Launching run 94

Step(args=['/g/g20/eljurf1/weave_demos/ball_bounce/dist/ball_bounce', '--input_deck', 'input_deck'], tasks=1, cores_per_task=1, gpus_per_task=0, timeout=0, batch_script=False, cwd=/g/g20/eljurf1/weave_demos/ball_bounce/03_simulation_ensembles/themis_ensembles/ensemble/ens_26/94/.)
/g/g20/eljurf1/weave_demos/ball_bounce/03_simulation_ensembles/themis_ensembles/ensemble/ens_26/94/.
source/executors.py submitTHEMIS - INFO - 2023-01-24 18:59:34,153 - Launching run 95

Step(args=['/g/g20/eljurf1/weave_demos/ball_bounce/dist/ball_bounce', '--input_deck', 'input_deck'], tasks=1, cores_per_task=1, gpus_per_task=0, timeout=0, batch_script=False, cwd=/g/g20/eljurf1/weave_demos/ball_bounce/03_simulation_ensembles/themis_ensembles/ensemble/ens_26/95/.)
/g/g20/eljurf1/weave_demos/ball_bounce/03_simulation_ensembles/themis_ensembles/ensemble/ens_26/95/.
source/executors.py submitTHEMIS - INFO - 2023-01-24 18:59:34,168 - Launching run 96

Step(args=['/g/g20/eljurf1/weave_demos/ball_bounce/dist/ball_bounce', '--input_deck', 'input_deck'], tasks=1, cores_per_task=1, gpus_per_task=0, timeout=0, batch_script=False, cwd=/g/g20/eljurf1/weave_demos/ball_bounce/03_simulation_ensembles/themis_ensembles/ensemble/ens_26/96/.)
/g/g20/eljurf1/weave_demos/ball_bounce/03_simulation_ensembles/themis_ensembles/ensemble/ens_26/96/.
source/executors.py submitTHEMIS - INFO - 2023-01-24 18:59:34,181 - Launching run 97

Step(args=['/g/g20/eljurf1/weave_demos/ball_bounce/dist/ball_bounce', '--input_deck', 'input_deck'], tasks=1, cores_per_task=1, gpus_per_task=0, timeout=0, batch_script=False, cwd=/g/g20/eljurf1/weave_demos/ball_bounce/03_simulation_ensembles/themis_ensembles/ensemble/ens_26/97/.)
/g/g20/eljurf1/weave_demos/ball_bounce/03_simulation_ensembles/themis_ensembles/ensemble/ens_26/97/.
source/executors.py submitTHEMIS - INFO - 2023-01-24 18:59:34,197 - Launching run 98

Step(args=['/g/g20/eljurf1/weave_demos/ball_bounce/dist/ball_bounce', '--input_deck', 'input_deck'], tasks=1, cores_per_task=1, gpus_per_task=0, timeout=0, batch_script=False, cwd=/g/g20/eljurf1/weave_demos/ball_bounce/03_simulation_ensembles/themis_ensembles/ensemble/ens_26/98/.)
/g/g20/eljurf1/weave_demos/ball_bounce/03_simulation_ensembles/themis_ensembles/ensemble/ens_26/98/.
source/executors.py submitTHEMIS - INFO - 2023-01-24 18:59:34,211 - Launching run 99

Step(args=['/g/g20/eljurf1/weave_demos/ball_bounce/dist/ball_bounce', '--input_deck', 'input_deck'], tasks=1, cores_per_task=1, gpus_per_task=0, timeout=0, batch_script=False, cwd=/g/g20/eljurf1/weave_demos/ball_bounce/03_simulation_ensembles/themis_ensembles/ensemble/ens_26/99/.)
/g/g20/eljurf1/weave_demos/ball_bounce/03_simulation_ensembles/themis_ensembles/ensemble/ens_26/99/.
source/executors.py submitTHEMIS - INFO - 2023-01-24 18:59:34,227 - Launching run 100

Step(args=['/g/g20/eljurf1/weave_demos/ball_bounce/dist/ball_bounce', '--input_deck', 'input_deck'], tasks=1, cores_per_task=1, gpus_per_task=0, timeout=0, batch_script=False, cwd=/g/g20/eljurf1/weave_demos/ball_bounce/03_simulation_ensembles/themis_ensembles/ensemble/ens_26/100/.)
/g/g20/eljurf1/weave_demos/ball_bounce/03_simulation_ensembles/themis_ensembles/ensemble/ens_26/100/.
THEMIS - INFO - 2023-01-24 18:59:34,234 - Run 1 completed successfully
THEMIS - INFO - 2023-01-24 18:59:34,235 - Run 2 completed successfully
THEMIS - INFO - 2023-01-24 18:59:34,235 - Run 3 completed successfully
THEMIS - INFO - 2023-01-24 18:59:34,235 - Run 4 completed successfully
THEMIS - INFO - 2023-01-24 18:59:34,235 - Run 5 completed successfully
THEMIS - INFO - 2023-01-24 18:59:34,236 - Run 6 completed successfully
THEMIS - INFO - 2023-01-24 18:59:34,236 - Run 7 completed successfully
THEMIS - INFO - 2023-01-24 18:59:34,236 - Run 8 completed successfully
THEMIS - INFO - 2023-01-24 18:59:34,236 - Run 9 completed successfully
THEMIS - INFO - 2023-01-24 18:59:34,236 - Run 10 completed successfully
THEMIS - INFO - 2023-01-24 18:59:34,236 - Run 11 completed successfully
THEMIS - INFO - 2023-01-24 18:59:34,236 - Run 12 completed successfully
THEMIS - INFO - 2023-01-24 18:59:34,236 - Run 13 completed successfully
THEMIS - INFO - 2023-01-24 18:59:34,494 - Run 14 completed successfully
THEMIS - INFO - 2023-01-24 18:59:35,017 - Run 15 completed successfully
THEMIS - INFO - 2023-01-24 18:59:35,300 - Run 16 completed successfully
THEMIS - INFO - 2023-01-24 18:59:35,942 - Run 17 completed successfully
THEMIS - INFO - 2023-01-24 18:59:36,144 - Run 18 completed successfully
THEMIS - INFO - 2023-01-24 18:59:36,411 - Run 20 completed successfully
THEMIS - INFO - 2023-01-24 18:59:36,600 - Run 19 completed successfully
THEMIS - INFO - 2023-01-24 18:59:36,779 - Run 21 completed successfully
THEMIS - INFO - 2023-01-24 18:59:37,140 - Run 22 completed successfully
THEMIS - INFO - 2023-01-24 18:59:38,471 - Run 23 completed successfully
THEMIS - INFO - 2023-01-24 18:59:38,492 - Run 24 completed successfully
THEMIS - INFO - 2023-01-24 18:59:38,840 - Run 25 completed successfully
THEMIS - INFO - 2023-01-24 18:59:39,376 - Run 26 completed successfully
THEMIS - INFO - 2023-01-24 18:59:41,221 - Run 27 completed successfully
THEMIS - INFO - 2023-01-24 18:59:42,372 - Run 28 completed successfully
THEMIS - INFO - 2023-01-24 18:59:42,848 - Run 29 completed successfully
THEMIS - INFO - 2023-01-24 18:59:43,045 - Run 30 completed successfully
THEMIS - INFO - 2023-01-24 18:59:43,089 - Run 31 completed successfully
THEMIS - INFO - 2023-01-24 18:59:43,649 - Run 32 completed successfully
THEMIS - INFO - 2023-01-24 18:59:43,786 - Run 33 completed successfully
THEMIS - INFO - 2023-01-24 18:59:44,323 - Run 34 completed successfully
THEMIS - INFO - 2023-01-24 18:59:44,432 - Run 35 completed successfully
THEMIS - INFO - 2023-01-24 18:59:44,459 - Run 36 completed successfully
THEMIS - INFO - 2023-01-24 18:59:44,855 - Run 37 completed successfully
THEMIS - INFO - 2023-01-24 18:59:45,090 - Run 38 completed successfully
THEMIS - INFO - 2023-01-24 18:59:45,296 - Run 39 completed successfully
THEMIS - INFO - 2023-01-24 18:59:45,383 - Run 40 completed successfully
THEMIS - INFO - 2023-01-24 18:59:45,822 - Run 41 completed successfully
THEMIS - INFO - 2023-01-24 18:59:47,362 - Run 42 completed successfully
THEMIS - INFO - 2023-01-24 18:59:47,683 - Run 43 completed successfully
THEMIS - INFO - 2023-01-24 18:59:47,835 - Run 44 completed successfully
THEMIS - INFO - 2023-01-24 18:59:48,379 - Run 45 completed successfully
THEMIS - INFO - 2023-01-24 18:59:48,466 - Run 46 completed successfully
THEMIS - INFO - 2023-01-24 18:59:48,769 - Run 47 completed successfully
THEMIS - INFO - 2023-01-24 18:59:48,853 - Run 48 completed successfully
THEMIS - INFO - 2023-01-24 18:59:49,428 - Run 49 completed successfully
THEMIS - INFO - 2023-01-24 18:59:49,779 - Run 50 completed successfully
THEMIS - INFO - 2023-01-24 18:59:49,881 - Run 51 completed successfully
THEMIS - INFO - 2023-01-24 18:59:50,201 - Run 52 completed successfully
THEMIS - INFO - 2023-01-24 18:59:50,700 - Run 53 completed successfully
THEMIS - INFO - 2023-01-24 18:59:50,750 - Run 54 completed successfully
THEMIS - INFO - 2023-01-24 18:59:51,703 - Run 55 completed successfully
THEMIS - INFO - 2023-01-24 18:59:51,946 - Run 56 completed successfully
THEMIS - INFO - 2023-01-24 18:59:52,310 - Run 57 completed successfully
THEMIS - INFO - 2023-01-24 18:59:52,340 - Run 58 completed successfully
THEMIS - INFO - 2023-01-24 18:59:53,449 - Run 60 completed successfully
THEMIS - INFO - 2023-01-24 18:59:53,695 - Run 59 completed successfully
THEMIS - INFO - 2023-01-24 18:59:54,167 - Run 61 completed successfully
THEMIS - INFO - 2023-01-24 18:59:54,331 - Run 62 completed successfully
THEMIS - INFO - 2023-01-24 18:59:55,302 - Run 63 completed successfully
THEMIS - INFO - 2023-01-24 18:59:55,812 - Run 64 completed successfully
THEMIS - INFO - 2023-01-24 18:59:56,416 - Run 65 completed successfully
THEMIS - INFO - 2023-01-24 18:59:57,044 - Run 66 completed successfully
THEMIS - INFO - 2023-01-24 18:59:57,076 - Run 67 completed successfully
THEMIS - INFO - 2023-01-24 18:59:57,455 - Run 68 completed successfully
THEMIS - INFO - 2023-01-24 18:59:58,199 - Run 69 completed successfully
THEMIS - INFO - 2023-01-24 18:59:58,300 - Run 70 completed successfully
THEMIS - INFO - 2023-01-24 18:59:58,351 - Run 72 completed successfully
THEMIS - INFO - 2023-01-24 18:59:58,498 - Run 73 completed successfully
THEMIS - INFO - 2023-01-24 18:59:58,577 - Run 71 completed successfully
THEMIS - INFO - 2023-01-24 18:59:59,159 - Run 74 completed successfully
THEMIS - INFO - 2023-01-24 18:59:59,283 - Run 75 completed successfully
THEMIS - INFO - 2023-01-24 18:59:59,543 - Run 76 completed successfully
THEMIS - INFO - 2023-01-24 18:59:59,626 - Run 77 completed successfully
THEMIS - INFO - 2023-01-24 19:00:00,162 - Run 78 completed successfully
THEMIS - INFO - 2023-01-24 19:00:00,663 - Run 80 completed successfully
THEMIS - INFO - 2023-01-24 19:00:00,675 - Run 79 completed successfully
THEMIS - INFO - 2023-01-24 19:00:01,100 - Run 81 completed successfully
THEMIS - INFO - 2023-01-24 19:00:01,195 - Run 82 completed successfully
THEMIS - INFO - 2023-01-24 19:00:01,716 - Run 83 completed successfully
THEMIS - INFO - 2023-01-24 19:00:02,179 - Run 84 completed successfully
THEMIS - DEBUG - 2023-01-24 19:00:02,819 - Killing runs deque([])
THEMIS - INFO - 2023-01-24 19:00:02,906 - Run 85 completed successfully
THEMIS - INFO - 2023-01-24 19:00:03,301 - Run 86 completed successfully
THEMIS - INFO - 2023-01-24 19:00:04,058 - Run 87 completed successfully
THEMIS - INFO - 2023-01-24 19:00:04,584 - Run 88 completed successfully
THEMIS - INFO - 2023-01-24 19:00:04,834 - Run 89 completed successfully
THEMIS - INFO - 2023-01-24 19:00:05,068 - Run 90 completed successfully
THEMIS - INFO - 2023-01-24 19:00:05,104 - Run 91 completed successfully
THEMIS - INFO - 2023-01-24 19:00:05,292 - Run 92 completed successfully
THEMIS - INFO - 2023-01-24 19:00:05,551 - Run 93 completed successfully
THEMIS - INFO - 2023-01-24 19:00:06,089 - Run 95 completed successfully
THEMIS - INFO - 2023-01-24 19:00:06,227 - Run 96 completed successfully
THEMIS - INFO - 2023-01-24 19:00:06,240 - Run 97 completed successfully
THEMIS - INFO - 2023-01-24 19:00:06,302 - Run 94 completed successfully
THEMIS - INFO - 2023-01-24 19:00:07,286 - Run 98 completed successfully
THEMIS - INFO - 2023-01-24 19:00:07,928 - Run 99 completed successfully
THEMIS - INFO - 2023-01-24 19:00:08,087 - Run 100 completed successfully
THEMIS - INFO - 2023-01-24 19:00:08,167 - Ensemble complete. Shutting down and exiting...
THEMIS - INFO - 2023-01-24 19:00:08,658 - Exited cleanly.
