THEMIS - INFO - 2023-01-24 19:05:36,044 - Worker starting...
THEMIS - INFO - 2023-01-24 19:05:36,044 - Received args Namespace(id='0', max_concurrency=100, server_args=['192.168.128.83', '34297'], setup_dir='/g/g20/eljurf1/weave_demos/ball_bounce/03_simulation_ensembles/themis_ensembles/setup/.ens_33_setup')
THEMIS - INFO - 2023-01-24 19:05:36,045 - Maximum concurrent runs: 100
THEMIS - INFO - 2023-01-24 19:05:36,048 - Using database: BackendClient(<ssl.SSLContext object at 0x2aaab0a4fa08>, '192.168.128.83', 34297)
THEMIS - DEBUG - 2023-01-24 19:05:36,062 - Using resource manager Slurm()
THEMIS - INFO - 2023-01-24 19:05:41,021 - Beginning to submit runs.
THEMIS - INFO - 2023-01-24 19:05:41,021 - Server listening on ('192.168.128.83', '45996')
source/executors.py submitTHEMIS - INFO - 2023-01-24 19:05:41,036 - Launching run 1

Step(args=['/g/g20/eljurf1/weave_demos/ball_bounce/dist/ball_bounce', '--input_deck', 'input_deck'], tasks=1, cores_per_task=1, gpus_per_task=0, timeout=0, batch_script=False, cwd=/g/g20/eljurf1/weave_demos/ball_bounce/03_simulation_ensembles/themis_ensembles/ensemble/ens_33/1/.)
/g/g20/eljurf1/weave_demos/ball_bounce/03_simulation_ensembles/themis_ensembles/ensemble/ens_33/1/.
source/executors.py submitTHEMIS - INFO - 2023-01-24 19:05:41,050 - Launching run 2

Step(args=['/g/g20/eljurf1/weave_demos/ball_bounce/dist/ball_bounce', '--input_deck', 'input_deck'], tasks=1, cores_per_task=1, gpus_per_task=0, timeout=0, batch_script=False, cwd=/g/g20/eljurf1/weave_demos/ball_bounce/03_simulation_ensembles/themis_ensembles/ensemble/ens_33/2/.)
/g/g20/eljurf1/weave_demos/ball_bounce/03_simulation_ensembles/themis_ensembles/ensemble/ens_33/2/.
source/executors.py submitTHEMIS - INFO - 2023-01-24 19:05:41,066 - Launching run 3

Step(args=['/g/g20/eljurf1/weave_demos/ball_bounce/dist/ball_bounce', '--input_deck', 'input_deck'], tasks=1, cores_per_task=1, gpus_per_task=0, timeout=0, batch_script=False, cwd=/g/g20/eljurf1/weave_demos/ball_bounce/03_simulation_ensembles/themis_ensembles/ensemble/ens_33/3/.)
/g/g20/eljurf1/weave_demos/ball_bounce/03_simulation_ensembles/themis_ensembles/ensemble/ens_33/3/.
source/executors.py submitTHEMIS - INFO - 2023-01-24 19:05:41,081 - Launching run 4

Step(args=['/g/g20/eljurf1/weave_demos/ball_bounce/dist/ball_bounce', '--input_deck', 'input_deck'], tasks=1, cores_per_task=1, gpus_per_task=0, timeout=0, batch_script=False, cwd=/g/g20/eljurf1/weave_demos/ball_bounce/03_simulation_ensembles/themis_ensembles/ensemble/ens_33/4/.)
/g/g20/eljurf1/weave_demos/ball_bounce/03_simulation_ensembles/themis_ensembles/ensemble/ens_33/4/.
source/executors.py submitTHEMIS - INFO - 2023-01-24 19:05:41,093 - Launching run 5

Step(args=['/g/g20/eljurf1/weave_demos/ball_bounce/dist/ball_bounce', '--input_deck', 'input_deck'], tasks=1, cores_per_task=1, gpus_per_task=0, timeout=0, batch_script=False, cwd=/g/g20/eljurf1/weave_demos/ball_bounce/03_simulation_ensembles/themis_ensembles/ensemble/ens_33/5/.)
/g/g20/eljurf1/weave_demos/ball_bounce/03_simulation_ensembles/themis_ensembles/ensemble/ens_33/5/.
source/executors.py submitTHEMIS - INFO - 2023-01-24 19:05:41,107 - Launching run 6

Step(args=['/g/g20/eljurf1/weave_demos/ball_bounce/dist/ball_bounce', '--input_deck', 'input_deck'], tasks=1, cores_per_task=1, gpus_per_task=0, timeout=0, batch_script=False, cwd=/g/g20/eljurf1/weave_demos/ball_bounce/03_simulation_ensembles/themis_ensembles/ensemble/ens_33/6/.)
/g/g20/eljurf1/weave_demos/ball_bounce/03_simulation_ensembles/themis_ensembles/ensemble/ens_33/6/.
source/executors.py submitTHEMIS - INFO - 2023-01-24 19:05:41,121 - Launching run 7

Step(args=['/g/g20/eljurf1/weave_demos/ball_bounce/dist/ball_bounce', '--input_deck', 'input_deck'], tasks=1, cores_per_task=1, gpus_per_task=0, timeout=0, batch_script=False, cwd=/g/g20/eljurf1/weave_demos/ball_bounce/03_simulation_ensembles/themis_ensembles/ensemble/ens_33/7/.)
/g/g20/eljurf1/weave_demos/ball_bounce/03_simulation_ensembles/themis_ensembles/ensemble/ens_33/7/.
source/executors.py submitTHEMIS - INFO - 2023-01-24 19:05:41,135 - Launching run 8

Step(args=['/g/g20/eljurf1/weave_demos/ball_bounce/dist/ball_bounce', '--input_deck', 'input_deck'], tasks=1, cores_per_task=1, gpus_per_task=0, timeout=0, batch_script=False, cwd=/g/g20/eljurf1/weave_demos/ball_bounce/03_simulation_ensembles/themis_ensembles/ensemble/ens_33/8/.)
/g/g20/eljurf1/weave_demos/ball_bounce/03_simulation_ensembles/themis_ensembles/ensemble/ens_33/8/.
source/executors.py submitTHEMIS - INFO - 2023-01-24 19:05:41,148 - Launching run 9

Step(args=['/g/g20/eljurf1/weave_demos/ball_bounce/dist/ball_bounce', '--input_deck', 'input_deck'], tasks=1, cores_per_task=1, gpus_per_task=0, timeout=0, batch_script=False, cwd=/g/g20/eljurf1/weave_demos/ball_bounce/03_simulation_ensembles/themis_ensembles/ensemble/ens_33/9/.)
/g/g20/eljurf1/weave_demos/ball_bounce/03_simulation_ensembles/themis_ensembles/ensemble/ens_33/9/.
source/executors.py submitTHEMIS - INFO - 2023-01-24 19:05:41,163 - Launching run 10

Step(args=['/g/g20/eljurf1/weave_demos/ball_bounce/dist/ball_bounce', '--input_deck', 'input_deck'], tasks=1, cores_per_task=1, gpus_per_task=0, timeout=0, batch_script=False, cwd=/g/g20/eljurf1/weave_demos/ball_bounce/03_simulation_ensembles/themis_ensembles/ensemble/ens_33/10/.)
/g/g20/eljurf1/weave_demos/ball_bounce/03_simulation_ensembles/themis_ensembles/ensemble/ens_33/10/.
source/executors.py submitTHEMIS - INFO - 2023-01-24 19:05:41,177 - Launching run 11

Step(args=['/g/g20/eljurf1/weave_demos/ball_bounce/dist/ball_bounce', '--input_deck', 'input_deck'], tasks=1, cores_per_task=1, gpus_per_task=0, timeout=0, batch_script=False, cwd=/g/g20/eljurf1/weave_demos/ball_bounce/03_simulation_ensembles/themis_ensembles/ensemble/ens_33/11/.)
/g/g20/eljurf1/weave_demos/ball_bounce/03_simulation_ensembles/themis_ensembles/ensemble/ens_33/11/.
source/executors.py submitTHEMIS - INFO - 2023-01-24 19:05:41,191 - Launching run 12

Step(args=['/g/g20/eljurf1/weave_demos/ball_bounce/dist/ball_bounce', '--input_deck', 'input_deck'], tasks=1, cores_per_task=1, gpus_per_task=0, timeout=0, batch_script=False, cwd=/g/g20/eljurf1/weave_demos/ball_bounce/03_simulation_ensembles/themis_ensembles/ensemble/ens_33/12/.)
/g/g20/eljurf1/weave_demos/ball_bounce/03_simulation_ensembles/themis_ensembles/ensemble/ens_33/12/.
source/executors.py submitTHEMIS - INFO - 2023-01-24 19:05:41,206 - Launching run 13

Step(args=['/g/g20/eljurf1/weave_demos/ball_bounce/dist/ball_bounce', '--input_deck', 'input_deck'], tasks=1, cores_per_task=1, gpus_per_task=0, timeout=0, batch_script=False, cwd=/g/g20/eljurf1/weave_demos/ball_bounce/03_simulation_ensembles/themis_ensembles/ensemble/ens_33/13/.)
/g/g20/eljurf1/weave_demos/ball_bounce/03_simulation_ensembles/themis_ensembles/ensemble/ens_33/13/.
source/executors.py submitTHEMIS - INFO - 2023-01-24 19:05:41,219 - Launching run 14

Step(args=['/g/g20/eljurf1/weave_demos/ball_bounce/dist/ball_bounce', '--input_deck', 'input_deck'], tasks=1, cores_per_task=1, gpus_per_task=0, timeout=0, batch_script=False, cwd=/g/g20/eljurf1/weave_demos/ball_bounce/03_simulation_ensembles/themis_ensembles/ensemble/ens_33/14/.)
/g/g20/eljurf1/weave_demos/ball_bounce/03_simulation_ensembles/themis_ensembles/ensemble/ens_33/14/.
source/executors.py submitTHEMIS - INFO - 2023-01-24 19:05:41,235 - Launching run 15

Step(args=['/g/g20/eljurf1/weave_demos/ball_bounce/dist/ball_bounce', '--input_deck', 'input_deck'], tasks=1, cores_per_task=1, gpus_per_task=0, timeout=0, batch_script=False, cwd=/g/g20/eljurf1/weave_demos/ball_bounce/03_simulation_ensembles/themis_ensembles/ensemble/ens_33/15/.)
/g/g20/eljurf1/weave_demos/ball_bounce/03_simulation_ensembles/themis_ensembles/ensemble/ens_33/15/.
source/executors.py submitTHEMIS - INFO - 2023-01-24 19:05:41,248 - Launching run 16

Step(args=['/g/g20/eljurf1/weave_demos/ball_bounce/dist/ball_bounce', '--input_deck', 'input_deck'], tasks=1, cores_per_task=1, gpus_per_task=0, timeout=0, batch_script=False, cwd=/g/g20/eljurf1/weave_demos/ball_bounce/03_simulation_ensembles/themis_ensembles/ensemble/ens_33/16/.)
/g/g20/eljurf1/weave_demos/ball_bounce/03_simulation_ensembles/themis_ensembles/ensemble/ens_33/16/.
source/executors.py submitTHEMIS - INFO - 2023-01-24 19:05:41,262 - Launching run 17

Step(args=['/g/g20/eljurf1/weave_demos/ball_bounce/dist/ball_bounce', '--input_deck', 'input_deck'], tasks=1, cores_per_task=1, gpus_per_task=0, timeout=0, batch_script=False, cwd=/g/g20/eljurf1/weave_demos/ball_bounce/03_simulation_ensembles/themis_ensembles/ensemble/ens_33/17/.)
/g/g20/eljurf1/weave_demos/ball_bounce/03_simulation_ensembles/themis_ensembles/ensemble/ens_33/17/.
source/executors.py submitTHEMIS - INFO - 2023-01-24 19:05:41,275 - Launching run 18

Step(args=['/g/g20/eljurf1/weave_demos/ball_bounce/dist/ball_bounce', '--input_deck', 'input_deck'], tasks=1, cores_per_task=1, gpus_per_task=0, timeout=0, batch_script=False, cwd=/g/g20/eljurf1/weave_demos/ball_bounce/03_simulation_ensembles/themis_ensembles/ensemble/ens_33/18/.)
/g/g20/eljurf1/weave_demos/ball_bounce/03_simulation_ensembles/themis_ensembles/ensemble/ens_33/18/.
source/executors.py submit
THEMIS - INFO - 2023-01-24 19:05:41,289 - Launching run 19
Step(args=['/g/g20/eljurf1/weave_demos/ball_bounce/dist/ball_bounce', '--input_deck', 'input_deck'], tasks=1, cores_per_task=1, gpus_per_task=0, timeout=0, batch_script=False, cwd=/g/g20/eljurf1/weave_demos/ball_bounce/03_simulation_ensembles/themis_ensembles/ensemble/ens_33/19/.)
/g/g20/eljurf1/weave_demos/ball_bounce/03_simulation_ensembles/themis_ensembles/ensemble/ens_33/19/.
source/executors.py submitTHEMIS - INFO - 2023-01-24 19:05:41,303 - Launching run 20

Step(args=['/g/g20/eljurf1/weave_demos/ball_bounce/dist/ball_bounce', '--input_deck', 'input_deck'], tasks=1, cores_per_task=1, gpus_per_task=0, timeout=0, batch_script=False, cwd=/g/g20/eljurf1/weave_demos/ball_bounce/03_simulation_ensembles/themis_ensembles/ensemble/ens_33/20/.)
/g/g20/eljurf1/weave_demos/ball_bounce/03_simulation_ensembles/themis_ensembles/ensemble/ens_33/20/.
source/executors.py submit
Step(args=['/g/g20/eljurf1/weave_demos/ball_bounce/dist/ball_bounce', '--input_deck', 'input_deck'], tasks=1, cores_per_task=1, gpus_per_task=0, timeout=0, batch_script=False, cwd=/g/g20/eljurf1/weave_demos/ball_bounce/03_simulation_ensembles/themis_ensembles/ensemble/ens_33/21/.)
/g/g20/eljurf1/weave_demos/ball_bounce/03_simulation_ensembles/themis_ensembles/ensemble/ens_33/21/.
THEMIS - INFO - 2023-01-24 19:05:41,317 - Launching run 21
source/executors.py submit
THEMIS - INFO - 2023-01-24 19:05:41,330 - Launching run 22
Step(args=['/g/g20/eljurf1/weave_demos/ball_bounce/dist/ball_bounce', '--input_deck', 'input_deck'], tasks=1, cores_per_task=1, gpus_per_task=0, timeout=0, batch_script=False, cwd=/g/g20/eljurf1/weave_demos/ball_bounce/03_simulation_ensembles/themis_ensembles/ensemble/ens_33/22/.)
/g/g20/eljurf1/weave_demos/ball_bounce/03_simulation_ensembles/themis_ensembles/ensemble/ens_33/22/.
source/executors.py submitTHEMIS - INFO - 2023-01-24 19:05:41,344 - Launching run 23

Step(args=['/g/g20/eljurf1/weave_demos/ball_bounce/dist/ball_bounce', '--input_deck', 'input_deck'], tasks=1, cores_per_task=1, gpus_per_task=0, timeout=0, batch_script=False, cwd=/g/g20/eljurf1/weave_demos/ball_bounce/03_simulation_ensembles/themis_ensembles/ensemble/ens_33/23/.)
/g/g20/eljurf1/weave_demos/ball_bounce/03_simulation_ensembles/themis_ensembles/ensemble/ens_33/23/.
source/executors.py submitTHEMIS - INFO - 2023-01-24 19:05:41,359 - Launching run 24

Step(args=['/g/g20/eljurf1/weave_demos/ball_bounce/dist/ball_bounce', '--input_deck', 'input_deck'], tasks=1, cores_per_task=1, gpus_per_task=0, timeout=0, batch_script=False, cwd=/g/g20/eljurf1/weave_demos/ball_bounce/03_simulation_ensembles/themis_ensembles/ensemble/ens_33/24/.)
/g/g20/eljurf1/weave_demos/ball_bounce/03_simulation_ensembles/themis_ensembles/ensemble/ens_33/24/.
source/executors.py submitTHEMIS - INFO - 2023-01-24 19:05:41,374 - Launching run 25

Step(args=['/g/g20/eljurf1/weave_demos/ball_bounce/dist/ball_bounce', '--input_deck', 'input_deck'], tasks=1, cores_per_task=1, gpus_per_task=0, timeout=0, batch_script=False, cwd=/g/g20/eljurf1/weave_demos/ball_bounce/03_simulation_ensembles/themis_ensembles/ensemble/ens_33/25/.)
/g/g20/eljurf1/weave_demos/ball_bounce/03_simulation_ensembles/themis_ensembles/ensemble/ens_33/25/.
source/executors.py submitTHEMIS - INFO - 2023-01-24 19:05:41,388 - Launching run 26

Step(args=['/g/g20/eljurf1/weave_demos/ball_bounce/dist/ball_bounce', '--input_deck', 'input_deck'], tasks=1, cores_per_task=1, gpus_per_task=0, timeout=0, batch_script=False, cwd=/g/g20/eljurf1/weave_demos/ball_bounce/03_simulation_ensembles/themis_ensembles/ensemble/ens_33/26/.)
/g/g20/eljurf1/weave_demos/ball_bounce/03_simulation_ensembles/themis_ensembles/ensemble/ens_33/26/.
source/executors.py submit
Step(args=['/g/g20/eljurf1/weave_demos/ball_bounce/dist/ball_bounce', '--input_deck', 'input_deck'], tasks=1, cores_per_task=1, gpus_per_task=0, timeout=0, batch_script=False, cwd=/g/g20/eljurf1/weave_demos/ball_bounce/03_simulation_ensembles/themis_ensembles/ensemble/ens_33/27/.)
/g/g20/eljurf1/weave_demos/ball_bounce/03_simulation_ensembles/themis_ensembles/ensemble/ens_33/27/.
THEMIS - INFO - 2023-01-24 19:05:41,401 - Launching run 27
source/executors.py submit
THEMIS - INFO - 2023-01-24 19:05:41,414 - Launching run 28
Step(args=['/g/g20/eljurf1/weave_demos/ball_bounce/dist/ball_bounce', '--input_deck', 'input_deck'], tasks=1, cores_per_task=1, gpus_per_task=0, timeout=0, batch_script=False, cwd=/g/g20/eljurf1/weave_demos/ball_bounce/03_simulation_ensembles/themis_ensembles/ensemble/ens_33/28/.)
/g/g20/eljurf1/weave_demos/ball_bounce/03_simulation_ensembles/themis_ensembles/ensemble/ens_33/28/.
source/executors.py submitTHEMIS - INFO - 2023-01-24 19:05:41,427 - Launching run 29

Step(args=['/g/g20/eljurf1/weave_demos/ball_bounce/dist/ball_bounce', '--input_deck', 'input_deck'], tasks=1, cores_per_task=1, gpus_per_task=0, timeout=0, batch_script=False, cwd=/g/g20/eljurf1/weave_demos/ball_bounce/03_simulation_ensembles/themis_ensembles/ensemble/ens_33/29/.)
/g/g20/eljurf1/weave_demos/ball_bounce/03_simulation_ensembles/themis_ensembles/ensemble/ens_33/29/.
source/executors.py submit
THEMIS - INFO - 2023-01-24 19:05:41,442 - Launching run 30
Step(args=['/g/g20/eljurf1/weave_demos/ball_bounce/dist/ball_bounce', '--input_deck', 'input_deck'], tasks=1, cores_per_task=1, gpus_per_task=0, timeout=0, batch_script=False, cwd=/g/g20/eljurf1/weave_demos/ball_bounce/03_simulation_ensembles/themis_ensembles/ensemble/ens_33/30/.)
/g/g20/eljurf1/weave_demos/ball_bounce/03_simulation_ensembles/themis_ensembles/ensemble/ens_33/30/.
source/executors.py submit
Step(args=['/g/g20/eljurf1/weave_demos/ball_bounce/dist/ball_bounce', '--input_deck', 'input_deck'], tasks=1, cores_per_task=1, gpus_per_task=0, timeout=0, batch_script=False, cwd=/g/g20/eljurf1/weave_demos/ball_bounce/03_simulation_ensembles/themis_ensembles/ensemble/ens_33/31/.)
/g/g20/eljurf1/weave_demos/ball_bounce/03_simulation_ensembles/themis_ensembles/ensemble/ens_33/31/.
THEMIS - INFO - 2023-01-24 19:05:41,456 - Launching run 31
source/executors.py submit
Step(args=['/g/g20/eljurf1/weave_demos/ball_bounce/dist/ball_bounce', '--input_deck', 'input_deck'], tasks=1, cores_per_task=1, gpus_per_task=0, timeout=0, batch_script=False, cwd=/g/g20/eljurf1/weave_demos/ball_bounce/03_simulation_ensembles/themis_ensembles/ensemble/ens_33/32/.)THEMIS - INFO - 2023-01-24 19:05:41,469 - Launching run 32

/g/g20/eljurf1/weave_demos/ball_bounce/03_simulation_ensembles/themis_ensembles/ensemble/ens_33/32/.
source/executors.py submitTHEMIS - INFO - 2023-01-24 19:05:41,488 - Launching run 33

Step(args=['/g/g20/eljurf1/weave_demos/ball_bounce/dist/ball_bounce', '--input_deck', 'input_deck'], tasks=1, cores_per_task=1, gpus_per_task=0, timeout=0, batch_script=False, cwd=/g/g20/eljurf1/weave_demos/ball_bounce/03_simulation_ensembles/themis_ensembles/ensemble/ens_33/33/.)
/g/g20/eljurf1/weave_demos/ball_bounce/03_simulation_ensembles/themis_ensembles/ensemble/ens_33/33/.
source/executors.py submitTHEMIS - INFO - 2023-01-24 19:05:41,501 - Launching run 34

Step(args=['/g/g20/eljurf1/weave_demos/ball_bounce/dist/ball_bounce', '--input_deck', 'input_deck'], tasks=1, cores_per_task=1, gpus_per_task=0, timeout=0, batch_script=False, cwd=/g/g20/eljurf1/weave_demos/ball_bounce/03_simulation_ensembles/themis_ensembles/ensemble/ens_33/34/.)
/g/g20/eljurf1/weave_demos/ball_bounce/03_simulation_ensembles/themis_ensembles/ensemble/ens_33/34/.
source/executors.py submitTHEMIS - INFO - 2023-01-24 19:05:41,516 - Launching run 35

Step(args=['/g/g20/eljurf1/weave_demos/ball_bounce/dist/ball_bounce', '--input_deck', 'input_deck'], tasks=1, cores_per_task=1, gpus_per_task=0, timeout=0, batch_script=False, cwd=/g/g20/eljurf1/weave_demos/ball_bounce/03_simulation_ensembles/themis_ensembles/ensemble/ens_33/35/.)
/g/g20/eljurf1/weave_demos/ball_bounce/03_simulation_ensembles/themis_ensembles/ensemble/ens_33/35/.
source/executors.py submitTHEMIS - INFO - 2023-01-24 19:05:41,530 - Launching run 36

Step(args=['/g/g20/eljurf1/weave_demos/ball_bounce/dist/ball_bounce', '--input_deck', 'input_deck'], tasks=1, cores_per_task=1, gpus_per_task=0, timeout=0, batch_script=False, cwd=/g/g20/eljurf1/weave_demos/ball_bounce/03_simulation_ensembles/themis_ensembles/ensemble/ens_33/36/.)
/g/g20/eljurf1/weave_demos/ball_bounce/03_simulation_ensembles/themis_ensembles/ensemble/ens_33/36/.
source/executors.py submitTHEMIS - INFO - 2023-01-24 19:05:41,545 - Launching run 37

Step(args=['/g/g20/eljurf1/weave_demos/ball_bounce/dist/ball_bounce', '--input_deck', 'input_deck'], tasks=1, cores_per_task=1, gpus_per_task=0, timeout=0, batch_script=False, cwd=/g/g20/eljurf1/weave_demos/ball_bounce/03_simulation_ensembles/themis_ensembles/ensemble/ens_33/37/.)
/g/g20/eljurf1/weave_demos/ball_bounce/03_simulation_ensembles/themis_ensembles/ensemble/ens_33/37/.
source/executors.py submitTHEMIS - INFO - 2023-01-24 19:05:41,560 - Launching run 38

Step(args=['/g/g20/eljurf1/weave_demos/ball_bounce/dist/ball_bounce', '--input_deck', 'input_deck'], tasks=1, cores_per_task=1, gpus_per_task=0, timeout=0, batch_script=False, cwd=/g/g20/eljurf1/weave_demos/ball_bounce/03_simulation_ensembles/themis_ensembles/ensemble/ens_33/38/.)
/g/g20/eljurf1/weave_demos/ball_bounce/03_simulation_ensembles/themis_ensembles/ensemble/ens_33/38/.
source/executors.py submit
Step(args=['/g/g20/eljurf1/weave_demos/ball_bounce/dist/ball_bounce', '--input_deck', 'input_deck'], tasks=1, cores_per_task=1, gpus_per_task=0, timeout=0, batch_script=False, cwd=/g/g20/eljurf1/weave_demos/ball_bounce/03_simulation_ensembles/themis_ensembles/ensemble/ens_33/39/.)
/g/g20/eljurf1/weave_demos/ball_bounce/03_simulation_ensembles/themis_ensembles/ensemble/ens_33/39/.
THEMIS - INFO - 2023-01-24 19:05:41,574 - Launching run 39
source/executors.py submitTHEMIS - INFO - 2023-01-24 19:05:41,589 - Launching run 40

Step(args=['/g/g20/eljurf1/weave_demos/ball_bounce/dist/ball_bounce', '--input_deck', 'input_deck'], tasks=1, cores_per_task=1, gpus_per_task=0, timeout=0, batch_script=False, cwd=/g/g20/eljurf1/weave_demos/ball_bounce/03_simulation_ensembles/themis_ensembles/ensemble/ens_33/40/.)
/g/g20/eljurf1/weave_demos/ball_bounce/03_simulation_ensembles/themis_ensembles/ensemble/ens_33/40/.
source/executors.py submitTHEMIS - INFO - 2023-01-24 19:05:41,603 - Launching run 41

Step(args=['/g/g20/eljurf1/weave_demos/ball_bounce/dist/ball_bounce', '--input_deck', 'input_deck'], tasks=1, cores_per_task=1, gpus_per_task=0, timeout=0, batch_script=False, cwd=/g/g20/eljurf1/weave_demos/ball_bounce/03_simulation_ensembles/themis_ensembles/ensemble/ens_33/41/.)
/g/g20/eljurf1/weave_demos/ball_bounce/03_simulation_ensembles/themis_ensembles/ensemble/ens_33/41/.
source/executors.py submitTHEMIS - INFO - 2023-01-24 19:05:41,620 - Launching run 42

Step(args=['/g/g20/eljurf1/weave_demos/ball_bounce/dist/ball_bounce', '--input_deck', 'input_deck'], tasks=1, cores_per_task=1, gpus_per_task=0, timeout=0, batch_script=False, cwd=/g/g20/eljurf1/weave_demos/ball_bounce/03_simulation_ensembles/themis_ensembles/ensemble/ens_33/42/.)
/g/g20/eljurf1/weave_demos/ball_bounce/03_simulation_ensembles/themis_ensembles/ensemble/ens_33/42/.
source/executors.py submitTHEMIS - INFO - 2023-01-24 19:05:41,636 - Launching run 43

Step(args=['/g/g20/eljurf1/weave_demos/ball_bounce/dist/ball_bounce', '--input_deck', 'input_deck'], tasks=1, cores_per_task=1, gpus_per_task=0, timeout=0, batch_script=False, cwd=/g/g20/eljurf1/weave_demos/ball_bounce/03_simulation_ensembles/themis_ensembles/ensemble/ens_33/43/.)
/g/g20/eljurf1/weave_demos/ball_bounce/03_simulation_ensembles/themis_ensembles/ensemble/ens_33/43/.
source/executors.py submitTHEMIS - INFO - 2023-01-24 19:05:41,652 - Launching run 44

Step(args=['/g/g20/eljurf1/weave_demos/ball_bounce/dist/ball_bounce', '--input_deck', 'input_deck'], tasks=1, cores_per_task=1, gpus_per_task=0, timeout=0, batch_script=False, cwd=/g/g20/eljurf1/weave_demos/ball_bounce/03_simulation_ensembles/themis_ensembles/ensemble/ens_33/44/.)
/g/g20/eljurf1/weave_demos/ball_bounce/03_simulation_ensembles/themis_ensembles/ensemble/ens_33/44/.
source/executors.py submitTHEMIS - INFO - 2023-01-24 19:05:41,667 - Launching run 45

Step(args=['/g/g20/eljurf1/weave_demos/ball_bounce/dist/ball_bounce', '--input_deck', 'input_deck'], tasks=1, cores_per_task=1, gpus_per_task=0, timeout=0, batch_script=False, cwd=/g/g20/eljurf1/weave_demos/ball_bounce/03_simulation_ensembles/themis_ensembles/ensemble/ens_33/45/.)
/g/g20/eljurf1/weave_demos/ball_bounce/03_simulation_ensembles/themis_ensembles/ensemble/ens_33/45/.
source/executors.py submit
THEMIS - INFO - 2023-01-24 19:05:41,681 - Launching run 46
Step(args=['/g/g20/eljurf1/weave_demos/ball_bounce/dist/ball_bounce', '--input_deck', 'input_deck'], tasks=1, cores_per_task=1, gpus_per_task=0, timeout=0, batch_script=False, cwd=/g/g20/eljurf1/weave_demos/ball_bounce/03_simulation_ensembles/themis_ensembles/ensemble/ens_33/46/.)
/g/g20/eljurf1/weave_demos/ball_bounce/03_simulation_ensembles/themis_ensembles/ensemble/ens_33/46/.
source/executors.py submit
Step(args=['/g/g20/eljurf1/weave_demos/ball_bounce/dist/ball_bounce', '--input_deck', 'input_deck'], tasks=1, cores_per_task=1, gpus_per_task=0, timeout=0, batch_script=False, cwd=/g/g20/eljurf1/weave_demos/ball_bounce/03_simulation_ensembles/themis_ensembles/ensemble/ens_33/47/.)
/g/g20/eljurf1/weave_demos/ball_bounce/03_simulation_ensembles/themis_ensembles/ensemble/ens_33/47/.
THEMIS - INFO - 2023-01-24 19:05:41,694 - Launching run 47
source/executors.py submitTHEMIS - INFO - 2023-01-24 19:05:41,707 - Launching run 48

Step(args=['/g/g20/eljurf1/weave_demos/ball_bounce/dist/ball_bounce', '--input_deck', 'input_deck'], tasks=1, cores_per_task=1, gpus_per_task=0, timeout=0, batch_script=False, cwd=/g/g20/eljurf1/weave_demos/ball_bounce/03_simulation_ensembles/themis_ensembles/ensemble/ens_33/48/.)
/g/g20/eljurf1/weave_demos/ball_bounce/03_simulation_ensembles/themis_ensembles/ensemble/ens_33/48/.
source/executors.py submitTHEMIS - INFO - 2023-01-24 19:05:41,722 - Launching run 49

Step(args=['/g/g20/eljurf1/weave_demos/ball_bounce/dist/ball_bounce', '--input_deck', 'input_deck'], tasks=1, cores_per_task=1, gpus_per_task=0, timeout=0, batch_script=False, cwd=/g/g20/eljurf1/weave_demos/ball_bounce/03_simulation_ensembles/themis_ensembles/ensemble/ens_33/49/.)
/g/g20/eljurf1/weave_demos/ball_bounce/03_simulation_ensembles/themis_ensembles/ensemble/ens_33/49/.
source/executors.py submitTHEMIS - INFO - 2023-01-24 19:05:41,737 - Launching run 50

Step(args=['/g/g20/eljurf1/weave_demos/ball_bounce/dist/ball_bounce', '--input_deck', 'input_deck'], tasks=1, cores_per_task=1, gpus_per_task=0, timeout=0, batch_script=False, cwd=/g/g20/eljurf1/weave_demos/ball_bounce/03_simulation_ensembles/themis_ensembles/ensemble/ens_33/50/.)
/g/g20/eljurf1/weave_demos/ball_bounce/03_simulation_ensembles/themis_ensembles/ensemble/ens_33/50/.
source/executors.py submitTHEMIS - INFO - 2023-01-24 19:05:41,752 - Launching run 51

Step(args=['/g/g20/eljurf1/weave_demos/ball_bounce/dist/ball_bounce', '--input_deck', 'input_deck'], tasks=1, cores_per_task=1, gpus_per_task=0, timeout=0, batch_script=False, cwd=/g/g20/eljurf1/weave_demos/ball_bounce/03_simulation_ensembles/themis_ensembles/ensemble/ens_33/51/.)
/g/g20/eljurf1/weave_demos/ball_bounce/03_simulation_ensembles/themis_ensembles/ensemble/ens_33/51/.
source/executors.py submit
THEMIS - INFO - 2023-01-24 19:05:41,768 - Launching run 52
Step(args=['/g/g20/eljurf1/weave_demos/ball_bounce/dist/ball_bounce', '--input_deck', 'input_deck'], tasks=1, cores_per_task=1, gpus_per_task=0, timeout=0, batch_script=False, cwd=/g/g20/eljurf1/weave_demos/ball_bounce/03_simulation_ensembles/themis_ensembles/ensemble/ens_33/52/.)
/g/g20/eljurf1/weave_demos/ball_bounce/03_simulation_ensembles/themis_ensembles/ensemble/ens_33/52/.
source/executors.py submitTHEMIS - INFO - 2023-01-24 19:05:41,782 - Launching run 53

Step(args=['/g/g20/eljurf1/weave_demos/ball_bounce/dist/ball_bounce', '--input_deck', 'input_deck'], tasks=1, cores_per_task=1, gpus_per_task=0, timeout=0, batch_script=False, cwd=/g/g20/eljurf1/weave_demos/ball_bounce/03_simulation_ensembles/themis_ensembles/ensemble/ens_33/53/.)
/g/g20/eljurf1/weave_demos/ball_bounce/03_simulation_ensembles/themis_ensembles/ensemble/ens_33/53/.
source/executors.py submitTHEMIS - INFO - 2023-01-24 19:05:41,797 - Launching run 54

Step(args=['/g/g20/eljurf1/weave_demos/ball_bounce/dist/ball_bounce', '--input_deck', 'input_deck'], tasks=1, cores_per_task=1, gpus_per_task=0, timeout=0, batch_script=False, cwd=/g/g20/eljurf1/weave_demos/ball_bounce/03_simulation_ensembles/themis_ensembles/ensemble/ens_33/54/.)
/g/g20/eljurf1/weave_demos/ball_bounce/03_simulation_ensembles/themis_ensembles/ensemble/ens_33/54/.
source/executors.py submitTHEMIS - INFO - 2023-01-24 19:05:41,812 - Launching run 55

Step(args=['/g/g20/eljurf1/weave_demos/ball_bounce/dist/ball_bounce', '--input_deck', 'input_deck'], tasks=1, cores_per_task=1, gpus_per_task=0, timeout=0, batch_script=False, cwd=/g/g20/eljurf1/weave_demos/ball_bounce/03_simulation_ensembles/themis_ensembles/ensemble/ens_33/55/.)
/g/g20/eljurf1/weave_demos/ball_bounce/03_simulation_ensembles/themis_ensembles/ensemble/ens_33/55/.
source/executors.py submit
THEMIS - INFO - 2023-01-24 19:05:41,826 - Launching run 56
Step(args=['/g/g20/eljurf1/weave_demos/ball_bounce/dist/ball_bounce', '--input_deck', 'input_deck'], tasks=1, cores_per_task=1, gpus_per_task=0, timeout=0, batch_script=False, cwd=/g/g20/eljurf1/weave_demos/ball_bounce/03_simulation_ensembles/themis_ensembles/ensemble/ens_33/56/.)
/g/g20/eljurf1/weave_demos/ball_bounce/03_simulation_ensembles/themis_ensembles/ensemble/ens_33/56/.
source/executors.py submitTHEMIS - INFO - 2023-01-24 19:05:41,840 - Launching run 57

Step(args=['/g/g20/eljurf1/weave_demos/ball_bounce/dist/ball_bounce', '--input_deck', 'input_deck'], tasks=1, cores_per_task=1, gpus_per_task=0, timeout=0, batch_script=False, cwd=/g/g20/eljurf1/weave_demos/ball_bounce/03_simulation_ensembles/themis_ensembles/ensemble/ens_33/57/.)
/g/g20/eljurf1/weave_demos/ball_bounce/03_simulation_ensembles/themis_ensembles/ensemble/ens_33/57/.
source/executors.py submitTHEMIS - INFO - 2023-01-24 19:05:41,856 - Launching run 58

Step(args=['/g/g20/eljurf1/weave_demos/ball_bounce/dist/ball_bounce', '--input_deck', 'input_deck'], tasks=1, cores_per_task=1, gpus_per_task=0, timeout=0, batch_script=False, cwd=/g/g20/eljurf1/weave_demos/ball_bounce/03_simulation_ensembles/themis_ensembles/ensemble/ens_33/58/.)
/g/g20/eljurf1/weave_demos/ball_bounce/03_simulation_ensembles/themis_ensembles/ensemble/ens_33/58/.
source/executors.py submitTHEMIS - INFO - 2023-01-24 19:05:41,870 - Launching run 59

Step(args=['/g/g20/eljurf1/weave_demos/ball_bounce/dist/ball_bounce', '--input_deck', 'input_deck'], tasks=1, cores_per_task=1, gpus_per_task=0, timeout=0, batch_script=False, cwd=/g/g20/eljurf1/weave_demos/ball_bounce/03_simulation_ensembles/themis_ensembles/ensemble/ens_33/59/.)
/g/g20/eljurf1/weave_demos/ball_bounce/03_simulation_ensembles/themis_ensembles/ensemble/ens_33/59/.
source/executors.py submitTHEMIS - INFO - 2023-01-24 19:05:41,886 - Launching run 60

Step(args=['/g/g20/eljurf1/weave_demos/ball_bounce/dist/ball_bounce', '--input_deck', 'input_deck'], tasks=1, cores_per_task=1, gpus_per_task=0, timeout=0, batch_script=False, cwd=/g/g20/eljurf1/weave_demos/ball_bounce/03_simulation_ensembles/themis_ensembles/ensemble/ens_33/60/.)
/g/g20/eljurf1/weave_demos/ball_bounce/03_simulation_ensembles/themis_ensembles/ensemble/ens_33/60/.
source/executors.py submitTHEMIS - INFO - 2023-01-24 19:05:41,901 - Launching run 61

Step(args=['/g/g20/eljurf1/weave_demos/ball_bounce/dist/ball_bounce', '--input_deck', 'input_deck'], tasks=1, cores_per_task=1, gpus_per_task=0, timeout=0, batch_script=False, cwd=/g/g20/eljurf1/weave_demos/ball_bounce/03_simulation_ensembles/themis_ensembles/ensemble/ens_33/61/.)
/g/g20/eljurf1/weave_demos/ball_bounce/03_simulation_ensembles/themis_ensembles/ensemble/ens_33/61/.
source/executors.py submitTHEMIS - INFO - 2023-01-24 19:05:41,911 - Launching run 62

Step(args=['/g/g20/eljurf1/weave_demos/ball_bounce/dist/ball_bounce', '--input_deck', 'input_deck'], tasks=1, cores_per_task=1, gpus_per_task=0, timeout=0, batch_script=False, cwd=/g/g20/eljurf1/weave_demos/ball_bounce/03_simulation_ensembles/themis_ensembles/ensemble/ens_33/62/.)
/g/g20/eljurf1/weave_demos/ball_bounce/03_simulation_ensembles/themis_ensembles/ensemble/ens_33/62/.
source/executors.py submitTHEMIS - INFO - 2023-01-24 19:05:41,927 - Launching run 63

Step(args=['/g/g20/eljurf1/weave_demos/ball_bounce/dist/ball_bounce', '--input_deck', 'input_deck'], tasks=1, cores_per_task=1, gpus_per_task=0, timeout=0, batch_script=False, cwd=/g/g20/eljurf1/weave_demos/ball_bounce/03_simulation_ensembles/themis_ensembles/ensemble/ens_33/63/.)
/g/g20/eljurf1/weave_demos/ball_bounce/03_simulation_ensembles/themis_ensembles/ensemble/ens_33/63/.
source/executors.py submitTHEMIS - INFO - 2023-01-24 19:05:41,942 - Launching run 64

Step(args=['/g/g20/eljurf1/weave_demos/ball_bounce/dist/ball_bounce', '--input_deck', 'input_deck'], tasks=1, cores_per_task=1, gpus_per_task=0, timeout=0, batch_script=False, cwd=/g/g20/eljurf1/weave_demos/ball_bounce/03_simulation_ensembles/themis_ensembles/ensemble/ens_33/64/.)
/g/g20/eljurf1/weave_demos/ball_bounce/03_simulation_ensembles/themis_ensembles/ensemble/ens_33/64/.
source/executors.py submitTHEMIS - INFO - 2023-01-24 19:05:41,957 - Launching run 65

Step(args=['/g/g20/eljurf1/weave_demos/ball_bounce/dist/ball_bounce', '--input_deck', 'input_deck'], tasks=1, cores_per_task=1, gpus_per_task=0, timeout=0, batch_script=False, cwd=/g/g20/eljurf1/weave_demos/ball_bounce/03_simulation_ensembles/themis_ensembles/ensemble/ens_33/65/.)
/g/g20/eljurf1/weave_demos/ball_bounce/03_simulation_ensembles/themis_ensembles/ensemble/ens_33/65/.
source/executors.py submitTHEMIS - INFO - 2023-01-24 19:05:41,971 - Launching run 66

Step(args=['/g/g20/eljurf1/weave_demos/ball_bounce/dist/ball_bounce', '--input_deck', 'input_deck'], tasks=1, cores_per_task=1, gpus_per_task=0, timeout=0, batch_script=False, cwd=/g/g20/eljurf1/weave_demos/ball_bounce/03_simulation_ensembles/themis_ensembles/ensemble/ens_33/66/.)
/g/g20/eljurf1/weave_demos/ball_bounce/03_simulation_ensembles/themis_ensembles/ensemble/ens_33/66/.
source/executors.py submitTHEMIS - INFO - 2023-01-24 19:05:41,986 - Launching run 67

Step(args=['/g/g20/eljurf1/weave_demos/ball_bounce/dist/ball_bounce', '--input_deck', 'input_deck'], tasks=1, cores_per_task=1, gpus_per_task=0, timeout=0, batch_script=False, cwd=/g/g20/eljurf1/weave_demos/ball_bounce/03_simulation_ensembles/themis_ensembles/ensemble/ens_33/67/.)
/g/g20/eljurf1/weave_demos/ball_bounce/03_simulation_ensembles/themis_ensembles/ensemble/ens_33/67/.
source/executors.py submit
THEMIS - INFO - 2023-01-24 19:05:42,002 - Launching run 68
Step(args=['/g/g20/eljurf1/weave_demos/ball_bounce/dist/ball_bounce', '--input_deck', 'input_deck'], tasks=1, cores_per_task=1, gpus_per_task=0, timeout=0, batch_script=False, cwd=/g/g20/eljurf1/weave_demos/ball_bounce/03_simulation_ensembles/themis_ensembles/ensemble/ens_33/68/.)
/g/g20/eljurf1/weave_demos/ball_bounce/03_simulation_ensembles/themis_ensembles/ensemble/ens_33/68/.
source/executors.py submitTHEMIS - INFO - 2023-01-24 19:05:42,016 - Launching run 69

Step(args=['/g/g20/eljurf1/weave_demos/ball_bounce/dist/ball_bounce', '--input_deck', 'input_deck'], tasks=1, cores_per_task=1, gpus_per_task=0, timeout=0, batch_script=False, cwd=/g/g20/eljurf1/weave_demos/ball_bounce/03_simulation_ensembles/themis_ensembles/ensemble/ens_33/69/.)
/g/g20/eljurf1/weave_demos/ball_bounce/03_simulation_ensembles/themis_ensembles/ensemble/ens_33/69/.
source/executors.py submitTHEMIS - INFO - 2023-01-24 19:05:42,031 - Launching run 70

Step(args=['/g/g20/eljurf1/weave_demos/ball_bounce/dist/ball_bounce', '--input_deck', 'input_deck'], tasks=1, cores_per_task=1, gpus_per_task=0, timeout=0, batch_script=False, cwd=/g/g20/eljurf1/weave_demos/ball_bounce/03_simulation_ensembles/themis_ensembles/ensemble/ens_33/70/.)
/g/g20/eljurf1/weave_demos/ball_bounce/03_simulation_ensembles/themis_ensembles/ensemble/ens_33/70/.
source/executors.py submitTHEMIS - INFO - 2023-01-24 19:05:42,045 - Launching run 71

Step(args=['/g/g20/eljurf1/weave_demos/ball_bounce/dist/ball_bounce', '--input_deck', 'input_deck'], tasks=1, cores_per_task=1, gpus_per_task=0, timeout=0, batch_script=False, cwd=/g/g20/eljurf1/weave_demos/ball_bounce/03_simulation_ensembles/themis_ensembles/ensemble/ens_33/71/.)
/g/g20/eljurf1/weave_demos/ball_bounce/03_simulation_ensembles/themis_ensembles/ensemble/ens_33/71/.
source/executors.py submitTHEMIS - INFO - 2023-01-24 19:05:42,060 - Launching run 72

Step(args=['/g/g20/eljurf1/weave_demos/ball_bounce/dist/ball_bounce', '--input_deck', 'input_deck'], tasks=1, cores_per_task=1, gpus_per_task=0, timeout=0, batch_script=False, cwd=/g/g20/eljurf1/weave_demos/ball_bounce/03_simulation_ensembles/themis_ensembles/ensemble/ens_33/72/.)
/g/g20/eljurf1/weave_demos/ball_bounce/03_simulation_ensembles/themis_ensembles/ensemble/ens_33/72/.
source/executors.py submitTHEMIS - INFO - 2023-01-24 19:05:42,075 - Launching run 73

Step(args=['/g/g20/eljurf1/weave_demos/ball_bounce/dist/ball_bounce', '--input_deck', 'input_deck'], tasks=1, cores_per_task=1, gpus_per_task=0, timeout=0, batch_script=False, cwd=/g/g20/eljurf1/weave_demos/ball_bounce/03_simulation_ensembles/themis_ensembles/ensemble/ens_33/73/.)
/g/g20/eljurf1/weave_demos/ball_bounce/03_simulation_ensembles/themis_ensembles/ensemble/ens_33/73/.
source/executors.py submitTHEMIS - INFO - 2023-01-24 19:05:42,092 - Launching run 74

Step(args=['/g/g20/eljurf1/weave_demos/ball_bounce/dist/ball_bounce', '--input_deck', 'input_deck'], tasks=1, cores_per_task=1, gpus_per_task=0, timeout=0, batch_script=False, cwd=/g/g20/eljurf1/weave_demos/ball_bounce/03_simulation_ensembles/themis_ensembles/ensemble/ens_33/74/.)
/g/g20/eljurf1/weave_demos/ball_bounce/03_simulation_ensembles/themis_ensembles/ensemble/ens_33/74/.
source/executors.py submitTHEMIS - INFO - 2023-01-24 19:05:42,109 - Launching run 75

Step(args=['/g/g20/eljurf1/weave_demos/ball_bounce/dist/ball_bounce', '--input_deck', 'input_deck'], tasks=1, cores_per_task=1, gpus_per_task=0, timeout=0, batch_script=False, cwd=/g/g20/eljurf1/weave_demos/ball_bounce/03_simulation_ensembles/themis_ensembles/ensemble/ens_33/75/.)
/g/g20/eljurf1/weave_demos/ball_bounce/03_simulation_ensembles/themis_ensembles/ensemble/ens_33/75/.
source/executors.py submitTHEMIS - INFO - 2023-01-24 19:05:42,125 - Launching run 76

Step(args=['/g/g20/eljurf1/weave_demos/ball_bounce/dist/ball_bounce', '--input_deck', 'input_deck'], tasks=1, cores_per_task=1, gpus_per_task=0, timeout=0, batch_script=False, cwd=/g/g20/eljurf1/weave_demos/ball_bounce/03_simulation_ensembles/themis_ensembles/ensemble/ens_33/76/.)
/g/g20/eljurf1/weave_demos/ball_bounce/03_simulation_ensembles/themis_ensembles/ensemble/ens_33/76/.
source/executors.py submitTHEMIS - INFO - 2023-01-24 19:05:42,139 - Launching run 77

Step(args=['/g/g20/eljurf1/weave_demos/ball_bounce/dist/ball_bounce', '--input_deck', 'input_deck'], tasks=1, cores_per_task=1, gpus_per_task=0, timeout=0, batch_script=False, cwd=/g/g20/eljurf1/weave_demos/ball_bounce/03_simulation_ensembles/themis_ensembles/ensemble/ens_33/77/.)
/g/g20/eljurf1/weave_demos/ball_bounce/03_simulation_ensembles/themis_ensembles/ensemble/ens_33/77/.
source/executors.py submitTHEMIS - INFO - 2023-01-24 19:05:42,154 - Launching run 78

Step(args=['/g/g20/eljurf1/weave_demos/ball_bounce/dist/ball_bounce', '--input_deck', 'input_deck'], tasks=1, cores_per_task=1, gpus_per_task=0, timeout=0, batch_script=False, cwd=/g/g20/eljurf1/weave_demos/ball_bounce/03_simulation_ensembles/themis_ensembles/ensemble/ens_33/78/.)
/g/g20/eljurf1/weave_demos/ball_bounce/03_simulation_ensembles/themis_ensembles/ensemble/ens_33/78/.
source/executors.py submitTHEMIS - INFO - 2023-01-24 19:05:42,171 - Launching run 79

Step(args=['/g/g20/eljurf1/weave_demos/ball_bounce/dist/ball_bounce', '--input_deck', 'input_deck'], tasks=1, cores_per_task=1, gpus_per_task=0, timeout=0, batch_script=False, cwd=/g/g20/eljurf1/weave_demos/ball_bounce/03_simulation_ensembles/themis_ensembles/ensemble/ens_33/79/.)
/g/g20/eljurf1/weave_demos/ball_bounce/03_simulation_ensembles/themis_ensembles/ensemble/ens_33/79/.
source/executors.py submitTHEMIS - INFO - 2023-01-24 19:05:42,191 - Launching run 80

Step(args=['/g/g20/eljurf1/weave_demos/ball_bounce/dist/ball_bounce', '--input_deck', 'input_deck'], tasks=1, cores_per_task=1, gpus_per_task=0, timeout=0, batch_script=False, cwd=/g/g20/eljurf1/weave_demos/ball_bounce/03_simulation_ensembles/themis_ensembles/ensemble/ens_33/80/.)
/g/g20/eljurf1/weave_demos/ball_bounce/03_simulation_ensembles/themis_ensembles/ensemble/ens_33/80/.
source/executors.py submitTHEMIS - INFO - 2023-01-24 19:05:42,206 - Launching run 81

Step(args=['/g/g20/eljurf1/weave_demos/ball_bounce/dist/ball_bounce', '--input_deck', 'input_deck'], tasks=1, cores_per_task=1, gpus_per_task=0, timeout=0, batch_script=False, cwd=/g/g20/eljurf1/weave_demos/ball_bounce/03_simulation_ensembles/themis_ensembles/ensemble/ens_33/81/.)
/g/g20/eljurf1/weave_demos/ball_bounce/03_simulation_ensembles/themis_ensembles/ensemble/ens_33/81/.
source/executors.py submitTHEMIS - INFO - 2023-01-24 19:05:42,220 - Launching run 82

Step(args=['/g/g20/eljurf1/weave_demos/ball_bounce/dist/ball_bounce', '--input_deck', 'input_deck'], tasks=1, cores_per_task=1, gpus_per_task=0, timeout=0, batch_script=False, cwd=/g/g20/eljurf1/weave_demos/ball_bounce/03_simulation_ensembles/themis_ensembles/ensemble/ens_33/82/.)
/g/g20/eljurf1/weave_demos/ball_bounce/03_simulation_ensembles/themis_ensembles/ensemble/ens_33/82/.
source/executors.py submitTHEMIS - INFO - 2023-01-24 19:05:42,235 - Launching run 83

Step(args=['/g/g20/eljurf1/weave_demos/ball_bounce/dist/ball_bounce', '--input_deck', 'input_deck'], tasks=1, cores_per_task=1, gpus_per_task=0, timeout=0, batch_script=False, cwd=/g/g20/eljurf1/weave_demos/ball_bounce/03_simulation_ensembles/themis_ensembles/ensemble/ens_33/83/.)
/g/g20/eljurf1/weave_demos/ball_bounce/03_simulation_ensembles/themis_ensembles/ensemble/ens_33/83/.
source/executors.py submitTHEMIS - INFO - 2023-01-24 19:05:42,251 - Launching run 84

Step(args=['/g/g20/eljurf1/weave_demos/ball_bounce/dist/ball_bounce', '--input_deck', 'input_deck'], tasks=1, cores_per_task=1, gpus_per_task=0, timeout=0, batch_script=False, cwd=/g/g20/eljurf1/weave_demos/ball_bounce/03_simulation_ensembles/themis_ensembles/ensemble/ens_33/84/.)
/g/g20/eljurf1/weave_demos/ball_bounce/03_simulation_ensembles/themis_ensembles/ensemble/ens_33/84/.
source/executors.py submitTHEMIS - INFO - 2023-01-24 19:05:42,267 - Launching run 85

Step(args=['/g/g20/eljurf1/weave_demos/ball_bounce/dist/ball_bounce', '--input_deck', 'input_deck'], tasks=1, cores_per_task=1, gpus_per_task=0, timeout=0, batch_script=False, cwd=/g/g20/eljurf1/weave_demos/ball_bounce/03_simulation_ensembles/themis_ensembles/ensemble/ens_33/85/.)
/g/g20/eljurf1/weave_demos/ball_bounce/03_simulation_ensembles/themis_ensembles/ensemble/ens_33/85/.
source/executors.py submitTHEMIS - INFO - 2023-01-24 19:05:42,281 - Launching run 86

Step(args=['/g/g20/eljurf1/weave_demos/ball_bounce/dist/ball_bounce', '--input_deck', 'input_deck'], tasks=1, cores_per_task=1, gpus_per_task=0, timeout=0, batch_script=False, cwd=/g/g20/eljurf1/weave_demos/ball_bounce/03_simulation_ensembles/themis_ensembles/ensemble/ens_33/86/.)
/g/g20/eljurf1/weave_demos/ball_bounce/03_simulation_ensembles/themis_ensembles/ensemble/ens_33/86/.
source/executors.py submitTHEMIS - INFO - 2023-01-24 19:05:42,295 - Launching run 87

Step(args=['/g/g20/eljurf1/weave_demos/ball_bounce/dist/ball_bounce', '--input_deck', 'input_deck'], tasks=1, cores_per_task=1, gpus_per_task=0, timeout=0, batch_script=False, cwd=/g/g20/eljurf1/weave_demos/ball_bounce/03_simulation_ensembles/themis_ensembles/ensemble/ens_33/87/.)
/g/g20/eljurf1/weave_demos/ball_bounce/03_simulation_ensembles/themis_ensembles/ensemble/ens_33/87/.
source/executors.py submitTHEMIS - INFO - 2023-01-24 19:05:42,310 - Launching run 88

Step(args=['/g/g20/eljurf1/weave_demos/ball_bounce/dist/ball_bounce', '--input_deck', 'input_deck'], tasks=1, cores_per_task=1, gpus_per_task=0, timeout=0, batch_script=False, cwd=/g/g20/eljurf1/weave_demos/ball_bounce/03_simulation_ensembles/themis_ensembles/ensemble/ens_33/88/.)
/g/g20/eljurf1/weave_demos/ball_bounce/03_simulation_ensembles/themis_ensembles/ensemble/ens_33/88/.
source/executors.py submitTHEMIS - INFO - 2023-01-24 19:05:42,324 - Launching run 89

Step(args=['/g/g20/eljurf1/weave_demos/ball_bounce/dist/ball_bounce', '--input_deck', 'input_deck'], tasks=1, cores_per_task=1, gpus_per_task=0, timeout=0, batch_script=False, cwd=/g/g20/eljurf1/weave_demos/ball_bounce/03_simulation_ensembles/themis_ensembles/ensemble/ens_33/89/.)
/g/g20/eljurf1/weave_demos/ball_bounce/03_simulation_ensembles/themis_ensembles/ensemble/ens_33/89/.
source/executors.py submitTHEMIS - INFO - 2023-01-24 19:05:42,339 - Launching run 90

Step(args=['/g/g20/eljurf1/weave_demos/ball_bounce/dist/ball_bounce', '--input_deck', 'input_deck'], tasks=1, cores_per_task=1, gpus_per_task=0, timeout=0, batch_script=False, cwd=/g/g20/eljurf1/weave_demos/ball_bounce/03_simulation_ensembles/themis_ensembles/ensemble/ens_33/90/.)
/g/g20/eljurf1/weave_demos/ball_bounce/03_simulation_ensembles/themis_ensembles/ensemble/ens_33/90/.
source/executors.py submitTHEMIS - INFO - 2023-01-24 19:05:42,354 - Launching run 91

Step(args=['/g/g20/eljurf1/weave_demos/ball_bounce/dist/ball_bounce', '--input_deck', 'input_deck'], tasks=1, cores_per_task=1, gpus_per_task=0, timeout=0, batch_script=False, cwd=/g/g20/eljurf1/weave_demos/ball_bounce/03_simulation_ensembles/themis_ensembles/ensemble/ens_33/91/.)
/g/g20/eljurf1/weave_demos/ball_bounce/03_simulation_ensembles/themis_ensembles/ensemble/ens_33/91/.
source/executors.py submitTHEMIS - INFO - 2023-01-24 19:05:42,368 - Launching run 92

Step(args=['/g/g20/eljurf1/weave_demos/ball_bounce/dist/ball_bounce', '--input_deck', 'input_deck'], tasks=1, cores_per_task=1, gpus_per_task=0, timeout=0, batch_script=False, cwd=/g/g20/eljurf1/weave_demos/ball_bounce/03_simulation_ensembles/themis_ensembles/ensemble/ens_33/92/.)
/g/g20/eljurf1/weave_demos/ball_bounce/03_simulation_ensembles/themis_ensembles/ensemble/ens_33/92/.
source/executors.py submitTHEMIS - INFO - 2023-01-24 19:05:42,382 - Launching run 93

Step(args=['/g/g20/eljurf1/weave_demos/ball_bounce/dist/ball_bounce', '--input_deck', 'input_deck'], tasks=1, cores_per_task=1, gpus_per_task=0, timeout=0, batch_script=False, cwd=/g/g20/eljurf1/weave_demos/ball_bounce/03_simulation_ensembles/themis_ensembles/ensemble/ens_33/93/.)
/g/g20/eljurf1/weave_demos/ball_bounce/03_simulation_ensembles/themis_ensembles/ensemble/ens_33/93/.
source/executors.py submitTHEMIS - INFO - 2023-01-24 19:05:42,397 - Launching run 94

Step(args=['/g/g20/eljurf1/weave_demos/ball_bounce/dist/ball_bounce', '--input_deck', 'input_deck'], tasks=1, cores_per_task=1, gpus_per_task=0, timeout=0, batch_script=False, cwd=/g/g20/eljurf1/weave_demos/ball_bounce/03_simulation_ensembles/themis_ensembles/ensemble/ens_33/94/.)
/g/g20/eljurf1/weave_demos/ball_bounce/03_simulation_ensembles/themis_ensembles/ensemble/ens_33/94/.
source/executors.py submitTHEMIS - INFO - 2023-01-24 19:05:42,411 - Launching run 95

Step(args=['/g/g20/eljurf1/weave_demos/ball_bounce/dist/ball_bounce', '--input_deck', 'input_deck'], tasks=1, cores_per_task=1, gpus_per_task=0, timeout=0, batch_script=False, cwd=/g/g20/eljurf1/weave_demos/ball_bounce/03_simulation_ensembles/themis_ensembles/ensemble/ens_33/95/.)
/g/g20/eljurf1/weave_demos/ball_bounce/03_simulation_ensembles/themis_ensembles/ensemble/ens_33/95/.
source/executors.py submitTHEMIS - INFO - 2023-01-24 19:05:42,426 - Launching run 96

Step(args=['/g/g20/eljurf1/weave_demos/ball_bounce/dist/ball_bounce', '--input_deck', 'input_deck'], tasks=1, cores_per_task=1, gpus_per_task=0, timeout=0, batch_script=False, cwd=/g/g20/eljurf1/weave_demos/ball_bounce/03_simulation_ensembles/themis_ensembles/ensemble/ens_33/96/.)
/g/g20/eljurf1/weave_demos/ball_bounce/03_simulation_ensembles/themis_ensembles/ensemble/ens_33/96/.
source/executors.py submit
Step(args=['/g/g20/eljurf1/weave_demos/ball_bounce/dist/ball_bounce', '--input_deck', 'input_deck'], tasks=1, cores_per_task=1, gpus_per_task=0, timeout=0, batch_script=False, cwd=/g/g20/eljurf1/weave_demos/ball_bounce/03_simulation_ensembles/themis_ensembles/ensemble/ens_33/97/.)
/g/g20/eljurf1/weave_demos/ball_bounce/03_simulation_ensembles/themis_ensembles/ensemble/ens_33/97/.
THEMIS - INFO - 2023-01-24 19:05:42,439 - Launching run 97
source/executors.py submitTHEMIS - INFO - 2023-01-24 19:05:42,452 - Launching run 98

Step(args=['/g/g20/eljurf1/weave_demos/ball_bounce/dist/ball_bounce', '--input_deck', 'input_deck'], tasks=1, cores_per_task=1, gpus_per_task=0, timeout=0, batch_script=False, cwd=/g/g20/eljurf1/weave_demos/ball_bounce/03_simulation_ensembles/themis_ensembles/ensemble/ens_33/98/.)
/g/g20/eljurf1/weave_demos/ball_bounce/03_simulation_ensembles/themis_ensembles/ensemble/ens_33/98/.
source/executors.py submitTHEMIS - INFO - 2023-01-24 19:05:42,466 - Launching run 99

Step(args=['/g/g20/eljurf1/weave_demos/ball_bounce/dist/ball_bounce', '--input_deck', 'input_deck'], tasks=1, cores_per_task=1, gpus_per_task=0, timeout=0, batch_script=False, cwd=/g/g20/eljurf1/weave_demos/ball_bounce/03_simulation_ensembles/themis_ensembles/ensemble/ens_33/99/.)
/g/g20/eljurf1/weave_demos/ball_bounce/03_simulation_ensembles/themis_ensembles/ensemble/ens_33/99/.
source/executors.py submitTHEMIS - INFO - 2023-01-24 19:05:42,479 - Launching run 100

Step(args=['/g/g20/eljurf1/weave_demos/ball_bounce/dist/ball_bounce', '--input_deck', 'input_deck'], tasks=1, cores_per_task=1, gpus_per_task=0, timeout=0, batch_script=False, cwd=/g/g20/eljurf1/weave_demos/ball_bounce/03_simulation_ensembles/themis_ensembles/ensemble/ens_33/100/.)
/g/g20/eljurf1/weave_demos/ball_bounce/03_simulation_ensembles/themis_ensembles/ensemble/ens_33/100/.
THEMIS - INFO - 2023-01-24 19:05:42,486 - Run 1 completed successfully
THEMIS - INFO - 2023-01-24 19:05:42,486 - Run 2 completed successfully
THEMIS - INFO - 2023-01-24 19:05:42,487 - Run 3 completed successfully
THEMIS - INFO - 2023-01-24 19:05:42,487 - Run 4 completed successfully
THEMIS - INFO - 2023-01-24 19:05:42,487 - Run 5 completed successfully
THEMIS - INFO - 2023-01-24 19:05:42,487 - Run 6 completed successfully
THEMIS - INFO - 2023-01-24 19:05:42,487 - Run 7 completed successfully
THEMIS - INFO - 2023-01-24 19:05:42,487 - Run 8 completed successfully
THEMIS - INFO - 2023-01-24 19:05:42,487 - Run 9 completed successfully
THEMIS - INFO - 2023-01-24 19:05:42,487 - Run 10 completed successfully
THEMIS - INFO - 2023-01-24 19:05:42,488 - Run 11 completed successfully
THEMIS - INFO - 2023-01-24 19:05:42,488 - Run 12 completed successfully
THEMIS - INFO - 2023-01-24 19:05:42,488 - Run 13 completed successfully
THEMIS - INFO - 2023-01-24 19:05:42,560 - Run 14 completed successfully
THEMIS - INFO - 2023-01-24 19:05:43,474 - Run 15 completed successfully
THEMIS - INFO - 2023-01-24 19:05:43,852 - Run 16 completed successfully
THEMIS - INFO - 2023-01-24 19:05:44,005 - Run 17 completed successfully
THEMIS - INFO - 2023-01-24 19:05:44,048 - Run 18 completed successfully
THEMIS - INFO - 2023-01-24 19:05:44,260 - Run 19 completed successfully
THEMIS - INFO - 2023-01-24 19:05:44,435 - Run 20 completed successfully
THEMIS - INFO - 2023-01-24 19:05:44,596 - Run 21 completed successfully
THEMIS - INFO - 2023-01-24 19:05:45,656 - Run 22 completed successfully
THEMIS - INFO - 2023-01-24 19:05:46,885 - Run 23 completed successfully
THEMIS - INFO - 2023-01-24 19:05:47,392 - Run 24 completed successfully
THEMIS - INFO - 2023-01-24 19:05:48,206 - Run 25 completed successfully
THEMIS - INFO - 2023-01-24 19:05:48,634 - Run 26 completed successfully
THEMIS - INFO - 2023-01-24 19:05:48,695 - Run 27 completed successfully
THEMIS - INFO - 2023-01-24 19:05:48,865 - Run 28 completed successfully
THEMIS - INFO - 2023-01-24 19:05:48,884 - Run 29 completed successfully
THEMIS - INFO - 2023-01-24 19:05:49,112 - Run 30 completed successfully
THEMIS - INFO - 2023-01-24 19:05:49,694 - Run 31 completed successfully
THEMIS - INFO - 2023-01-24 19:05:49,717 - Run 32 completed successfully
THEMIS - INFO - 2023-01-24 19:05:50,082 - Run 33 completed successfully
THEMIS - INFO - 2023-01-24 19:05:51,021 - Run 35 completed successfully
THEMIS - INFO - 2023-01-24 19:05:51,053 - Run 36 completed successfully
THEMIS - INFO - 2023-01-24 19:05:51,062 - Run 34 completed successfully
THEMIS - INFO - 2023-01-24 19:05:51,384 - Run 37 completed successfully
THEMIS - INFO - 2023-01-24 19:05:51,954 - Run 38 completed successfully
THEMIS - INFO - 2023-01-24 19:05:52,249 - Run 39 completed successfully
THEMIS - INFO - 2023-01-24 19:05:52,429 - Run 40 completed successfully
THEMIS - INFO - 2023-01-24 19:05:53,007 - Run 42 completed successfully
THEMIS - INFO - 2023-01-24 19:05:53,042 - Run 41 completed successfully
THEMIS - INFO - 2023-01-24 19:05:53,779 - Run 43 completed successfully
THEMIS - INFO - 2023-01-24 19:05:54,619 - Run 44 completed successfully
THEMIS - INFO - 2023-01-24 19:05:55,021 - Run 46 completed successfully
THEMIS - INFO - 2023-01-24 19:05:55,281 - Run 45 completed successfully
THEMIS - INFO - 2023-01-24 19:05:55,663 - Run 47 completed successfully
THEMIS - INFO - 2023-01-24 19:05:56,360 - Run 48 completed successfully
THEMIS - INFO - 2023-01-24 19:05:56,640 - Run 49 completed successfully
THEMIS - INFO - 2023-01-24 19:05:57,077 - Run 50 completed successfully
THEMIS - INFO - 2023-01-24 19:05:57,231 - Run 51 completed successfully
THEMIS - INFO - 2023-01-24 19:05:57,919 - Run 52 completed successfully
THEMIS - INFO - 2023-01-24 19:05:58,257 - Run 53 completed successfully
THEMIS - INFO - 2023-01-24 19:05:58,902 - Run 54 completed successfully
THEMIS - INFO - 2023-01-24 19:05:59,420 - Run 55 completed successfully
THEMIS - INFO - 2023-01-24 19:05:59,961 - Run 56 completed successfully
THEMIS - INFO - 2023-01-24 19:06:01,463 - Run 57 completed successfully
THEMIS - INFO - 2023-01-24 19:06:01,696 - Run 58 completed successfully
THEMIS - INFO - 2023-01-24 19:06:02,305 - Run 59 completed successfully
THEMIS - INFO - 2023-01-24 19:06:04,306 - Run 60 completed successfully
THEMIS - INFO - 2023-01-24 19:06:04,309 - Run 61 completed successfully
THEMIS - INFO - 2023-01-24 19:06:04,530 - Run 62 completed successfully
THEMIS - INFO - 2023-01-24 19:06:04,648 - Run 63 completed successfully
THEMIS - INFO - 2023-01-24 19:06:05,330 - Run 64 completed successfully
THEMIS - INFO - 2023-01-24 19:06:05,844 - Run 65 completed successfully
THEMIS - INFO - 2023-01-24 19:06:05,961 - Run 66 completed successfully
THEMIS - INFO - 2023-01-24 19:06:06,479 - Run 67 completed successfully
THEMIS - INFO - 2023-01-24 19:06:07,062 - Run 68 completed successfully
THEMIS - INFO - 2023-01-24 19:06:07,087 - Run 70 completed successfully
THEMIS - INFO - 2023-01-24 19:06:07,167 - Run 69 completed successfully
THEMIS - INFO - 2023-01-24 19:06:07,907 - Run 71 completed successfully
THEMIS - INFO - 2023-01-24 19:06:08,267 - Run 72 completed successfully
THEMIS - INFO - 2023-01-24 19:06:08,840 - Run 73 completed successfully
THEMIS - INFO - 2023-01-24 19:06:09,127 - Run 74 completed successfully
THEMIS - INFO - 2023-01-24 19:06:09,234 - Run 75 completed successfully
THEMIS - INFO - 2023-01-24 19:06:09,604 - Run 76 completed successfully
THEMIS - INFO - 2023-01-24 19:06:09,617 - Run 77 completed successfully
THEMIS - INFO - 2023-01-24 19:06:10,027 - Run 78 completed successfully
THEMIS - INFO - 2023-01-24 19:06:10,424 - Run 79 completed successfully
THEMIS - INFO - 2023-01-24 19:06:10,511 - Run 80 completed successfully
THEMIS - DEBUG - 2023-01-24 19:06:11,040 - Killing runs deque([])
THEMIS - INFO - 2023-01-24 19:06:11,719 - Run 81 completed successfully
THEMIS - INFO - 2023-01-24 19:06:11,955 - Run 82 completed successfully
THEMIS - INFO - 2023-01-24 19:06:12,722 - Run 83 completed successfully
THEMIS - INFO - 2023-01-24 19:06:13,068 - Run 84 completed successfully
THEMIS - INFO - 2023-01-24 19:06:13,297 - Run 85 completed successfully
THEMIS - INFO - 2023-01-24 19:06:14,082 - Run 86 completed successfully
THEMIS - INFO - 2023-01-24 19:06:14,400 - Run 87 completed successfully
THEMIS - INFO - 2023-01-24 19:06:14,638 - Run 88 completed successfully
THEMIS - INFO - 2023-01-24 19:06:14,949 - Run 89 completed successfully
THEMIS - INFO - 2023-01-24 19:06:15,570 - Run 90 completed successfully
THEMIS - INFO - 2023-01-24 19:06:16,242 - Run 91 completed successfully
THEMIS - INFO - 2023-01-24 19:06:16,329 - Run 92 completed successfully
THEMIS - INFO - 2023-01-24 19:06:16,708 - Run 93 completed successfully
THEMIS - INFO - 2023-01-24 19:06:16,894 - Run 94 completed successfully
THEMIS - INFO - 2023-01-24 19:06:17,488 - Run 95 completed successfully
THEMIS - INFO - 2023-01-24 19:06:17,812 - Run 96 completed successfully
THEMIS - INFO - 2023-01-24 19:06:18,156 - Run 97 completed successfully
THEMIS - INFO - 2023-01-24 19:06:19,002 - Run 98 completed successfully
THEMIS - INFO - 2023-01-24 19:06:20,123 - Run 99 completed successfully
THEMIS - INFO - 2023-01-24 19:06:21,006 - Run 100 completed successfully
THEMIS - INFO - 2023-01-24 19:06:21,067 - Ensemble complete. Shutting down and exiting...
THEMIS - INFO - 2023-01-24 19:06:21,178 - Exited cleanly.
