THEMIS - INFO - 2023-01-24 18:50:50,204 - Worker starting...
THEMIS - INFO - 2023-01-24 18:50:50,204 - Received args Namespace(id='0', max_concurrency=100, server_args=['192.168.128.83', '42608'], setup_dir='/g/g20/eljurf1/weave_demos/ball_bounce/03_simulation_ensembles/themis_ensembles/setup/.ens_15_setup')
THEMIS - INFO - 2023-01-24 18:50:50,205 - Maximum concurrent runs: 100
THEMIS - INFO - 2023-01-24 18:50:50,208 - Using database: BackendClient(<ssl.SSLContext object at 0x2aaab0a4fa08>, '192.168.128.83', 42608)
THEMIS - DEBUG - 2023-01-24 18:50:50,221 - Using resource manager Slurm()
THEMIS - INFO - 2023-01-24 18:50:54,180 - Beginning to submit runs.
THEMIS - INFO - 2023-01-24 18:50:54,180 - Server listening on ('192.168.128.83', '39491')
source/executors.py submitTHEMIS - INFO - 2023-01-24 18:50:54,197 - Launching run 1

Step(args=['/g/g20/eljurf1/weave_demos/ball_bounce/dist/ball_bounce', '--input_deck', 'input_deck'], tasks=1, cores_per_task=1, gpus_per_task=0, timeout=0, batch_script=False, cwd=/g/g20/eljurf1/weave_demos/ball_bounce/03_simulation_ensembles/themis_ensembles/ensemble/ens_15/1/.)
/g/g20/eljurf1/weave_demos/ball_bounce/03_simulation_ensembles/themis_ensembles/ensemble/ens_15/1/.
source/executors.py submit
Step(args=['/g/g20/eljurf1/weave_demos/ball_bounce/dist/ball_bounce', '--input_deck', 'input_deck'], tasks=1, cores_per_task=1, gpus_per_task=0, timeout=0, batch_script=False, cwd=/g/g20/eljurf1/weave_demos/ball_bounce/03_simulation_ensembles/themis_ensembles/ensemble/ens_15/2/.)
/g/g20/eljurf1/weave_demos/ball_bounce/03_simulation_ensembles/themis_ensembles/ensemble/ens_15/2/.
THEMIS - INFO - 2023-01-24 18:50:54,212 - Launching run 2
source/executors.py submit
THEMIS - INFO - 2023-01-24 18:50:54,224 - Launching run 3
Step(args=['/g/g20/eljurf1/weave_demos/ball_bounce/dist/ball_bounce', '--input_deck', 'input_deck'], tasks=1, cores_per_task=1, gpus_per_task=0, timeout=0, batch_script=False, cwd=/g/g20/eljurf1/weave_demos/ball_bounce/03_simulation_ensembles/themis_ensembles/ensemble/ens_15/3/.)
/g/g20/eljurf1/weave_demos/ball_bounce/03_simulation_ensembles/themis_ensembles/ensemble/ens_15/3/.
source/executors.py submitTHEMIS - INFO - 2023-01-24 18:50:54,238 - Launching run 4

Step(args=['/g/g20/eljurf1/weave_demos/ball_bounce/dist/ball_bounce', '--input_deck', 'input_deck'], tasks=1, cores_per_task=1, gpus_per_task=0, timeout=0, batch_script=False, cwd=/g/g20/eljurf1/weave_demos/ball_bounce/03_simulation_ensembles/themis_ensembles/ensemble/ens_15/4/.)
/g/g20/eljurf1/weave_demos/ball_bounce/03_simulation_ensembles/themis_ensembles/ensemble/ens_15/4/.
source/executors.py submitTHEMIS - INFO - 2023-01-24 18:50:54,252 - Launching run 5

Step(args=['/g/g20/eljurf1/weave_demos/ball_bounce/dist/ball_bounce', '--input_deck', 'input_deck'], tasks=1, cores_per_task=1, gpus_per_task=0, timeout=0, batch_script=False, cwd=/g/g20/eljurf1/weave_demos/ball_bounce/03_simulation_ensembles/themis_ensembles/ensemble/ens_15/5/.)
/g/g20/eljurf1/weave_demos/ball_bounce/03_simulation_ensembles/themis_ensembles/ensemble/ens_15/5/.
source/executors.py submitTHEMIS - INFO - 2023-01-24 18:50:54,266 - Launching run 6

Step(args=['/g/g20/eljurf1/weave_demos/ball_bounce/dist/ball_bounce', '--input_deck', 'input_deck'], tasks=1, cores_per_task=1, gpus_per_task=0, timeout=0, batch_script=False, cwd=/g/g20/eljurf1/weave_demos/ball_bounce/03_simulation_ensembles/themis_ensembles/ensemble/ens_15/6/.)
/g/g20/eljurf1/weave_demos/ball_bounce/03_simulation_ensembles/themis_ensembles/ensemble/ens_15/6/.
source/executors.py submitTHEMIS - INFO - 2023-01-24 18:50:54,280 - Launching run 7

Step(args=['/g/g20/eljurf1/weave_demos/ball_bounce/dist/ball_bounce', '--input_deck', 'input_deck'], tasks=1, cores_per_task=1, gpus_per_task=0, timeout=0, batch_script=False, cwd=/g/g20/eljurf1/weave_demos/ball_bounce/03_simulation_ensembles/themis_ensembles/ensemble/ens_15/7/.)
/g/g20/eljurf1/weave_demos/ball_bounce/03_simulation_ensembles/themis_ensembles/ensemble/ens_15/7/.
source/executors.py submitTHEMIS - INFO - 2023-01-24 18:50:54,293 - Launching run 8

Step(args=['/g/g20/eljurf1/weave_demos/ball_bounce/dist/ball_bounce', '--input_deck', 'input_deck'], tasks=1, cores_per_task=1, gpus_per_task=0, timeout=0, batch_script=False, cwd=/g/g20/eljurf1/weave_demos/ball_bounce/03_simulation_ensembles/themis_ensembles/ensemble/ens_15/8/.)
/g/g20/eljurf1/weave_demos/ball_bounce/03_simulation_ensembles/themis_ensembles/ensemble/ens_15/8/.
source/executors.py submitTHEMIS - INFO - 2023-01-24 18:50:54,307 - Launching run 9

Step(args=['/g/g20/eljurf1/weave_demos/ball_bounce/dist/ball_bounce', '--input_deck', 'input_deck'], tasks=1, cores_per_task=1, gpus_per_task=0, timeout=0, batch_script=False, cwd=/g/g20/eljurf1/weave_demos/ball_bounce/03_simulation_ensembles/themis_ensembles/ensemble/ens_15/9/.)
/g/g20/eljurf1/weave_demos/ball_bounce/03_simulation_ensembles/themis_ensembles/ensemble/ens_15/9/.
source/executors.py submitTHEMIS - INFO - 2023-01-24 18:50:54,321 - Launching run 10

Step(args=['/g/g20/eljurf1/weave_demos/ball_bounce/dist/ball_bounce', '--input_deck', 'input_deck'], tasks=1, cores_per_task=1, gpus_per_task=0, timeout=0, batch_script=False, cwd=/g/g20/eljurf1/weave_demos/ball_bounce/03_simulation_ensembles/themis_ensembles/ensemble/ens_15/10/.)
/g/g20/eljurf1/weave_demos/ball_bounce/03_simulation_ensembles/themis_ensembles/ensemble/ens_15/10/.
source/executors.py submitTHEMIS - INFO - 2023-01-24 18:50:54,335 - Launching run 11

Step(args=['/g/g20/eljurf1/weave_demos/ball_bounce/dist/ball_bounce', '--input_deck', 'input_deck'], tasks=1, cores_per_task=1, gpus_per_task=0, timeout=0, batch_script=False, cwd=/g/g20/eljurf1/weave_demos/ball_bounce/03_simulation_ensembles/themis_ensembles/ensemble/ens_15/11/.)
/g/g20/eljurf1/weave_demos/ball_bounce/03_simulation_ensembles/themis_ensembles/ensemble/ens_15/11/.
source/executors.py submitTHEMIS - INFO - 2023-01-24 18:50:54,349 - Launching run 12

Step(args=['/g/g20/eljurf1/weave_demos/ball_bounce/dist/ball_bounce', '--input_deck', 'input_deck'], tasks=1, cores_per_task=1, gpus_per_task=0, timeout=0, batch_script=False, cwd=/g/g20/eljurf1/weave_demos/ball_bounce/03_simulation_ensembles/themis_ensembles/ensemble/ens_15/12/.)
/g/g20/eljurf1/weave_demos/ball_bounce/03_simulation_ensembles/themis_ensembles/ensemble/ens_15/12/.
source/executors.py submitTHEMIS - INFO - 2023-01-24 18:50:54,362 - Launching run 13

Step(args=['/g/g20/eljurf1/weave_demos/ball_bounce/dist/ball_bounce', '--input_deck', 'input_deck'], tasks=1, cores_per_task=1, gpus_per_task=0, timeout=0, batch_script=False, cwd=/g/g20/eljurf1/weave_demos/ball_bounce/03_simulation_ensembles/themis_ensembles/ensemble/ens_15/13/.)
/g/g20/eljurf1/weave_demos/ball_bounce/03_simulation_ensembles/themis_ensembles/ensemble/ens_15/13/.
source/executors.py submitTHEMIS - INFO - 2023-01-24 18:50:54,376 - Launching run 14

Step(args=['/g/g20/eljurf1/weave_demos/ball_bounce/dist/ball_bounce', '--input_deck', 'input_deck'], tasks=1, cores_per_task=1, gpus_per_task=0, timeout=0, batch_script=False, cwd=/g/g20/eljurf1/weave_demos/ball_bounce/03_simulation_ensembles/themis_ensembles/ensemble/ens_15/14/.)
/g/g20/eljurf1/weave_demos/ball_bounce/03_simulation_ensembles/themis_ensembles/ensemble/ens_15/14/.
source/executors.py submitTHEMIS - INFO - 2023-01-24 18:50:54,389 - Launching run 15

Step(args=['/g/g20/eljurf1/weave_demos/ball_bounce/dist/ball_bounce', '--input_deck', 'input_deck'], tasks=1, cores_per_task=1, gpus_per_task=0, timeout=0, batch_script=False, cwd=/g/g20/eljurf1/weave_demos/ball_bounce/03_simulation_ensembles/themis_ensembles/ensemble/ens_15/15/.)
/g/g20/eljurf1/weave_demos/ball_bounce/03_simulation_ensembles/themis_ensembles/ensemble/ens_15/15/.
source/executors.py submit
Step(args=['/g/g20/eljurf1/weave_demos/ball_bounce/dist/ball_bounce', '--input_deck', 'input_deck'], tasks=1, cores_per_task=1, gpus_per_task=0, timeout=0, batch_script=False, cwd=/g/g20/eljurf1/weave_demos/ball_bounce/03_simulation_ensembles/themis_ensembles/ensemble/ens_15/16/.)THEMIS - INFO - 2023-01-24 18:50:54,402 - Launching run 16

/g/g20/eljurf1/weave_demos/ball_bounce/03_simulation_ensembles/themis_ensembles/ensemble/ens_15/16/.
source/executors.py submit
Step(args=['/g/g20/eljurf1/weave_demos/ball_bounce/dist/ball_bounce', '--input_deck', 'input_deck'], tasks=1, cores_per_task=1, gpus_per_task=0, timeout=0, batch_script=False, cwd=/g/g20/eljurf1/weave_demos/ball_bounce/03_simulation_ensembles/themis_ensembles/ensemble/ens_15/17/.)
/g/g20/eljurf1/weave_demos/ball_bounce/03_simulation_ensembles/themis_ensembles/ensemble/ens_15/17/.
THEMIS - INFO - 2023-01-24 18:50:54,416 - Launching run 17
source/executors.py submitTHEMIS - INFO - 2023-01-24 18:50:54,429 - Launching run 18

Step(args=['/g/g20/eljurf1/weave_demos/ball_bounce/dist/ball_bounce', '--input_deck', 'input_deck'], tasks=1, cores_per_task=1, gpus_per_task=0, timeout=0, batch_script=False, cwd=/g/g20/eljurf1/weave_demos/ball_bounce/03_simulation_ensembles/themis_ensembles/ensemble/ens_15/18/.)
/g/g20/eljurf1/weave_demos/ball_bounce/03_simulation_ensembles/themis_ensembles/ensemble/ens_15/18/.
source/executors.py submitTHEMIS - INFO - 2023-01-24 18:50:54,444 - Launching run 19

Step(args=['/g/g20/eljurf1/weave_demos/ball_bounce/dist/ball_bounce', '--input_deck', 'input_deck'], tasks=1, cores_per_task=1, gpus_per_task=0, timeout=0, batch_script=False, cwd=/g/g20/eljurf1/weave_demos/ball_bounce/03_simulation_ensembles/themis_ensembles/ensemble/ens_15/19/.)
/g/g20/eljurf1/weave_demos/ball_bounce/03_simulation_ensembles/themis_ensembles/ensemble/ens_15/19/.
source/executors.py submitTHEMIS - INFO - 2023-01-24 18:50:54,458 - Launching run 20

Step(args=['/g/g20/eljurf1/weave_demos/ball_bounce/dist/ball_bounce', '--input_deck', 'input_deck'], tasks=1, cores_per_task=1, gpus_per_task=0, timeout=0, batch_script=False, cwd=/g/g20/eljurf1/weave_demos/ball_bounce/03_simulation_ensembles/themis_ensembles/ensemble/ens_15/20/.)
/g/g20/eljurf1/weave_demos/ball_bounce/03_simulation_ensembles/themis_ensembles/ensemble/ens_15/20/.
source/executors.py submitTHEMIS - INFO - 2023-01-24 18:50:54,472 - Launching run 21

Step(args=['/g/g20/eljurf1/weave_demos/ball_bounce/dist/ball_bounce', '--input_deck', 'input_deck'], tasks=1, cores_per_task=1, gpus_per_task=0, timeout=0, batch_script=False, cwd=/g/g20/eljurf1/weave_demos/ball_bounce/03_simulation_ensembles/themis_ensembles/ensemble/ens_15/21/.)
/g/g20/eljurf1/weave_demos/ball_bounce/03_simulation_ensembles/themis_ensembles/ensemble/ens_15/21/.
source/executors.py submitTHEMIS - INFO - 2023-01-24 18:50:54,486 - Launching run 22

Step(args=['/g/g20/eljurf1/weave_demos/ball_bounce/dist/ball_bounce', '--input_deck', 'input_deck'], tasks=1, cores_per_task=1, gpus_per_task=0, timeout=0, batch_script=False, cwd=/g/g20/eljurf1/weave_demos/ball_bounce/03_simulation_ensembles/themis_ensembles/ensemble/ens_15/22/.)
/g/g20/eljurf1/weave_demos/ball_bounce/03_simulation_ensembles/themis_ensembles/ensemble/ens_15/22/.
source/executors.py submitTHEMIS - INFO - 2023-01-24 18:50:54,500 - Launching run 23

Step(args=['/g/g20/eljurf1/weave_demos/ball_bounce/dist/ball_bounce', '--input_deck', 'input_deck'], tasks=1, cores_per_task=1, gpus_per_task=0, timeout=0, batch_script=False, cwd=/g/g20/eljurf1/weave_demos/ball_bounce/03_simulation_ensembles/themis_ensembles/ensemble/ens_15/23/.)
/g/g20/eljurf1/weave_demos/ball_bounce/03_simulation_ensembles/themis_ensembles/ensemble/ens_15/23/.
source/executors.py submitTHEMIS - INFO - 2023-01-24 18:50:54,518 - Launching run 24

Step(args=['/g/g20/eljurf1/weave_demos/ball_bounce/dist/ball_bounce', '--input_deck', 'input_deck'], tasks=1, cores_per_task=1, gpus_per_task=0, timeout=0, batch_script=False, cwd=/g/g20/eljurf1/weave_demos/ball_bounce/03_simulation_ensembles/themis_ensembles/ensemble/ens_15/24/.)
/g/g20/eljurf1/weave_demos/ball_bounce/03_simulation_ensembles/themis_ensembles/ensemble/ens_15/24/.
source/executors.py submitTHEMIS - INFO - 2023-01-24 18:50:54,534 - Launching run 25

Step(args=['/g/g20/eljurf1/weave_demos/ball_bounce/dist/ball_bounce', '--input_deck', 'input_deck'], tasks=1, cores_per_task=1, gpus_per_task=0, timeout=0, batch_script=False, cwd=/g/g20/eljurf1/weave_demos/ball_bounce/03_simulation_ensembles/themis_ensembles/ensemble/ens_15/25/.)
/g/g20/eljurf1/weave_demos/ball_bounce/03_simulation_ensembles/themis_ensembles/ensemble/ens_15/25/.
source/executors.py submit
THEMIS - INFO - 2023-01-24 18:50:54,547 - Launching run 26
Step(args=['/g/g20/eljurf1/weave_demos/ball_bounce/dist/ball_bounce', '--input_deck', 'input_deck'], tasks=1, cores_per_task=1, gpus_per_task=0, timeout=0, batch_script=False, cwd=/g/g20/eljurf1/weave_demos/ball_bounce/03_simulation_ensembles/themis_ensembles/ensemble/ens_15/26/.)
/g/g20/eljurf1/weave_demos/ball_bounce/03_simulation_ensembles/themis_ensembles/ensemble/ens_15/26/.
source/executors.py submitTHEMIS - INFO - 2023-01-24 18:50:54,561 - Launching run 27

Step(args=['/g/g20/eljurf1/weave_demos/ball_bounce/dist/ball_bounce', '--input_deck', 'input_deck'], tasks=1, cores_per_task=1, gpus_per_task=0, timeout=0, batch_script=False, cwd=/g/g20/eljurf1/weave_demos/ball_bounce/03_simulation_ensembles/themis_ensembles/ensemble/ens_15/27/.)
/g/g20/eljurf1/weave_demos/ball_bounce/03_simulation_ensembles/themis_ensembles/ensemble/ens_15/27/.
source/executors.py submitTHEMIS - INFO - 2023-01-24 18:50:54,575 - Launching run 28

Step(args=['/g/g20/eljurf1/weave_demos/ball_bounce/dist/ball_bounce', '--input_deck', 'input_deck'], tasks=1, cores_per_task=1, gpus_per_task=0, timeout=0, batch_script=False, cwd=/g/g20/eljurf1/weave_demos/ball_bounce/03_simulation_ensembles/themis_ensembles/ensemble/ens_15/28/.)
/g/g20/eljurf1/weave_demos/ball_bounce/03_simulation_ensembles/themis_ensembles/ensemble/ens_15/28/.
source/executors.py submitTHEMIS - INFO - 2023-01-24 18:50:54,589 - Launching run 29

Step(args=['/g/g20/eljurf1/weave_demos/ball_bounce/dist/ball_bounce', '--input_deck', 'input_deck'], tasks=1, cores_per_task=1, gpus_per_task=0, timeout=0, batch_script=False, cwd=/g/g20/eljurf1/weave_demos/ball_bounce/03_simulation_ensembles/themis_ensembles/ensemble/ens_15/29/.)
/g/g20/eljurf1/weave_demos/ball_bounce/03_simulation_ensembles/themis_ensembles/ensemble/ens_15/29/.
source/executors.py submitTHEMIS - INFO - 2023-01-24 18:50:54,603 - Launching run 30

Step(args=['/g/g20/eljurf1/weave_demos/ball_bounce/dist/ball_bounce', '--input_deck', 'input_deck'], tasks=1, cores_per_task=1, gpus_per_task=0, timeout=0, batch_script=False, cwd=/g/g20/eljurf1/weave_demos/ball_bounce/03_simulation_ensembles/themis_ensembles/ensemble/ens_15/30/.)
/g/g20/eljurf1/weave_demos/ball_bounce/03_simulation_ensembles/themis_ensembles/ensemble/ens_15/30/.
source/executors.py submitTHEMIS - INFO - 2023-01-24 18:50:54,616 - Launching run 31

Step(args=['/g/g20/eljurf1/weave_demos/ball_bounce/dist/ball_bounce', '--input_deck', 'input_deck'], tasks=1, cores_per_task=1, gpus_per_task=0, timeout=0, batch_script=False, cwd=/g/g20/eljurf1/weave_demos/ball_bounce/03_simulation_ensembles/themis_ensembles/ensemble/ens_15/31/.)
/g/g20/eljurf1/weave_demos/ball_bounce/03_simulation_ensembles/themis_ensembles/ensemble/ens_15/31/.
source/executors.py submitTHEMIS - INFO - 2023-01-24 18:50:54,630 - Launching run 32

Step(args=['/g/g20/eljurf1/weave_demos/ball_bounce/dist/ball_bounce', '--input_deck', 'input_deck'], tasks=1, cores_per_task=1, gpus_per_task=0, timeout=0, batch_script=False, cwd=/g/g20/eljurf1/weave_demos/ball_bounce/03_simulation_ensembles/themis_ensembles/ensemble/ens_15/32/.)
/g/g20/eljurf1/weave_demos/ball_bounce/03_simulation_ensembles/themis_ensembles/ensemble/ens_15/32/.
source/executors.py submitTHEMIS - INFO - 2023-01-24 18:50:54,646 - Launching run 33

Step(args=['/g/g20/eljurf1/weave_demos/ball_bounce/dist/ball_bounce', '--input_deck', 'input_deck'], tasks=1, cores_per_task=1, gpus_per_task=0, timeout=0, batch_script=False, cwd=/g/g20/eljurf1/weave_demos/ball_bounce/03_simulation_ensembles/themis_ensembles/ensemble/ens_15/33/.)
/g/g20/eljurf1/weave_demos/ball_bounce/03_simulation_ensembles/themis_ensembles/ensemble/ens_15/33/.
source/executors.py submitTHEMIS - INFO - 2023-01-24 18:50:54,659 - Launching run 34

Step(args=['/g/g20/eljurf1/weave_demos/ball_bounce/dist/ball_bounce', '--input_deck', 'input_deck'], tasks=1, cores_per_task=1, gpus_per_task=0, timeout=0, batch_script=False, cwd=/g/g20/eljurf1/weave_demos/ball_bounce/03_simulation_ensembles/themis_ensembles/ensemble/ens_15/34/.)
/g/g20/eljurf1/weave_demos/ball_bounce/03_simulation_ensembles/themis_ensembles/ensemble/ens_15/34/.
source/executors.py submitTHEMIS - INFO - 2023-01-24 18:50:54,675 - Launching run 35

Step(args=['/g/g20/eljurf1/weave_demos/ball_bounce/dist/ball_bounce', '--input_deck', 'input_deck'], tasks=1, cores_per_task=1, gpus_per_task=0, timeout=0, batch_script=False, cwd=/g/g20/eljurf1/weave_demos/ball_bounce/03_simulation_ensembles/themis_ensembles/ensemble/ens_15/35/.)
/g/g20/eljurf1/weave_demos/ball_bounce/03_simulation_ensembles/themis_ensembles/ensemble/ens_15/35/.
source/executors.py submitTHEMIS - INFO - 2023-01-24 18:50:54,689 - Launching run 36

Step(args=['/g/g20/eljurf1/weave_demos/ball_bounce/dist/ball_bounce', '--input_deck', 'input_deck'], tasks=1, cores_per_task=1, gpus_per_task=0, timeout=0, batch_script=False, cwd=/g/g20/eljurf1/weave_demos/ball_bounce/03_simulation_ensembles/themis_ensembles/ensemble/ens_15/36/.)
/g/g20/eljurf1/weave_demos/ball_bounce/03_simulation_ensembles/themis_ensembles/ensemble/ens_15/36/.
source/executors.py submitTHEMIS - INFO - 2023-01-24 18:50:54,703 - Launching run 37

Step(args=['/g/g20/eljurf1/weave_demos/ball_bounce/dist/ball_bounce', '--input_deck', 'input_deck'], tasks=1, cores_per_task=1, gpus_per_task=0, timeout=0, batch_script=False, cwd=/g/g20/eljurf1/weave_demos/ball_bounce/03_simulation_ensembles/themis_ensembles/ensemble/ens_15/37/.)
/g/g20/eljurf1/weave_demos/ball_bounce/03_simulation_ensembles/themis_ensembles/ensemble/ens_15/37/.
source/executors.py submitTHEMIS - INFO - 2023-01-24 18:50:54,718 - Launching run 38

Step(args=['/g/g20/eljurf1/weave_demos/ball_bounce/dist/ball_bounce', '--input_deck', 'input_deck'], tasks=1, cores_per_task=1, gpus_per_task=0, timeout=0, batch_script=False, cwd=/g/g20/eljurf1/weave_demos/ball_bounce/03_simulation_ensembles/themis_ensembles/ensemble/ens_15/38/.)
/g/g20/eljurf1/weave_demos/ball_bounce/03_simulation_ensembles/themis_ensembles/ensemble/ens_15/38/.
source/executors.py submitTHEMIS - INFO - 2023-01-24 18:50:54,733 - Launching run 39

Step(args=['/g/g20/eljurf1/weave_demos/ball_bounce/dist/ball_bounce', '--input_deck', 'input_deck'], tasks=1, cores_per_task=1, gpus_per_task=0, timeout=0, batch_script=False, cwd=/g/g20/eljurf1/weave_demos/ball_bounce/03_simulation_ensembles/themis_ensembles/ensemble/ens_15/39/.)
/g/g20/eljurf1/weave_demos/ball_bounce/03_simulation_ensembles/themis_ensembles/ensemble/ens_15/39/.
source/executors.py submitTHEMIS - INFO - 2023-01-24 18:50:54,747 - Launching run 40

Step(args=['/g/g20/eljurf1/weave_demos/ball_bounce/dist/ball_bounce', '--input_deck', 'input_deck'], tasks=1, cores_per_task=1, gpus_per_task=0, timeout=0, batch_script=False, cwd=/g/g20/eljurf1/weave_demos/ball_bounce/03_simulation_ensembles/themis_ensembles/ensemble/ens_15/40/.)
/g/g20/eljurf1/weave_demos/ball_bounce/03_simulation_ensembles/themis_ensembles/ensemble/ens_15/40/.
source/executors.py submit
THEMIS - INFO - 2023-01-24 18:50:54,762 - Launching run 41
Step(args=['/g/g20/eljurf1/weave_demos/ball_bounce/dist/ball_bounce', '--input_deck', 'input_deck'], tasks=1, cores_per_task=1, gpus_per_task=0, timeout=0, batch_script=False, cwd=/g/g20/eljurf1/weave_demos/ball_bounce/03_simulation_ensembles/themis_ensembles/ensemble/ens_15/41/.)
/g/g20/eljurf1/weave_demos/ball_bounce/03_simulation_ensembles/themis_ensembles/ensemble/ens_15/41/.
source/executors.py submitTHEMIS - INFO - 2023-01-24 18:50:54,776 - Launching run 42

Step(args=['/g/g20/eljurf1/weave_demos/ball_bounce/dist/ball_bounce', '--input_deck', 'input_deck'], tasks=1, cores_per_task=1, gpus_per_task=0, timeout=0, batch_script=False, cwd=/g/g20/eljurf1/weave_demos/ball_bounce/03_simulation_ensembles/themis_ensembles/ensemble/ens_15/42/.)
/g/g20/eljurf1/weave_demos/ball_bounce/03_simulation_ensembles/themis_ensembles/ensemble/ens_15/42/.
source/executors.py submitTHEMIS - INFO - 2023-01-24 18:50:54,791 - Launching run 43

Step(args=['/g/g20/eljurf1/weave_demos/ball_bounce/dist/ball_bounce', '--input_deck', 'input_deck'], tasks=1, cores_per_task=1, gpus_per_task=0, timeout=0, batch_script=False, cwd=/g/g20/eljurf1/weave_demos/ball_bounce/03_simulation_ensembles/themis_ensembles/ensemble/ens_15/43/.)
/g/g20/eljurf1/weave_demos/ball_bounce/03_simulation_ensembles/themis_ensembles/ensemble/ens_15/43/.
source/executors.py submitTHEMIS - INFO - 2023-01-24 18:50:54,806 - Launching run 44

Step(args=['/g/g20/eljurf1/weave_demos/ball_bounce/dist/ball_bounce', '--input_deck', 'input_deck'], tasks=1, cores_per_task=1, gpus_per_task=0, timeout=0, batch_script=False, cwd=/g/g20/eljurf1/weave_demos/ball_bounce/03_simulation_ensembles/themis_ensembles/ensemble/ens_15/44/.)
/g/g20/eljurf1/weave_demos/ball_bounce/03_simulation_ensembles/themis_ensembles/ensemble/ens_15/44/.
source/executors.py submitTHEMIS - INFO - 2023-01-24 18:50:54,820 - Launching run 45

Step(args=['/g/g20/eljurf1/weave_demos/ball_bounce/dist/ball_bounce', '--input_deck', 'input_deck'], tasks=1, cores_per_task=1, gpus_per_task=0, timeout=0, batch_script=False, cwd=/g/g20/eljurf1/weave_demos/ball_bounce/03_simulation_ensembles/themis_ensembles/ensemble/ens_15/45/.)
/g/g20/eljurf1/weave_demos/ball_bounce/03_simulation_ensembles/themis_ensembles/ensemble/ens_15/45/.
source/executors.py submitTHEMIS - INFO - 2023-01-24 18:50:54,835 - Launching run 46

Step(args=['/g/g20/eljurf1/weave_demos/ball_bounce/dist/ball_bounce', '--input_deck', 'input_deck'], tasks=1, cores_per_task=1, gpus_per_task=0, timeout=0, batch_script=False, cwd=/g/g20/eljurf1/weave_demos/ball_bounce/03_simulation_ensembles/themis_ensembles/ensemble/ens_15/46/.)
/g/g20/eljurf1/weave_demos/ball_bounce/03_simulation_ensembles/themis_ensembles/ensemble/ens_15/46/.
source/executors.py submitTHEMIS - INFO - 2023-01-24 18:50:54,850 - Launching run 47

Step(args=['/g/g20/eljurf1/weave_demos/ball_bounce/dist/ball_bounce', '--input_deck', 'input_deck'], tasks=1, cores_per_task=1, gpus_per_task=0, timeout=0, batch_script=False, cwd=/g/g20/eljurf1/weave_demos/ball_bounce/03_simulation_ensembles/themis_ensembles/ensemble/ens_15/47/.)
/g/g20/eljurf1/weave_demos/ball_bounce/03_simulation_ensembles/themis_ensembles/ensemble/ens_15/47/.
source/executors.py submitTHEMIS - INFO - 2023-01-24 18:50:54,865 - Launching run 48

Step(args=['/g/g20/eljurf1/weave_demos/ball_bounce/dist/ball_bounce', '--input_deck', 'input_deck'], tasks=1, cores_per_task=1, gpus_per_task=0, timeout=0, batch_script=False, cwd=/g/g20/eljurf1/weave_demos/ball_bounce/03_simulation_ensembles/themis_ensembles/ensemble/ens_15/48/.)
/g/g20/eljurf1/weave_demos/ball_bounce/03_simulation_ensembles/themis_ensembles/ensemble/ens_15/48/.
source/executors.py submitTHEMIS - INFO - 2023-01-24 18:50:54,880 - Launching run 49

Step(args=['/g/g20/eljurf1/weave_demos/ball_bounce/dist/ball_bounce', '--input_deck', 'input_deck'], tasks=1, cores_per_task=1, gpus_per_task=0, timeout=0, batch_script=False, cwd=/g/g20/eljurf1/weave_demos/ball_bounce/03_simulation_ensembles/themis_ensembles/ensemble/ens_15/49/.)
/g/g20/eljurf1/weave_demos/ball_bounce/03_simulation_ensembles/themis_ensembles/ensemble/ens_15/49/.
source/executors.py submitTHEMIS - INFO - 2023-01-24 18:50:54,895 - Launching run 50

Step(args=['/g/g20/eljurf1/weave_demos/ball_bounce/dist/ball_bounce', '--input_deck', 'input_deck'], tasks=1, cores_per_task=1, gpus_per_task=0, timeout=0, batch_script=False, cwd=/g/g20/eljurf1/weave_demos/ball_bounce/03_simulation_ensembles/themis_ensembles/ensemble/ens_15/50/.)
/g/g20/eljurf1/weave_demos/ball_bounce/03_simulation_ensembles/themis_ensembles/ensemble/ens_15/50/.
source/executors.py submitTHEMIS - INFO - 2023-01-24 18:50:54,909 - Launching run 51

Step(args=['/g/g20/eljurf1/weave_demos/ball_bounce/dist/ball_bounce', '--input_deck', 'input_deck'], tasks=1, cores_per_task=1, gpus_per_task=0, timeout=0, batch_script=False, cwd=/g/g20/eljurf1/weave_demos/ball_bounce/03_simulation_ensembles/themis_ensembles/ensemble/ens_15/51/.)
/g/g20/eljurf1/weave_demos/ball_bounce/03_simulation_ensembles/themis_ensembles/ensemble/ens_15/51/.
source/executors.py submitTHEMIS - INFO - 2023-01-24 18:50:54,924 - Launching run 52

Step(args=['/g/g20/eljurf1/weave_demos/ball_bounce/dist/ball_bounce', '--input_deck', 'input_deck'], tasks=1, cores_per_task=1, gpus_per_task=0, timeout=0, batch_script=False, cwd=/g/g20/eljurf1/weave_demos/ball_bounce/03_simulation_ensembles/themis_ensembles/ensemble/ens_15/52/.)
/g/g20/eljurf1/weave_demos/ball_bounce/03_simulation_ensembles/themis_ensembles/ensemble/ens_15/52/.
source/executors.py submitTHEMIS - INFO - 2023-01-24 18:50:54,938 - Launching run 53

Step(args=['/g/g20/eljurf1/weave_demos/ball_bounce/dist/ball_bounce', '--input_deck', 'input_deck'], tasks=1, cores_per_task=1, gpus_per_task=0, timeout=0, batch_script=False, cwd=/g/g20/eljurf1/weave_demos/ball_bounce/03_simulation_ensembles/themis_ensembles/ensemble/ens_15/53/.)
/g/g20/eljurf1/weave_demos/ball_bounce/03_simulation_ensembles/themis_ensembles/ensemble/ens_15/53/.
source/executors.py submitTHEMIS - INFO - 2023-01-24 18:50:54,952 - Launching run 54

Step(args=['/g/g20/eljurf1/weave_demos/ball_bounce/dist/ball_bounce', '--input_deck', 'input_deck'], tasks=1, cores_per_task=1, gpus_per_task=0, timeout=0, batch_script=False, cwd=/g/g20/eljurf1/weave_demos/ball_bounce/03_simulation_ensembles/themis_ensembles/ensemble/ens_15/54/.)
/g/g20/eljurf1/weave_demos/ball_bounce/03_simulation_ensembles/themis_ensembles/ensemble/ens_15/54/.
source/executors.py submitTHEMIS - INFO - 2023-01-24 18:50:54,968 - Launching run 55

Step(args=['/g/g20/eljurf1/weave_demos/ball_bounce/dist/ball_bounce', '--input_deck', 'input_deck'], tasks=1, cores_per_task=1, gpus_per_task=0, timeout=0, batch_script=False, cwd=/g/g20/eljurf1/weave_demos/ball_bounce/03_simulation_ensembles/themis_ensembles/ensemble/ens_15/55/.)
/g/g20/eljurf1/weave_demos/ball_bounce/03_simulation_ensembles/themis_ensembles/ensemble/ens_15/55/.
source/executors.py submitTHEMIS - INFO - 2023-01-24 18:50:54,982 - Launching run 56

Step(args=['/g/g20/eljurf1/weave_demos/ball_bounce/dist/ball_bounce', '--input_deck', 'input_deck'], tasks=1, cores_per_task=1, gpus_per_task=0, timeout=0, batch_script=False, cwd=/g/g20/eljurf1/weave_demos/ball_bounce/03_simulation_ensembles/themis_ensembles/ensemble/ens_15/56/.)
/g/g20/eljurf1/weave_demos/ball_bounce/03_simulation_ensembles/themis_ensembles/ensemble/ens_15/56/.
source/executors.py submitTHEMIS - INFO - 2023-01-24 18:50:54,997 - Launching run 57

Step(args=['/g/g20/eljurf1/weave_demos/ball_bounce/dist/ball_bounce', '--input_deck', 'input_deck'], tasks=1, cores_per_task=1, gpus_per_task=0, timeout=0, batch_script=False, cwd=/g/g20/eljurf1/weave_demos/ball_bounce/03_simulation_ensembles/themis_ensembles/ensemble/ens_15/57/.)
/g/g20/eljurf1/weave_demos/ball_bounce/03_simulation_ensembles/themis_ensembles/ensemble/ens_15/57/.
source/executors.py submit
THEMIS - INFO - 2023-01-24 18:50:55,012 - Launching run 58
Step(args=['/g/g20/eljurf1/weave_demos/ball_bounce/dist/ball_bounce', '--input_deck', 'input_deck'], tasks=1, cores_per_task=1, gpus_per_task=0, timeout=0, batch_script=False, cwd=/g/g20/eljurf1/weave_demos/ball_bounce/03_simulation_ensembles/themis_ensembles/ensemble/ens_15/58/.)
/g/g20/eljurf1/weave_demos/ball_bounce/03_simulation_ensembles/themis_ensembles/ensemble/ens_15/58/.
source/executors.py submitTHEMIS - INFO - 2023-01-24 18:50:55,026 - Launching run 59

Step(args=['/g/g20/eljurf1/weave_demos/ball_bounce/dist/ball_bounce', '--input_deck', 'input_deck'], tasks=1, cores_per_task=1, gpus_per_task=0, timeout=0, batch_script=False, cwd=/g/g20/eljurf1/weave_demos/ball_bounce/03_simulation_ensembles/themis_ensembles/ensemble/ens_15/59/.)
/g/g20/eljurf1/weave_demos/ball_bounce/03_simulation_ensembles/themis_ensembles/ensemble/ens_15/59/.
source/executors.py submitTHEMIS - INFO - 2023-01-24 18:50:55,041 - Launching run 60

Step(args=['/g/g20/eljurf1/weave_demos/ball_bounce/dist/ball_bounce', '--input_deck', 'input_deck'], tasks=1, cores_per_task=1, gpus_per_task=0, timeout=0, batch_script=False, cwd=/g/g20/eljurf1/weave_demos/ball_bounce/03_simulation_ensembles/themis_ensembles/ensemble/ens_15/60/.)
/g/g20/eljurf1/weave_demos/ball_bounce/03_simulation_ensembles/themis_ensembles/ensemble/ens_15/60/.
source/executors.py submitTHEMIS - INFO - 2023-01-24 18:50:55,053 - Launching run 61

Step(args=['/g/g20/eljurf1/weave_demos/ball_bounce/dist/ball_bounce', '--input_deck', 'input_deck'], tasks=1, cores_per_task=1, gpus_per_task=0, timeout=0, batch_script=False, cwd=/g/g20/eljurf1/weave_demos/ball_bounce/03_simulation_ensembles/themis_ensembles/ensemble/ens_15/61/.)
/g/g20/eljurf1/weave_demos/ball_bounce/03_simulation_ensembles/themis_ensembles/ensemble/ens_15/61/.
source/executors.py submitTHEMIS - INFO - 2023-01-24 18:50:55,070 - Launching run 62

Step(args=['/g/g20/eljurf1/weave_demos/ball_bounce/dist/ball_bounce', '--input_deck', 'input_deck'], tasks=1, cores_per_task=1, gpus_per_task=0, timeout=0, batch_script=False, cwd=/g/g20/eljurf1/weave_demos/ball_bounce/03_simulation_ensembles/themis_ensembles/ensemble/ens_15/62/.)
/g/g20/eljurf1/weave_demos/ball_bounce/03_simulation_ensembles/themis_ensembles/ensemble/ens_15/62/.
source/executors.py submitTHEMIS - INFO - 2023-01-24 18:50:55,084 - Launching run 63

Step(args=['/g/g20/eljurf1/weave_demos/ball_bounce/dist/ball_bounce', '--input_deck', 'input_deck'], tasks=1, cores_per_task=1, gpus_per_task=0, timeout=0, batch_script=False, cwd=/g/g20/eljurf1/weave_demos/ball_bounce/03_simulation_ensembles/themis_ensembles/ensemble/ens_15/63/.)
/g/g20/eljurf1/weave_demos/ball_bounce/03_simulation_ensembles/themis_ensembles/ensemble/ens_15/63/.
source/executors.py submitTHEMIS - INFO - 2023-01-24 18:50:55,098 - Launching run 64

Step(args=['/g/g20/eljurf1/weave_demos/ball_bounce/dist/ball_bounce', '--input_deck', 'input_deck'], tasks=1, cores_per_task=1, gpus_per_task=0, timeout=0, batch_script=False, cwd=/g/g20/eljurf1/weave_demos/ball_bounce/03_simulation_ensembles/themis_ensembles/ensemble/ens_15/64/.)
/g/g20/eljurf1/weave_demos/ball_bounce/03_simulation_ensembles/themis_ensembles/ensemble/ens_15/64/.
source/executors.py submitTHEMIS - INFO - 2023-01-24 18:50:55,113 - Launching run 65

Step(args=['/g/g20/eljurf1/weave_demos/ball_bounce/dist/ball_bounce', '--input_deck', 'input_deck'], tasks=1, cores_per_task=1, gpus_per_task=0, timeout=0, batch_script=False, cwd=/g/g20/eljurf1/weave_demos/ball_bounce/03_simulation_ensembles/themis_ensembles/ensemble/ens_15/65/.)
/g/g20/eljurf1/weave_demos/ball_bounce/03_simulation_ensembles/themis_ensembles/ensemble/ens_15/65/.
source/executors.py submitTHEMIS - INFO - 2023-01-24 18:50:55,129 - Launching run 66

Step(args=['/g/g20/eljurf1/weave_demos/ball_bounce/dist/ball_bounce', '--input_deck', 'input_deck'], tasks=1, cores_per_task=1, gpus_per_task=0, timeout=0, batch_script=False, cwd=/g/g20/eljurf1/weave_demos/ball_bounce/03_simulation_ensembles/themis_ensembles/ensemble/ens_15/66/.)
/g/g20/eljurf1/weave_demos/ball_bounce/03_simulation_ensembles/themis_ensembles/ensemble/ens_15/66/.
source/executors.py submitTHEMIS - INFO - 2023-01-24 18:50:55,143 - Launching run 67

Step(args=['/g/g20/eljurf1/weave_demos/ball_bounce/dist/ball_bounce', '--input_deck', 'input_deck'], tasks=1, cores_per_task=1, gpus_per_task=0, timeout=0, batch_script=False, cwd=/g/g20/eljurf1/weave_demos/ball_bounce/03_simulation_ensembles/themis_ensembles/ensemble/ens_15/67/.)
/g/g20/eljurf1/weave_demos/ball_bounce/03_simulation_ensembles/themis_ensembles/ensemble/ens_15/67/.
source/executors.py submitTHEMIS - INFO - 2023-01-24 18:50:55,157 - Launching run 68

Step(args=['/g/g20/eljurf1/weave_demos/ball_bounce/dist/ball_bounce', '--input_deck', 'input_deck'], tasks=1, cores_per_task=1, gpus_per_task=0, timeout=0, batch_script=False, cwd=/g/g20/eljurf1/weave_demos/ball_bounce/03_simulation_ensembles/themis_ensembles/ensemble/ens_15/68/.)
/g/g20/eljurf1/weave_demos/ball_bounce/03_simulation_ensembles/themis_ensembles/ensemble/ens_15/68/.
source/executors.py submitTHEMIS - INFO - 2023-01-24 18:50:55,172 - Launching run 69

Step(args=['/g/g20/eljurf1/weave_demos/ball_bounce/dist/ball_bounce', '--input_deck', 'input_deck'], tasks=1, cores_per_task=1, gpus_per_task=0, timeout=0, batch_script=False, cwd=/g/g20/eljurf1/weave_demos/ball_bounce/03_simulation_ensembles/themis_ensembles/ensemble/ens_15/69/.)
/g/g20/eljurf1/weave_demos/ball_bounce/03_simulation_ensembles/themis_ensembles/ensemble/ens_15/69/.
source/executors.py submitTHEMIS - INFO - 2023-01-24 18:50:55,187 - Launching run 70

Step(args=['/g/g20/eljurf1/weave_demos/ball_bounce/dist/ball_bounce', '--input_deck', 'input_deck'], tasks=1, cores_per_task=1, gpus_per_task=0, timeout=0, batch_script=False, cwd=/g/g20/eljurf1/weave_demos/ball_bounce/03_simulation_ensembles/themis_ensembles/ensemble/ens_15/70/.)
/g/g20/eljurf1/weave_demos/ball_bounce/03_simulation_ensembles/themis_ensembles/ensemble/ens_15/70/.
source/executors.py submit
THEMIS - INFO - 2023-01-24 18:50:55,201 - Launching run 71
Step(args=['/g/g20/eljurf1/weave_demos/ball_bounce/dist/ball_bounce', '--input_deck', 'input_deck'], tasks=1, cores_per_task=1, gpus_per_task=0, timeout=0, batch_script=False, cwd=/g/g20/eljurf1/weave_demos/ball_bounce/03_simulation_ensembles/themis_ensembles/ensemble/ens_15/71/.)
/g/g20/eljurf1/weave_demos/ball_bounce/03_simulation_ensembles/themis_ensembles/ensemble/ens_15/71/.
source/executors.py submitTHEMIS - INFO - 2023-01-24 18:50:55,216 - Launching run 72

Step(args=['/g/g20/eljurf1/weave_demos/ball_bounce/dist/ball_bounce', '--input_deck', 'input_deck'], tasks=1, cores_per_task=1, gpus_per_task=0, timeout=0, batch_script=False, cwd=/g/g20/eljurf1/weave_demos/ball_bounce/03_simulation_ensembles/themis_ensembles/ensemble/ens_15/72/.)
/g/g20/eljurf1/weave_demos/ball_bounce/03_simulation_ensembles/themis_ensembles/ensemble/ens_15/72/.
source/executors.py submitTHEMIS - INFO - 2023-01-24 18:50:55,230 - Launching run 73

Step(args=['/g/g20/eljurf1/weave_demos/ball_bounce/dist/ball_bounce', '--input_deck', 'input_deck'], tasks=1, cores_per_task=1, gpus_per_task=0, timeout=0, batch_script=False, cwd=/g/g20/eljurf1/weave_demos/ball_bounce/03_simulation_ensembles/themis_ensembles/ensemble/ens_15/73/.)
/g/g20/eljurf1/weave_demos/ball_bounce/03_simulation_ensembles/themis_ensembles/ensemble/ens_15/73/.
source/executors.py submitTHEMIS - INFO - 2023-01-24 18:50:55,245 - Launching run 74

Step(args=['/g/g20/eljurf1/weave_demos/ball_bounce/dist/ball_bounce', '--input_deck', 'input_deck'], tasks=1, cores_per_task=1, gpus_per_task=0, timeout=0, batch_script=False, cwd=/g/g20/eljurf1/weave_demos/ball_bounce/03_simulation_ensembles/themis_ensembles/ensemble/ens_15/74/.)
/g/g20/eljurf1/weave_demos/ball_bounce/03_simulation_ensembles/themis_ensembles/ensemble/ens_15/74/.
source/executors.py submitTHEMIS - INFO - 2023-01-24 18:50:55,259 - Launching run 75

Step(args=['/g/g20/eljurf1/weave_demos/ball_bounce/dist/ball_bounce', '--input_deck', 'input_deck'], tasks=1, cores_per_task=1, gpus_per_task=0, timeout=0, batch_script=False, cwd=/g/g20/eljurf1/weave_demos/ball_bounce/03_simulation_ensembles/themis_ensembles/ensemble/ens_15/75/.)
/g/g20/eljurf1/weave_demos/ball_bounce/03_simulation_ensembles/themis_ensembles/ensemble/ens_15/75/.
source/executors.py submitTHEMIS - INFO - 2023-01-24 18:50:55,271 - Launching run 76

Step(args=['/g/g20/eljurf1/weave_demos/ball_bounce/dist/ball_bounce', '--input_deck', 'input_deck'], tasks=1, cores_per_task=1, gpus_per_task=0, timeout=0, batch_script=False, cwd=/g/g20/eljurf1/weave_demos/ball_bounce/03_simulation_ensembles/themis_ensembles/ensemble/ens_15/76/.)
/g/g20/eljurf1/weave_demos/ball_bounce/03_simulation_ensembles/themis_ensembles/ensemble/ens_15/76/.
source/executors.py submitTHEMIS - INFO - 2023-01-24 18:50:55,284 - Launching run 77

Step(args=['/g/g20/eljurf1/weave_demos/ball_bounce/dist/ball_bounce', '--input_deck', 'input_deck'], tasks=1, cores_per_task=1, gpus_per_task=0, timeout=0, batch_script=False, cwd=/g/g20/eljurf1/weave_demos/ball_bounce/03_simulation_ensembles/themis_ensembles/ensemble/ens_15/77/.)
/g/g20/eljurf1/weave_demos/ball_bounce/03_simulation_ensembles/themis_ensembles/ensemble/ens_15/77/.
source/executors.py submitTHEMIS - INFO - 2023-01-24 18:50:55,300 - Launching run 78

Step(args=['/g/g20/eljurf1/weave_demos/ball_bounce/dist/ball_bounce', '--input_deck', 'input_deck'], tasks=1, cores_per_task=1, gpus_per_task=0, timeout=0, batch_script=False, cwd=/g/g20/eljurf1/weave_demos/ball_bounce/03_simulation_ensembles/themis_ensembles/ensemble/ens_15/78/.)
/g/g20/eljurf1/weave_demos/ball_bounce/03_simulation_ensembles/themis_ensembles/ensemble/ens_15/78/.
source/executors.py submitTHEMIS - INFO - 2023-01-24 18:50:55,314 - Launching run 79

Step(args=['/g/g20/eljurf1/weave_demos/ball_bounce/dist/ball_bounce', '--input_deck', 'input_deck'], tasks=1, cores_per_task=1, gpus_per_task=0, timeout=0, batch_script=False, cwd=/g/g20/eljurf1/weave_demos/ball_bounce/03_simulation_ensembles/themis_ensembles/ensemble/ens_15/79/.)
/g/g20/eljurf1/weave_demos/ball_bounce/03_simulation_ensembles/themis_ensembles/ensemble/ens_15/79/.
source/executors.py submitTHEMIS - INFO - 2023-01-24 18:50:55,328 - Launching run 80

Step(args=['/g/g20/eljurf1/weave_demos/ball_bounce/dist/ball_bounce', '--input_deck', 'input_deck'], tasks=1, cores_per_task=1, gpus_per_task=0, timeout=0, batch_script=False, cwd=/g/g20/eljurf1/weave_demos/ball_bounce/03_simulation_ensembles/themis_ensembles/ensemble/ens_15/80/.)
/g/g20/eljurf1/weave_demos/ball_bounce/03_simulation_ensembles/themis_ensembles/ensemble/ens_15/80/.
source/executors.py submitTHEMIS - INFO - 2023-01-24 18:50:55,342 - Launching run 81

Step(args=['/g/g20/eljurf1/weave_demos/ball_bounce/dist/ball_bounce', '--input_deck', 'input_deck'], tasks=1, cores_per_task=1, gpus_per_task=0, timeout=0, batch_script=False, cwd=/g/g20/eljurf1/weave_demos/ball_bounce/03_simulation_ensembles/themis_ensembles/ensemble/ens_15/81/.)
/g/g20/eljurf1/weave_demos/ball_bounce/03_simulation_ensembles/themis_ensembles/ensemble/ens_15/81/.
source/executors.py submitTHEMIS - INFO - 2023-01-24 18:50:55,355 - Launching run 82

Step(args=['/g/g20/eljurf1/weave_demos/ball_bounce/dist/ball_bounce', '--input_deck', 'input_deck'], tasks=1, cores_per_task=1, gpus_per_task=0, timeout=0, batch_script=False, cwd=/g/g20/eljurf1/weave_demos/ball_bounce/03_simulation_ensembles/themis_ensembles/ensemble/ens_15/82/.)
/g/g20/eljurf1/weave_demos/ball_bounce/03_simulation_ensembles/themis_ensembles/ensemble/ens_15/82/.
source/executors.py submitTHEMIS - INFO - 2023-01-24 18:50:55,370 - Launching run 83

Step(args=['/g/g20/eljurf1/weave_demos/ball_bounce/dist/ball_bounce', '--input_deck', 'input_deck'], tasks=1, cores_per_task=1, gpus_per_task=0, timeout=0, batch_script=False, cwd=/g/g20/eljurf1/weave_demos/ball_bounce/03_simulation_ensembles/themis_ensembles/ensemble/ens_15/83/.)
/g/g20/eljurf1/weave_demos/ball_bounce/03_simulation_ensembles/themis_ensembles/ensemble/ens_15/83/.
source/executors.py submit
THEMIS - INFO - 2023-01-24 18:50:55,384 - Launching run 84
Step(args=['/g/g20/eljurf1/weave_demos/ball_bounce/dist/ball_bounce', '--input_deck', 'input_deck'], tasks=1, cores_per_task=1, gpus_per_task=0, timeout=0, batch_script=False, cwd=/g/g20/eljurf1/weave_demos/ball_bounce/03_simulation_ensembles/themis_ensembles/ensemble/ens_15/84/.)
/g/g20/eljurf1/weave_demos/ball_bounce/03_simulation_ensembles/themis_ensembles/ensemble/ens_15/84/.
source/executors.py submitTHEMIS - INFO - 2023-01-24 18:50:55,399 - Launching run 85

Step(args=['/g/g20/eljurf1/weave_demos/ball_bounce/dist/ball_bounce', '--input_deck', 'input_deck'], tasks=1, cores_per_task=1, gpus_per_task=0, timeout=0, batch_script=False, cwd=/g/g20/eljurf1/weave_demos/ball_bounce/03_simulation_ensembles/themis_ensembles/ensemble/ens_15/85/.)
/g/g20/eljurf1/weave_demos/ball_bounce/03_simulation_ensembles/themis_ensembles/ensemble/ens_15/85/.
source/executors.py submitTHEMIS - INFO - 2023-01-24 18:50:55,413 - Launching run 86

Step(args=['/g/g20/eljurf1/weave_demos/ball_bounce/dist/ball_bounce', '--input_deck', 'input_deck'], tasks=1, cores_per_task=1, gpus_per_task=0, timeout=0, batch_script=False, cwd=/g/g20/eljurf1/weave_demos/ball_bounce/03_simulation_ensembles/themis_ensembles/ensemble/ens_15/86/.)
/g/g20/eljurf1/weave_demos/ball_bounce/03_simulation_ensembles/themis_ensembles/ensemble/ens_15/86/.
source/executors.py submitTHEMIS - INFO - 2023-01-24 18:50:55,427 - Launching run 87

Step(args=['/g/g20/eljurf1/weave_demos/ball_bounce/dist/ball_bounce', '--input_deck', 'input_deck'], tasks=1, cores_per_task=1, gpus_per_task=0, timeout=0, batch_script=False, cwd=/g/g20/eljurf1/weave_demos/ball_bounce/03_simulation_ensembles/themis_ensembles/ensemble/ens_15/87/.)
/g/g20/eljurf1/weave_demos/ball_bounce/03_simulation_ensembles/themis_ensembles/ensemble/ens_15/87/.
source/executors.py submitTHEMIS - INFO - 2023-01-24 18:50:55,442 - Launching run 88

Step(args=['/g/g20/eljurf1/weave_demos/ball_bounce/dist/ball_bounce', '--input_deck', 'input_deck'], tasks=1, cores_per_task=1, gpus_per_task=0, timeout=0, batch_script=False, cwd=/g/g20/eljurf1/weave_demos/ball_bounce/03_simulation_ensembles/themis_ensembles/ensemble/ens_15/88/.)
/g/g20/eljurf1/weave_demos/ball_bounce/03_simulation_ensembles/themis_ensembles/ensemble/ens_15/88/.
source/executors.py submitTHEMIS - INFO - 2023-01-24 18:50:55,455 - Launching run 89

Step(args=['/g/g20/eljurf1/weave_demos/ball_bounce/dist/ball_bounce', '--input_deck', 'input_deck'], tasks=1, cores_per_task=1, gpus_per_task=0, timeout=0, batch_script=False, cwd=/g/g20/eljurf1/weave_demos/ball_bounce/03_simulation_ensembles/themis_ensembles/ensemble/ens_15/89/.)
/g/g20/eljurf1/weave_demos/ball_bounce/03_simulation_ensembles/themis_ensembles/ensemble/ens_15/89/.
source/executors.py submitTHEMIS - INFO - 2023-01-24 18:50:55,468 - Launching run 90

Step(args=['/g/g20/eljurf1/weave_demos/ball_bounce/dist/ball_bounce', '--input_deck', 'input_deck'], tasks=1, cores_per_task=1, gpus_per_task=0, timeout=0, batch_script=False, cwd=/g/g20/eljurf1/weave_demos/ball_bounce/03_simulation_ensembles/themis_ensembles/ensemble/ens_15/90/.)
/g/g20/eljurf1/weave_demos/ball_bounce/03_simulation_ensembles/themis_ensembles/ensemble/ens_15/90/.
source/executors.py submitTHEMIS - INFO - 2023-01-24 18:50:55,482 - Launching run 91

Step(args=['/g/g20/eljurf1/weave_demos/ball_bounce/dist/ball_bounce', '--input_deck', 'input_deck'], tasks=1, cores_per_task=1, gpus_per_task=0, timeout=0, batch_script=False, cwd=/g/g20/eljurf1/weave_demos/ball_bounce/03_simulation_ensembles/themis_ensembles/ensemble/ens_15/91/.)
/g/g20/eljurf1/weave_demos/ball_bounce/03_simulation_ensembles/themis_ensembles/ensemble/ens_15/91/.
source/executors.py submitTHEMIS - INFO - 2023-01-24 18:50:55,497 - Launching run 92

Step(args=['/g/g20/eljurf1/weave_demos/ball_bounce/dist/ball_bounce', '--input_deck', 'input_deck'], tasks=1, cores_per_task=1, gpus_per_task=0, timeout=0, batch_script=False, cwd=/g/g20/eljurf1/weave_demos/ball_bounce/03_simulation_ensembles/themis_ensembles/ensemble/ens_15/92/.)
/g/g20/eljurf1/weave_demos/ball_bounce/03_simulation_ensembles/themis_ensembles/ensemble/ens_15/92/.
source/executors.py submitTHEMIS - INFO - 2023-01-24 18:50:55,510 - Launching run 93

Step(args=['/g/g20/eljurf1/weave_demos/ball_bounce/dist/ball_bounce', '--input_deck', 'input_deck'], tasks=1, cores_per_task=1, gpus_per_task=0, timeout=0, batch_script=False, cwd=/g/g20/eljurf1/weave_demos/ball_bounce/03_simulation_ensembles/themis_ensembles/ensemble/ens_15/93/.)
/g/g20/eljurf1/weave_demos/ball_bounce/03_simulation_ensembles/themis_ensembles/ensemble/ens_15/93/.
source/executors.py submitTHEMIS - INFO - 2023-01-24 18:50:55,522 - Launching run 94

Step(args=['/g/g20/eljurf1/weave_demos/ball_bounce/dist/ball_bounce', '--input_deck', 'input_deck'], tasks=1, cores_per_task=1, gpus_per_task=0, timeout=0, batch_script=False, cwd=/g/g20/eljurf1/weave_demos/ball_bounce/03_simulation_ensembles/themis_ensembles/ensemble/ens_15/94/.)
/g/g20/eljurf1/weave_demos/ball_bounce/03_simulation_ensembles/themis_ensembles/ensemble/ens_15/94/.
source/executors.py submitTHEMIS - INFO - 2023-01-24 18:50:55,535 - Launching run 95

Step(args=['/g/g20/eljurf1/weave_demos/ball_bounce/dist/ball_bounce', '--input_deck', 'input_deck'], tasks=1, cores_per_task=1, gpus_per_task=0, timeout=0, batch_script=False, cwd=/g/g20/eljurf1/weave_demos/ball_bounce/03_simulation_ensembles/themis_ensembles/ensemble/ens_15/95/.)
/g/g20/eljurf1/weave_demos/ball_bounce/03_simulation_ensembles/themis_ensembles/ensemble/ens_15/95/.
source/executors.py submitTHEMIS - INFO - 2023-01-24 18:50:55,550 - Launching run 96

Step(args=['/g/g20/eljurf1/weave_demos/ball_bounce/dist/ball_bounce', '--input_deck', 'input_deck'], tasks=1, cores_per_task=1, gpus_per_task=0, timeout=0, batch_script=False, cwd=/g/g20/eljurf1/weave_demos/ball_bounce/03_simulation_ensembles/themis_ensembles/ensemble/ens_15/96/.)
/g/g20/eljurf1/weave_demos/ball_bounce/03_simulation_ensembles/themis_ensembles/ensemble/ens_15/96/.
source/executors.py submitTHEMIS - INFO - 2023-01-24 18:50:55,565 - Launching run 97

Step(args=['/g/g20/eljurf1/weave_demos/ball_bounce/dist/ball_bounce', '--input_deck', 'input_deck'], tasks=1, cores_per_task=1, gpus_per_task=0, timeout=0, batch_script=False, cwd=/g/g20/eljurf1/weave_demos/ball_bounce/03_simulation_ensembles/themis_ensembles/ensemble/ens_15/97/.)
/g/g20/eljurf1/weave_demos/ball_bounce/03_simulation_ensembles/themis_ensembles/ensemble/ens_15/97/.
source/executors.py submitTHEMIS - INFO - 2023-01-24 18:50:55,579 - Launching run 98

Step(args=['/g/g20/eljurf1/weave_demos/ball_bounce/dist/ball_bounce', '--input_deck', 'input_deck'], tasks=1, cores_per_task=1, gpus_per_task=0, timeout=0, batch_script=False, cwd=/g/g20/eljurf1/weave_demos/ball_bounce/03_simulation_ensembles/themis_ensembles/ensemble/ens_15/98/.)
/g/g20/eljurf1/weave_demos/ball_bounce/03_simulation_ensembles/themis_ensembles/ensemble/ens_15/98/.
source/executors.py submitTHEMIS - INFO - 2023-01-24 18:50:55,598 - Launching run 99

Step(args=['/g/g20/eljurf1/weave_demos/ball_bounce/dist/ball_bounce', '--input_deck', 'input_deck'], tasks=1, cores_per_task=1, gpus_per_task=0, timeout=0, batch_script=False, cwd=/g/g20/eljurf1/weave_demos/ball_bounce/03_simulation_ensembles/themis_ensembles/ensemble/ens_15/99/.)
/g/g20/eljurf1/weave_demos/ball_bounce/03_simulation_ensembles/themis_ensembles/ensemble/ens_15/99/.
source/executors.py submitTHEMIS - INFO - 2023-01-24 18:50:55,612 - Launching run 100

Step(args=['/g/g20/eljurf1/weave_demos/ball_bounce/dist/ball_bounce', '--input_deck', 'input_deck'], tasks=1, cores_per_task=1, gpus_per_task=0, timeout=0, batch_script=False, cwd=/g/g20/eljurf1/weave_demos/ball_bounce/03_simulation_ensembles/themis_ensembles/ensemble/ens_15/100/.)
/g/g20/eljurf1/weave_demos/ball_bounce/03_simulation_ensembles/themis_ensembles/ensemble/ens_15/100/.
THEMIS - INFO - 2023-01-24 18:50:55,618 - Run 1 completed successfully
THEMIS - INFO - 2023-01-24 18:50:55,618 - Run 2 completed successfully
THEMIS - INFO - 2023-01-24 18:50:55,618 - Run 3 completed successfully
THEMIS - INFO - 2023-01-24 18:50:55,619 - Run 4 completed successfully
THEMIS - INFO - 2023-01-24 18:50:55,619 - Run 5 completed successfully
THEMIS - INFO - 2023-01-24 18:50:55,619 - Run 6 completed successfully
THEMIS - INFO - 2023-01-24 18:50:55,619 - Run 7 completed successfully
THEMIS - INFO - 2023-01-24 18:50:55,747 - Run 8 completed successfully
THEMIS - INFO - 2023-01-24 18:50:56,540 - Run 10 completed successfully
THEMIS - INFO - 2023-01-24 18:50:56,549 - Run 9 completed successfully
THEMIS - INFO - 2023-01-24 18:50:56,636 - Run 11 completed successfully
THEMIS - INFO - 2023-01-24 18:50:56,762 - Run 12 completed successfully
THEMIS - INFO - 2023-01-24 18:50:57,048 - Run 13 completed successfully
THEMIS - INFO - 2023-01-24 18:50:57,233 - Run 14 completed successfully
THEMIS - INFO - 2023-01-24 18:50:57,407 - Run 15 completed successfully
THEMIS - INFO - 2023-01-24 18:50:57,963 - Run 17 completed successfully
THEMIS - INFO - 2023-01-24 18:50:58,173 - Run 16 completed successfully
THEMIS - INFO - 2023-01-24 18:50:58,449 - Run 18 completed successfully
THEMIS - INFO - 2023-01-24 18:50:58,914 - Run 19 completed successfully
THEMIS - INFO - 2023-01-24 18:50:59,545 - Run 20 completed successfully
THEMIS - INFO - 2023-01-24 18:50:59,793 - Run 21 completed successfully
THEMIS - INFO - 2023-01-24 18:51:00,918 - Run 22 completed successfully
THEMIS - INFO - 2023-01-24 18:51:01,327 - Run 23 completed successfully
THEMIS - INFO - 2023-01-24 18:51:01,876 - Run 24 completed successfully
THEMIS - INFO - 2023-01-24 18:51:02,005 - Run 25 completed successfully
THEMIS - INFO - 2023-01-24 18:51:03,105 - Run 26 completed successfully
THEMIS - INFO - 2023-01-24 18:51:03,241 - Run 28 completed successfully
THEMIS - INFO - 2023-01-24 18:51:03,331 - Run 29 completed successfully
THEMIS - INFO - 2023-01-24 18:51:03,341 - Run 27 completed successfully
THEMIS - INFO - 2023-01-24 18:51:04,406 - Run 30 completed successfully
THEMIS - INFO - 2023-01-24 18:51:04,840 - Run 31 completed successfully
THEMIS - INFO - 2023-01-24 18:51:06,000 - Run 32 completed successfully
THEMIS - INFO - 2023-01-24 18:51:06,431 - Run 33 completed successfully
THEMIS - INFO - 2023-01-24 18:51:06,849 - Run 34 completed successfully
THEMIS - INFO - 2023-01-24 18:51:07,064 - Run 35 completed successfully
THEMIS - INFO - 2023-01-24 18:51:07,243 - Run 36 completed successfully
THEMIS - INFO - 2023-01-24 18:51:07,842 - Run 37 completed successfully
THEMIS - INFO - 2023-01-24 18:51:08,160 - Run 38 completed successfully
THEMIS - INFO - 2023-01-24 18:51:08,491 - Run 39 completed successfully
THEMIS - INFO - 2023-01-24 18:51:08,541 - Run 40 completed successfully
THEMIS - INFO - 2023-01-24 18:51:09,129 - Run 42 completed successfully
THEMIS - INFO - 2023-01-24 18:51:09,311 - Run 41 completed successfully
THEMIS - INFO - 2023-01-24 18:51:11,038 - Run 43 completed successfully
THEMIS - INFO - 2023-01-24 18:51:11,162 - Run 44 completed successfully
THEMIS - INFO - 2023-01-24 18:51:11,286 - Run 45 completed successfully
THEMIS - INFO - 2023-01-24 18:51:12,272 - Run 46 completed successfully
THEMIS - INFO - 2023-01-24 18:51:12,524 - Run 47 completed successfully
THEMIS - INFO - 2023-01-24 18:51:12,547 - Run 48 completed successfully
THEMIS - INFO - 2023-01-24 18:51:14,078 - Run 49 completed successfully
THEMIS - INFO - 2023-01-24 18:51:15,012 - Run 51 completed successfully
THEMIS - INFO - 2023-01-24 18:51:15,186 - Run 50 completed successfully
THEMIS - INFO - 2023-01-24 18:51:15,279 - Run 52 completed successfully
THEMIS - INFO - 2023-01-24 18:51:15,516 - Run 53 completed successfully
THEMIS - INFO - 2023-01-24 18:51:15,887 - Run 55 completed successfully
THEMIS - INFO - 2023-01-24 18:51:16,006 - Run 56 completed successfully
THEMIS - INFO - 2023-01-24 18:51:16,052 - Run 57 completed successfully
THEMIS - INFO - 2023-01-24 18:51:16,100 - Run 54 completed successfully
THEMIS - INFO - 2023-01-24 18:51:16,306 - Run 58 completed successfully
THEMIS - INFO - 2023-01-24 18:51:16,944 - Run 59 completed successfully
THEMIS - INFO - 2023-01-24 18:51:17,187 - Run 60 completed successfully
THEMIS - INFO - 2023-01-24 18:51:17,813 - Run 61 completed successfully
THEMIS - INFO - 2023-01-24 18:51:18,462 - Run 62 completed successfully
THEMIS - INFO - 2023-01-24 18:51:18,962 - Run 63 completed successfully
THEMIS - INFO - 2023-01-24 18:51:19,469 - Run 64 completed successfully
THEMIS - INFO - 2023-01-24 18:51:20,013 - Run 65 completed successfully
THEMIS - INFO - 2023-01-24 18:51:20,460 - Run 66 completed successfully
THEMIS - INFO - 2023-01-24 18:51:20,624 - Run 67 completed successfully
THEMIS - INFO - 2023-01-24 18:51:21,298 - Run 68 completed successfully
THEMIS - INFO - 2023-01-24 18:51:21,579 - Run 69 completed successfully
THEMIS - INFO - 2023-01-24 18:51:21,954 - Run 70 completed successfully
THEMIS - INFO - 2023-01-24 18:51:22,022 - Run 71 completed successfully
THEMIS - INFO - 2023-01-24 18:51:22,397 - Run 72 completed successfully
THEMIS - INFO - 2023-01-24 18:51:22,733 - Run 73 completed successfully
THEMIS - INFO - 2023-01-24 18:51:23,899 - Run 74 completed successfully
THEMIS - DEBUG - 2023-01-24 18:51:24,205 - Killing runs deque([])
THEMIS - INFO - 2023-01-24 18:51:24,651 - Run 75 completed successfully
THEMIS - INFO - 2023-01-24 18:51:25,039 - Run 76 completed successfully
THEMIS - INFO - 2023-01-24 18:51:25,815 - Run 77 completed successfully
THEMIS - INFO - 2023-01-24 18:51:26,237 - Run 78 completed successfully
THEMIS - INFO - 2023-01-24 18:51:26,723 - Run 79 completed successfully
THEMIS - INFO - 2023-01-24 18:51:27,159 - Run 80 completed successfully
THEMIS - INFO - 2023-01-24 18:51:27,648 - Run 81 completed successfully
THEMIS - INFO - 2023-01-24 18:51:27,997 - Run 82 completed successfully
THEMIS - INFO - 2023-01-24 18:51:28,150 - Run 83 completed successfully
THEMIS - INFO - 2023-01-24 18:51:29,917 - Run 84 completed successfully
THEMIS - INFO - 2023-01-24 18:51:30,897 - Run 85 completed successfully
THEMIS - INFO - 2023-01-24 18:51:31,398 - Run 86 completed successfully
THEMIS - INFO - 2023-01-24 18:51:33,408 - Run 87 completed successfully
THEMIS - INFO - 2023-01-24 18:51:34,603 - Run 88 completed successfully
THEMIS - INFO - 2023-01-24 18:51:34,675 - Run 89 completed successfully
THEMIS - INFO - 2023-01-24 18:51:34,947 - Run 90 completed successfully
THEMIS - INFO - 2023-01-24 18:51:35,727 - Run 91 completed successfully
THEMIS - INFO - 2023-01-24 18:51:35,781 - Run 92 completed successfully
THEMIS - INFO - 2023-01-24 18:51:35,899 - Run 93 completed successfully
THEMIS - INFO - 2023-01-24 18:51:36,337 - Run 95 completed successfully
THEMIS - INFO - 2023-01-24 18:51:36,374 - Run 96 completed successfully
THEMIS - INFO - 2023-01-24 18:51:36,439 - Run 94 completed successfully
THEMIS - INFO - 2023-01-24 18:51:36,805 - Run 97 completed successfully
THEMIS - INFO - 2023-01-24 18:51:37,279 - Run 98 completed successfully
THEMIS - INFO - 2023-01-24 18:51:37,697 - Run 100 completed successfully
THEMIS - INFO - 2023-01-24 18:51:37,902 - Run 99 completed successfully
THEMIS - INFO - 2023-01-24 18:51:37,989 - Ensemble complete. Shutting down and exiting...
THEMIS - INFO - 2023-01-24 18:51:38,343 - Exited cleanly.
