THEMIS - INFO - 2023-01-24 19:04:57,550 - Worker starting...
THEMIS - INFO - 2023-01-24 19:04:57,551 - Received args Namespace(id='0', max_concurrency=100, server_args=['192.168.128.83', '33964'], setup_dir='/g/g20/eljurf1/weave_demos/ball_bounce/03_simulation_ensembles/themis_ensembles/setup/.ens_32_setup')
THEMIS - INFO - 2023-01-24 19:04:57,551 - Maximum concurrent runs: 100
THEMIS - INFO - 2023-01-24 19:04:57,553 - Using database: BackendClient(<ssl.SSLContext object at 0x2aaab0a4fa08>, '192.168.128.83', 33964)
THEMIS - DEBUG - 2023-01-24 19:04:57,567 - Using resource manager Slurm()
THEMIS - INFO - 2023-01-24 19:05:02,548 - Beginning to submit runs.
THEMIS - INFO - 2023-01-24 19:05:02,548 - Server listening on ('192.168.128.83', '44084')
source/executors.py submitTHEMIS - INFO - 2023-01-24 19:05:02,566 - Launching run 1

Step(args=['/g/g20/eljurf1/weave_demos/ball_bounce/dist/ball_bounce', '--input_deck', 'input_deck'], tasks=1, cores_per_task=1, gpus_per_task=0, timeout=0, batch_script=False, cwd=/g/g20/eljurf1/weave_demos/ball_bounce/03_simulation_ensembles/themis_ensembles/ensemble/ens_32/1/.)
/g/g20/eljurf1/weave_demos/ball_bounce/03_simulation_ensembles/themis_ensembles/ensemble/ens_32/1/.
source/executors.py submitTHEMIS - INFO - 2023-01-24 19:05:02,581 - Launching run 2

Step(args=['/g/g20/eljurf1/weave_demos/ball_bounce/dist/ball_bounce', '--input_deck', 'input_deck'], tasks=1, cores_per_task=1, gpus_per_task=0, timeout=0, batch_script=False, cwd=/g/g20/eljurf1/weave_demos/ball_bounce/03_simulation_ensembles/themis_ensembles/ensemble/ens_32/2/.)
/g/g20/eljurf1/weave_demos/ball_bounce/03_simulation_ensembles/themis_ensembles/ensemble/ens_32/2/.
source/executors.py submitTHEMIS - INFO - 2023-01-24 19:05:02,596 - Launching run 3

Step(args=['/g/g20/eljurf1/weave_demos/ball_bounce/dist/ball_bounce', '--input_deck', 'input_deck'], tasks=1, cores_per_task=1, gpus_per_task=0, timeout=0, batch_script=False, cwd=/g/g20/eljurf1/weave_demos/ball_bounce/03_simulation_ensembles/themis_ensembles/ensemble/ens_32/3/.)
/g/g20/eljurf1/weave_demos/ball_bounce/03_simulation_ensembles/themis_ensembles/ensemble/ens_32/3/.
source/executors.py submitTHEMIS - INFO - 2023-01-24 19:05:02,612 - Launching run 4

Step(args=['/g/g20/eljurf1/weave_demos/ball_bounce/dist/ball_bounce', '--input_deck', 'input_deck'], tasks=1, cores_per_task=1, gpus_per_task=0, timeout=0, batch_script=False, cwd=/g/g20/eljurf1/weave_demos/ball_bounce/03_simulation_ensembles/themis_ensembles/ensemble/ens_32/4/.)
/g/g20/eljurf1/weave_demos/ball_bounce/03_simulation_ensembles/themis_ensembles/ensemble/ens_32/4/.
source/executors.py submitTHEMIS - INFO - 2023-01-24 19:05:02,628 - Launching run 5

Step(args=['/g/g20/eljurf1/weave_demos/ball_bounce/dist/ball_bounce', '--input_deck', 'input_deck'], tasks=1, cores_per_task=1, gpus_per_task=0, timeout=0, batch_script=False, cwd=/g/g20/eljurf1/weave_demos/ball_bounce/03_simulation_ensembles/themis_ensembles/ensemble/ens_32/5/.)
/g/g20/eljurf1/weave_demos/ball_bounce/03_simulation_ensembles/themis_ensembles/ensemble/ens_32/5/.
source/executors.py submitTHEMIS - INFO - 2023-01-24 19:05:02,643 - Launching run 6

Step(args=['/g/g20/eljurf1/weave_demos/ball_bounce/dist/ball_bounce', '--input_deck', 'input_deck'], tasks=1, cores_per_task=1, gpus_per_task=0, timeout=0, batch_script=False, cwd=/g/g20/eljurf1/weave_demos/ball_bounce/03_simulation_ensembles/themis_ensembles/ensemble/ens_32/6/.)
/g/g20/eljurf1/weave_demos/ball_bounce/03_simulation_ensembles/themis_ensembles/ensemble/ens_32/6/.
source/executors.py submitTHEMIS - INFO - 2023-01-24 19:05:02,659 - Launching run 7

Step(args=['/g/g20/eljurf1/weave_demos/ball_bounce/dist/ball_bounce', '--input_deck', 'input_deck'], tasks=1, cores_per_task=1, gpus_per_task=0, timeout=0, batch_script=False, cwd=/g/g20/eljurf1/weave_demos/ball_bounce/03_simulation_ensembles/themis_ensembles/ensemble/ens_32/7/.)
/g/g20/eljurf1/weave_demos/ball_bounce/03_simulation_ensembles/themis_ensembles/ensemble/ens_32/7/.
source/executors.py submitTHEMIS - INFO - 2023-01-24 19:05:02,675 - Launching run 8

Step(args=['/g/g20/eljurf1/weave_demos/ball_bounce/dist/ball_bounce', '--input_deck', 'input_deck'], tasks=1, cores_per_task=1, gpus_per_task=0, timeout=0, batch_script=False, cwd=/g/g20/eljurf1/weave_demos/ball_bounce/03_simulation_ensembles/themis_ensembles/ensemble/ens_32/8/.)
/g/g20/eljurf1/weave_demos/ball_bounce/03_simulation_ensembles/themis_ensembles/ensemble/ens_32/8/.
source/executors.py submitTHEMIS - INFO - 2023-01-24 19:05:02,691 - Launching run 9

Step(args=['/g/g20/eljurf1/weave_demos/ball_bounce/dist/ball_bounce', '--input_deck', 'input_deck'], tasks=1, cores_per_task=1, gpus_per_task=0, timeout=0, batch_script=False, cwd=/g/g20/eljurf1/weave_demos/ball_bounce/03_simulation_ensembles/themis_ensembles/ensemble/ens_32/9/.)
/g/g20/eljurf1/weave_demos/ball_bounce/03_simulation_ensembles/themis_ensembles/ensemble/ens_32/9/.
source/executors.py submitTHEMIS - INFO - 2023-01-24 19:05:02,707 - Launching run 10

Step(args=['/g/g20/eljurf1/weave_demos/ball_bounce/dist/ball_bounce', '--input_deck', 'input_deck'], tasks=1, cores_per_task=1, gpus_per_task=0, timeout=0, batch_script=False, cwd=/g/g20/eljurf1/weave_demos/ball_bounce/03_simulation_ensembles/themis_ensembles/ensemble/ens_32/10/.)
/g/g20/eljurf1/weave_demos/ball_bounce/03_simulation_ensembles/themis_ensembles/ensemble/ens_32/10/.
source/executors.py submitTHEMIS - INFO - 2023-01-24 19:05:02,721 - Launching run 11

Step(args=['/g/g20/eljurf1/weave_demos/ball_bounce/dist/ball_bounce', '--input_deck', 'input_deck'], tasks=1, cores_per_task=1, gpus_per_task=0, timeout=0, batch_script=False, cwd=/g/g20/eljurf1/weave_demos/ball_bounce/03_simulation_ensembles/themis_ensembles/ensemble/ens_32/11/.)
/g/g20/eljurf1/weave_demos/ball_bounce/03_simulation_ensembles/themis_ensembles/ensemble/ens_32/11/.
source/executors.py submitTHEMIS - INFO - 2023-01-24 19:05:02,737 - Launching run 12

Step(args=['/g/g20/eljurf1/weave_demos/ball_bounce/dist/ball_bounce', '--input_deck', 'input_deck'], tasks=1, cores_per_task=1, gpus_per_task=0, timeout=0, batch_script=False, cwd=/g/g20/eljurf1/weave_demos/ball_bounce/03_simulation_ensembles/themis_ensembles/ensemble/ens_32/12/.)
/g/g20/eljurf1/weave_demos/ball_bounce/03_simulation_ensembles/themis_ensembles/ensemble/ens_32/12/.
source/executors.py submitTHEMIS - INFO - 2023-01-24 19:05:02,755 - Launching run 13

Step(args=['/g/g20/eljurf1/weave_demos/ball_bounce/dist/ball_bounce', '--input_deck', 'input_deck'], tasks=1, cores_per_task=1, gpus_per_task=0, timeout=0, batch_script=False, cwd=/g/g20/eljurf1/weave_demos/ball_bounce/03_simulation_ensembles/themis_ensembles/ensemble/ens_32/13/.)
/g/g20/eljurf1/weave_demos/ball_bounce/03_simulation_ensembles/themis_ensembles/ensemble/ens_32/13/.
source/executors.py submitTHEMIS - INFO - 2023-01-24 19:05:02,771 - Launching run 14

Step(args=['/g/g20/eljurf1/weave_demos/ball_bounce/dist/ball_bounce', '--input_deck', 'input_deck'], tasks=1, cores_per_task=1, gpus_per_task=0, timeout=0, batch_script=False, cwd=/g/g20/eljurf1/weave_demos/ball_bounce/03_simulation_ensembles/themis_ensembles/ensemble/ens_32/14/.)
/g/g20/eljurf1/weave_demos/ball_bounce/03_simulation_ensembles/themis_ensembles/ensemble/ens_32/14/.
source/executors.py submitTHEMIS - INFO - 2023-01-24 19:05:02,786 - Launching run 15

Step(args=['/g/g20/eljurf1/weave_demos/ball_bounce/dist/ball_bounce', '--input_deck', 'input_deck'], tasks=1, cores_per_task=1, gpus_per_task=0, timeout=0, batch_script=False, cwd=/g/g20/eljurf1/weave_demos/ball_bounce/03_simulation_ensembles/themis_ensembles/ensemble/ens_32/15/.)
/g/g20/eljurf1/weave_demos/ball_bounce/03_simulation_ensembles/themis_ensembles/ensemble/ens_32/15/.
source/executors.py submitTHEMIS - INFO - 2023-01-24 19:05:02,801 - Launching run 16

Step(args=['/g/g20/eljurf1/weave_demos/ball_bounce/dist/ball_bounce', '--input_deck', 'input_deck'], tasks=1, cores_per_task=1, gpus_per_task=0, timeout=0, batch_script=False, cwd=/g/g20/eljurf1/weave_demos/ball_bounce/03_simulation_ensembles/themis_ensembles/ensemble/ens_32/16/.)
/g/g20/eljurf1/weave_demos/ball_bounce/03_simulation_ensembles/themis_ensembles/ensemble/ens_32/16/.
source/executors.py submitTHEMIS - INFO - 2023-01-24 19:05:02,816 - Launching run 17

Step(args=['/g/g20/eljurf1/weave_demos/ball_bounce/dist/ball_bounce', '--input_deck', 'input_deck'], tasks=1, cores_per_task=1, gpus_per_task=0, timeout=0, batch_script=False, cwd=/g/g20/eljurf1/weave_demos/ball_bounce/03_simulation_ensembles/themis_ensembles/ensemble/ens_32/17/.)
/g/g20/eljurf1/weave_demos/ball_bounce/03_simulation_ensembles/themis_ensembles/ensemble/ens_32/17/.
source/executors.py submitTHEMIS - INFO - 2023-01-24 19:05:02,831 - Launching run 18

Step(args=['/g/g20/eljurf1/weave_demos/ball_bounce/dist/ball_bounce', '--input_deck', 'input_deck'], tasks=1, cores_per_task=1, gpus_per_task=0, timeout=0, batch_script=False, cwd=/g/g20/eljurf1/weave_demos/ball_bounce/03_simulation_ensembles/themis_ensembles/ensemble/ens_32/18/.)
/g/g20/eljurf1/weave_demos/ball_bounce/03_simulation_ensembles/themis_ensembles/ensemble/ens_32/18/.
source/executors.py submitTHEMIS - INFO - 2023-01-24 19:05:02,846 - Launching run 19

Step(args=['/g/g20/eljurf1/weave_demos/ball_bounce/dist/ball_bounce', '--input_deck', 'input_deck'], tasks=1, cores_per_task=1, gpus_per_task=0, timeout=0, batch_script=False, cwd=/g/g20/eljurf1/weave_demos/ball_bounce/03_simulation_ensembles/themis_ensembles/ensemble/ens_32/19/.)
/g/g20/eljurf1/weave_demos/ball_bounce/03_simulation_ensembles/themis_ensembles/ensemble/ens_32/19/.
source/executors.py submit
THEMIS - INFO - 2023-01-24 19:05:02,859 - Launching run 20
Step(args=['/g/g20/eljurf1/weave_demos/ball_bounce/dist/ball_bounce', '--input_deck', 'input_deck'], tasks=1, cores_per_task=1, gpus_per_task=0, timeout=0, batch_script=False, cwd=/g/g20/eljurf1/weave_demos/ball_bounce/03_simulation_ensembles/themis_ensembles/ensemble/ens_32/20/.)
/g/g20/eljurf1/weave_demos/ball_bounce/03_simulation_ensembles/themis_ensembles/ensemble/ens_32/20/.
source/executors.py submit
THEMIS - INFO - 2023-01-24 19:05:02,873 - Launching run 21
Step(args=['/g/g20/eljurf1/weave_demos/ball_bounce/dist/ball_bounce', '--input_deck', 'input_deck'], tasks=1, cores_per_task=1, gpus_per_task=0, timeout=0, batch_script=False, cwd=/g/g20/eljurf1/weave_demos/ball_bounce/03_simulation_ensembles/themis_ensembles/ensemble/ens_32/21/.)
/g/g20/eljurf1/weave_demos/ball_bounce/03_simulation_ensembles/themis_ensembles/ensemble/ens_32/21/.
source/executors.py submit
THEMIS - INFO - 2023-01-24 19:05:02,889 - Launching run 22
Step(args=['/g/g20/eljurf1/weave_demos/ball_bounce/dist/ball_bounce', '--input_deck', 'input_deck'], tasks=1, cores_per_task=1, gpus_per_task=0, timeout=0, batch_script=False, cwd=/g/g20/eljurf1/weave_demos/ball_bounce/03_simulation_ensembles/themis_ensembles/ensemble/ens_32/22/.)
/g/g20/eljurf1/weave_demos/ball_bounce/03_simulation_ensembles/themis_ensembles/ensemble/ens_32/22/.
source/executors.py submitTHEMIS - INFO - 2023-01-24 19:05:02,904 - Launching run 23

Step(args=['/g/g20/eljurf1/weave_demos/ball_bounce/dist/ball_bounce', '--input_deck', 'input_deck'], tasks=1, cores_per_task=1, gpus_per_task=0, timeout=0, batch_script=False, cwd=/g/g20/eljurf1/weave_demos/ball_bounce/03_simulation_ensembles/themis_ensembles/ensemble/ens_32/23/.)
/g/g20/eljurf1/weave_demos/ball_bounce/03_simulation_ensembles/themis_ensembles/ensemble/ens_32/23/.
source/executors.py submitTHEMIS - INFO - 2023-01-24 19:05:02,919 - Launching run 24

Step(args=['/g/g20/eljurf1/weave_demos/ball_bounce/dist/ball_bounce', '--input_deck', 'input_deck'], tasks=1, cores_per_task=1, gpus_per_task=0, timeout=0, batch_script=False, cwd=/g/g20/eljurf1/weave_demos/ball_bounce/03_simulation_ensembles/themis_ensembles/ensemble/ens_32/24/.)
/g/g20/eljurf1/weave_demos/ball_bounce/03_simulation_ensembles/themis_ensembles/ensemble/ens_32/24/.
source/executors.py submitTHEMIS - INFO - 2023-01-24 19:05:02,934 - Launching run 25

Step(args=['/g/g20/eljurf1/weave_demos/ball_bounce/dist/ball_bounce', '--input_deck', 'input_deck'], tasks=1, cores_per_task=1, gpus_per_task=0, timeout=0, batch_script=False, cwd=/g/g20/eljurf1/weave_demos/ball_bounce/03_simulation_ensembles/themis_ensembles/ensemble/ens_32/25/.)
/g/g20/eljurf1/weave_demos/ball_bounce/03_simulation_ensembles/themis_ensembles/ensemble/ens_32/25/.
source/executors.py submitTHEMIS - INFO - 2023-01-24 19:05:02,950 - Launching run 26

Step(args=['/g/g20/eljurf1/weave_demos/ball_bounce/dist/ball_bounce', '--input_deck', 'input_deck'], tasks=1, cores_per_task=1, gpus_per_task=0, timeout=0, batch_script=False, cwd=/g/g20/eljurf1/weave_demos/ball_bounce/03_simulation_ensembles/themis_ensembles/ensemble/ens_32/26/.)
/g/g20/eljurf1/weave_demos/ball_bounce/03_simulation_ensembles/themis_ensembles/ensemble/ens_32/26/.
source/executors.py submitTHEMIS - INFO - 2023-01-24 19:05:02,965 - Launching run 27

Step(args=['/g/g20/eljurf1/weave_demos/ball_bounce/dist/ball_bounce', '--input_deck', 'input_deck'], tasks=1, cores_per_task=1, gpus_per_task=0, timeout=0, batch_script=False, cwd=/g/g20/eljurf1/weave_demos/ball_bounce/03_simulation_ensembles/themis_ensembles/ensemble/ens_32/27/.)
/g/g20/eljurf1/weave_demos/ball_bounce/03_simulation_ensembles/themis_ensembles/ensemble/ens_32/27/.
source/executors.py submitTHEMIS - INFO - 2023-01-24 19:05:02,980 - Launching run 28

Step(args=['/g/g20/eljurf1/weave_demos/ball_bounce/dist/ball_bounce', '--input_deck', 'input_deck'], tasks=1, cores_per_task=1, gpus_per_task=0, timeout=0, batch_script=False, cwd=/g/g20/eljurf1/weave_demos/ball_bounce/03_simulation_ensembles/themis_ensembles/ensemble/ens_32/28/.)
/g/g20/eljurf1/weave_demos/ball_bounce/03_simulation_ensembles/themis_ensembles/ensemble/ens_32/28/.
source/executors.py submitTHEMIS - INFO - 2023-01-24 19:05:02,993 - Launching run 29

Step(args=['/g/g20/eljurf1/weave_demos/ball_bounce/dist/ball_bounce', '--input_deck', 'input_deck'], tasks=1, cores_per_task=1, gpus_per_task=0, timeout=0, batch_script=False, cwd=/g/g20/eljurf1/weave_demos/ball_bounce/03_simulation_ensembles/themis_ensembles/ensemble/ens_32/29/.)
/g/g20/eljurf1/weave_demos/ball_bounce/03_simulation_ensembles/themis_ensembles/ensemble/ens_32/29/.
source/executors.py submitTHEMIS - INFO - 2023-01-24 19:05:03,008 - Launching run 30

Step(args=['/g/g20/eljurf1/weave_demos/ball_bounce/dist/ball_bounce', '--input_deck', 'input_deck'], tasks=1, cores_per_task=1, gpus_per_task=0, timeout=0, batch_script=False, cwd=/g/g20/eljurf1/weave_demos/ball_bounce/03_simulation_ensembles/themis_ensembles/ensemble/ens_32/30/.)
/g/g20/eljurf1/weave_demos/ball_bounce/03_simulation_ensembles/themis_ensembles/ensemble/ens_32/30/.
source/executors.py submitTHEMIS - INFO - 2023-01-24 19:05:03,025 - Launching run 31

Step(args=['/g/g20/eljurf1/weave_demos/ball_bounce/dist/ball_bounce', '--input_deck', 'input_deck'], tasks=1, cores_per_task=1, gpus_per_task=0, timeout=0, batch_script=False, cwd=/g/g20/eljurf1/weave_demos/ball_bounce/03_simulation_ensembles/themis_ensembles/ensemble/ens_32/31/.)
/g/g20/eljurf1/weave_demos/ball_bounce/03_simulation_ensembles/themis_ensembles/ensemble/ens_32/31/.
source/executors.py submit
THEMIS - INFO - 2023-01-24 19:05:03,040 - Launching run 32
Step(args=['/g/g20/eljurf1/weave_demos/ball_bounce/dist/ball_bounce', '--input_deck', 'input_deck'], tasks=1, cores_per_task=1, gpus_per_task=0, timeout=0, batch_script=False, cwd=/g/g20/eljurf1/weave_demos/ball_bounce/03_simulation_ensembles/themis_ensembles/ensemble/ens_32/32/.)
/g/g20/eljurf1/weave_demos/ball_bounce/03_simulation_ensembles/themis_ensembles/ensemble/ens_32/32/.
source/executors.py submitTHEMIS - INFO - 2023-01-24 19:05:03,053 - Launching run 33

Step(args=['/g/g20/eljurf1/weave_demos/ball_bounce/dist/ball_bounce', '--input_deck', 'input_deck'], tasks=1, cores_per_task=1, gpus_per_task=0, timeout=0, batch_script=False, cwd=/g/g20/eljurf1/weave_demos/ball_bounce/03_simulation_ensembles/themis_ensembles/ensemble/ens_32/33/.)
/g/g20/eljurf1/weave_demos/ball_bounce/03_simulation_ensembles/themis_ensembles/ensemble/ens_32/33/.
source/executors.py submitTHEMIS - INFO - 2023-01-24 19:05:03,068 - Launching run 34

Step(args=['/g/g20/eljurf1/weave_demos/ball_bounce/dist/ball_bounce', '--input_deck', 'input_deck'], tasks=1, cores_per_task=1, gpus_per_task=0, timeout=0, batch_script=False, cwd=/g/g20/eljurf1/weave_demos/ball_bounce/03_simulation_ensembles/themis_ensembles/ensemble/ens_32/34/.)
/g/g20/eljurf1/weave_demos/ball_bounce/03_simulation_ensembles/themis_ensembles/ensemble/ens_32/34/.
source/executors.py submitTHEMIS - INFO - 2023-01-24 19:05:03,082 - Launching run 35

Step(args=['/g/g20/eljurf1/weave_demos/ball_bounce/dist/ball_bounce', '--input_deck', 'input_deck'], tasks=1, cores_per_task=1, gpus_per_task=0, timeout=0, batch_script=False, cwd=/g/g20/eljurf1/weave_demos/ball_bounce/03_simulation_ensembles/themis_ensembles/ensemble/ens_32/35/.)
/g/g20/eljurf1/weave_demos/ball_bounce/03_simulation_ensembles/themis_ensembles/ensemble/ens_32/35/.
source/executors.py submitTHEMIS - INFO - 2023-01-24 19:05:03,098 - Launching run 36

Step(args=['/g/g20/eljurf1/weave_demos/ball_bounce/dist/ball_bounce', '--input_deck', 'input_deck'], tasks=1, cores_per_task=1, gpus_per_task=0, timeout=0, batch_script=False, cwd=/g/g20/eljurf1/weave_demos/ball_bounce/03_simulation_ensembles/themis_ensembles/ensemble/ens_32/36/.)
/g/g20/eljurf1/weave_demos/ball_bounce/03_simulation_ensembles/themis_ensembles/ensemble/ens_32/36/.
source/executors.py submitTHEMIS - INFO - 2023-01-24 19:05:03,115 - Launching run 37

Step(args=['/g/g20/eljurf1/weave_demos/ball_bounce/dist/ball_bounce', '--input_deck', 'input_deck'], tasks=1, cores_per_task=1, gpus_per_task=0, timeout=0, batch_script=False, cwd=/g/g20/eljurf1/weave_demos/ball_bounce/03_simulation_ensembles/themis_ensembles/ensemble/ens_32/37/.)
/g/g20/eljurf1/weave_demos/ball_bounce/03_simulation_ensembles/themis_ensembles/ensemble/ens_32/37/.
source/executors.py submitTHEMIS - INFO - 2023-01-24 19:05:03,133 - Launching run 38

Step(args=['/g/g20/eljurf1/weave_demos/ball_bounce/dist/ball_bounce', '--input_deck', 'input_deck'], tasks=1, cores_per_task=1, gpus_per_task=0, timeout=0, batch_script=False, cwd=/g/g20/eljurf1/weave_demos/ball_bounce/03_simulation_ensembles/themis_ensembles/ensemble/ens_32/38/.)
/g/g20/eljurf1/weave_demos/ball_bounce/03_simulation_ensembles/themis_ensembles/ensemble/ens_32/38/.
source/executors.py submitTHEMIS - INFO - 2023-01-24 19:05:03,149 - Launching run 39

Step(args=['/g/g20/eljurf1/weave_demos/ball_bounce/dist/ball_bounce', '--input_deck', 'input_deck'], tasks=1, cores_per_task=1, gpus_per_task=0, timeout=0, batch_script=False, cwd=/g/g20/eljurf1/weave_demos/ball_bounce/03_simulation_ensembles/themis_ensembles/ensemble/ens_32/39/.)
/g/g20/eljurf1/weave_demos/ball_bounce/03_simulation_ensembles/themis_ensembles/ensemble/ens_32/39/.
source/executors.py submitTHEMIS - INFO - 2023-01-24 19:05:03,164 - Launching run 40

Step(args=['/g/g20/eljurf1/weave_demos/ball_bounce/dist/ball_bounce', '--input_deck', 'input_deck'], tasks=1, cores_per_task=1, gpus_per_task=0, timeout=0, batch_script=False, cwd=/g/g20/eljurf1/weave_demos/ball_bounce/03_simulation_ensembles/themis_ensembles/ensemble/ens_32/40/.)
/g/g20/eljurf1/weave_demos/ball_bounce/03_simulation_ensembles/themis_ensembles/ensemble/ens_32/40/.
source/executors.py submitTHEMIS - INFO - 2023-01-24 19:05:03,180 - Launching run 41

Step(args=['/g/g20/eljurf1/weave_demos/ball_bounce/dist/ball_bounce', '--input_deck', 'input_deck'], tasks=1, cores_per_task=1, gpus_per_task=0, timeout=0, batch_script=False, cwd=/g/g20/eljurf1/weave_demos/ball_bounce/03_simulation_ensembles/themis_ensembles/ensemble/ens_32/41/.)
/g/g20/eljurf1/weave_demos/ball_bounce/03_simulation_ensembles/themis_ensembles/ensemble/ens_32/41/.
source/executors.py submitTHEMIS - INFO - 2023-01-24 19:05:03,198 - Launching run 42

Step(args=['/g/g20/eljurf1/weave_demos/ball_bounce/dist/ball_bounce', '--input_deck', 'input_deck'], tasks=1, cores_per_task=1, gpus_per_task=0, timeout=0, batch_script=False, cwd=/g/g20/eljurf1/weave_demos/ball_bounce/03_simulation_ensembles/themis_ensembles/ensemble/ens_32/42/.)
/g/g20/eljurf1/weave_demos/ball_bounce/03_simulation_ensembles/themis_ensembles/ensemble/ens_32/42/.
source/executors.py submitTHEMIS - INFO - 2023-01-24 19:05:03,214 - Launching run 43

Step(args=['/g/g20/eljurf1/weave_demos/ball_bounce/dist/ball_bounce', '--input_deck', 'input_deck'], tasks=1, cores_per_task=1, gpus_per_task=0, timeout=0, batch_script=False, cwd=/g/g20/eljurf1/weave_demos/ball_bounce/03_simulation_ensembles/themis_ensembles/ensemble/ens_32/43/.)
/g/g20/eljurf1/weave_demos/ball_bounce/03_simulation_ensembles/themis_ensembles/ensemble/ens_32/43/.
source/executors.py submitTHEMIS - INFO - 2023-01-24 19:05:03,231 - Launching run 44

Step(args=['/g/g20/eljurf1/weave_demos/ball_bounce/dist/ball_bounce', '--input_deck', 'input_deck'], tasks=1, cores_per_task=1, gpus_per_task=0, timeout=0, batch_script=False, cwd=/g/g20/eljurf1/weave_demos/ball_bounce/03_simulation_ensembles/themis_ensembles/ensemble/ens_32/44/.)
/g/g20/eljurf1/weave_demos/ball_bounce/03_simulation_ensembles/themis_ensembles/ensemble/ens_32/44/.
source/executors.py submitTHEMIS - INFO - 2023-01-24 19:05:03,250 - Launching run 45

Step(args=['/g/g20/eljurf1/weave_demos/ball_bounce/dist/ball_bounce', '--input_deck', 'input_deck'], tasks=1, cores_per_task=1, gpus_per_task=0, timeout=0, batch_script=False, cwd=/g/g20/eljurf1/weave_demos/ball_bounce/03_simulation_ensembles/themis_ensembles/ensemble/ens_32/45/.)
/g/g20/eljurf1/weave_demos/ball_bounce/03_simulation_ensembles/themis_ensembles/ensemble/ens_32/45/.
source/executors.py submitTHEMIS - INFO - 2023-01-24 19:05:03,267 - Launching run 46

Step(args=['/g/g20/eljurf1/weave_demos/ball_bounce/dist/ball_bounce', '--input_deck', 'input_deck'], tasks=1, cores_per_task=1, gpus_per_task=0, timeout=0, batch_script=False, cwd=/g/g20/eljurf1/weave_demos/ball_bounce/03_simulation_ensembles/themis_ensembles/ensemble/ens_32/46/.)
/g/g20/eljurf1/weave_demos/ball_bounce/03_simulation_ensembles/themis_ensembles/ensemble/ens_32/46/.
source/executors.py submitTHEMIS - INFO - 2023-01-24 19:05:03,284 - Launching run 47

Step(args=['/g/g20/eljurf1/weave_demos/ball_bounce/dist/ball_bounce', '--input_deck', 'input_deck'], tasks=1, cores_per_task=1, gpus_per_task=0, timeout=0, batch_script=False, cwd=/g/g20/eljurf1/weave_demos/ball_bounce/03_simulation_ensembles/themis_ensembles/ensemble/ens_32/47/.)
/g/g20/eljurf1/weave_demos/ball_bounce/03_simulation_ensembles/themis_ensembles/ensemble/ens_32/47/.
source/executors.py submitTHEMIS - INFO - 2023-01-24 19:05:03,300 - Launching run 48

Step(args=['/g/g20/eljurf1/weave_demos/ball_bounce/dist/ball_bounce', '--input_deck', 'input_deck'], tasks=1, cores_per_task=1, gpus_per_task=0, timeout=0, batch_script=False, cwd=/g/g20/eljurf1/weave_demos/ball_bounce/03_simulation_ensembles/themis_ensembles/ensemble/ens_32/48/.)
/g/g20/eljurf1/weave_demos/ball_bounce/03_simulation_ensembles/themis_ensembles/ensemble/ens_32/48/.
source/executors.py submitTHEMIS - INFO - 2023-01-24 19:05:03,317 - Launching run 49

Step(args=['/g/g20/eljurf1/weave_demos/ball_bounce/dist/ball_bounce', '--input_deck', 'input_deck'], tasks=1, cores_per_task=1, gpus_per_task=0, timeout=0, batch_script=False, cwd=/g/g20/eljurf1/weave_demos/ball_bounce/03_simulation_ensembles/themis_ensembles/ensemble/ens_32/49/.)
/g/g20/eljurf1/weave_demos/ball_bounce/03_simulation_ensembles/themis_ensembles/ensemble/ens_32/49/.
source/executors.py submitTHEMIS - INFO - 2023-01-24 19:05:03,334 - Launching run 50

Step(args=['/g/g20/eljurf1/weave_demos/ball_bounce/dist/ball_bounce', '--input_deck', 'input_deck'], tasks=1, cores_per_task=1, gpus_per_task=0, timeout=0, batch_script=False, cwd=/g/g20/eljurf1/weave_demos/ball_bounce/03_simulation_ensembles/themis_ensembles/ensemble/ens_32/50/.)
/g/g20/eljurf1/weave_demos/ball_bounce/03_simulation_ensembles/themis_ensembles/ensemble/ens_32/50/.
source/executors.py submitTHEMIS - INFO - 2023-01-24 19:05:03,349 - Launching run 51

Step(args=['/g/g20/eljurf1/weave_demos/ball_bounce/dist/ball_bounce', '--input_deck', 'input_deck'], tasks=1, cores_per_task=1, gpus_per_task=0, timeout=0, batch_script=False, cwd=/g/g20/eljurf1/weave_demos/ball_bounce/03_simulation_ensembles/themis_ensembles/ensemble/ens_32/51/.)
/g/g20/eljurf1/weave_demos/ball_bounce/03_simulation_ensembles/themis_ensembles/ensemble/ens_32/51/.
source/executors.py submitTHEMIS - INFO - 2023-01-24 19:05:03,363 - Launching run 52

Step(args=['/g/g20/eljurf1/weave_demos/ball_bounce/dist/ball_bounce', '--input_deck', 'input_deck'], tasks=1, cores_per_task=1, gpus_per_task=0, timeout=0, batch_script=False, cwd=/g/g20/eljurf1/weave_demos/ball_bounce/03_simulation_ensembles/themis_ensembles/ensemble/ens_32/52/.)
/g/g20/eljurf1/weave_demos/ball_bounce/03_simulation_ensembles/themis_ensembles/ensemble/ens_32/52/.
source/executors.py submitTHEMIS - INFO - 2023-01-24 19:05:03,380 - Launching run 53

Step(args=['/g/g20/eljurf1/weave_demos/ball_bounce/dist/ball_bounce', '--input_deck', 'input_deck'], tasks=1, cores_per_task=1, gpus_per_task=0, timeout=0, batch_script=False, cwd=/g/g20/eljurf1/weave_demos/ball_bounce/03_simulation_ensembles/themis_ensembles/ensemble/ens_32/53/.)
/g/g20/eljurf1/weave_demos/ball_bounce/03_simulation_ensembles/themis_ensembles/ensemble/ens_32/53/.
source/executors.py submitTHEMIS - INFO - 2023-01-24 19:05:03,397 - Launching run 54

Step(args=['/g/g20/eljurf1/weave_demos/ball_bounce/dist/ball_bounce', '--input_deck', 'input_deck'], tasks=1, cores_per_task=1, gpus_per_task=0, timeout=0, batch_script=False, cwd=/g/g20/eljurf1/weave_demos/ball_bounce/03_simulation_ensembles/themis_ensembles/ensemble/ens_32/54/.)
/g/g20/eljurf1/weave_demos/ball_bounce/03_simulation_ensembles/themis_ensembles/ensemble/ens_32/54/.
source/executors.py submitTHEMIS - INFO - 2023-01-24 19:05:03,414 - Launching run 55

Step(args=['/g/g20/eljurf1/weave_demos/ball_bounce/dist/ball_bounce', '--input_deck', 'input_deck'], tasks=1, cores_per_task=1, gpus_per_task=0, timeout=0, batch_script=False, cwd=/g/g20/eljurf1/weave_demos/ball_bounce/03_simulation_ensembles/themis_ensembles/ensemble/ens_32/55/.)
/g/g20/eljurf1/weave_demos/ball_bounce/03_simulation_ensembles/themis_ensembles/ensemble/ens_32/55/.
source/executors.py submitTHEMIS - INFO - 2023-01-24 19:05:03,430 - Launching run 56

Step(args=['/g/g20/eljurf1/weave_demos/ball_bounce/dist/ball_bounce', '--input_deck', 'input_deck'], tasks=1, cores_per_task=1, gpus_per_task=0, timeout=0, batch_script=False, cwd=/g/g20/eljurf1/weave_demos/ball_bounce/03_simulation_ensembles/themis_ensembles/ensemble/ens_32/56/.)
/g/g20/eljurf1/weave_demos/ball_bounce/03_simulation_ensembles/themis_ensembles/ensemble/ens_32/56/.
source/executors.py submitTHEMIS - INFO - 2023-01-24 19:05:03,448 - Launching run 57

Step(args=['/g/g20/eljurf1/weave_demos/ball_bounce/dist/ball_bounce', '--input_deck', 'input_deck'], tasks=1, cores_per_task=1, gpus_per_task=0, timeout=0, batch_script=False, cwd=/g/g20/eljurf1/weave_demos/ball_bounce/03_simulation_ensembles/themis_ensembles/ensemble/ens_32/57/.)
/g/g20/eljurf1/weave_demos/ball_bounce/03_simulation_ensembles/themis_ensembles/ensemble/ens_32/57/.
source/executors.py submitTHEMIS - INFO - 2023-01-24 19:05:03,466 - Launching run 58

Step(args=['/g/g20/eljurf1/weave_demos/ball_bounce/dist/ball_bounce', '--input_deck', 'input_deck'], tasks=1, cores_per_task=1, gpus_per_task=0, timeout=0, batch_script=False, cwd=/g/g20/eljurf1/weave_demos/ball_bounce/03_simulation_ensembles/themis_ensembles/ensemble/ens_32/58/.)
/g/g20/eljurf1/weave_demos/ball_bounce/03_simulation_ensembles/themis_ensembles/ensemble/ens_32/58/.
source/executors.py submit
Step(args=['/g/g20/eljurf1/weave_demos/ball_bounce/dist/ball_bounce', '--input_deck', 'input_deck'], tasks=1, cores_per_task=1, gpus_per_task=0, timeout=0, batch_script=False, cwd=/g/g20/eljurf1/weave_demos/ball_bounce/03_simulation_ensembles/themis_ensembles/ensemble/ens_32/59/.)THEMIS - INFO - 2023-01-24 19:05:03,481 - Launching run 59

/g/g20/eljurf1/weave_demos/ball_bounce/03_simulation_ensembles/themis_ensembles/ensemble/ens_32/59/.
source/executors.py submitTHEMIS - INFO - 2023-01-24 19:05:03,496 - Launching run 60

Step(args=['/g/g20/eljurf1/weave_demos/ball_bounce/dist/ball_bounce', '--input_deck', 'input_deck'], tasks=1, cores_per_task=1, gpus_per_task=0, timeout=0, batch_script=False, cwd=/g/g20/eljurf1/weave_demos/ball_bounce/03_simulation_ensembles/themis_ensembles/ensemble/ens_32/60/.)
/g/g20/eljurf1/weave_demos/ball_bounce/03_simulation_ensembles/themis_ensembles/ensemble/ens_32/60/.
source/executors.py submitTHEMIS - INFO - 2023-01-24 19:05:03,514 - Launching run 61

Step(args=['/g/g20/eljurf1/weave_demos/ball_bounce/dist/ball_bounce', '--input_deck', 'input_deck'], tasks=1, cores_per_task=1, gpus_per_task=0, timeout=0, batch_script=False, cwd=/g/g20/eljurf1/weave_demos/ball_bounce/03_simulation_ensembles/themis_ensembles/ensemble/ens_32/61/.)
/g/g20/eljurf1/weave_demos/ball_bounce/03_simulation_ensembles/themis_ensembles/ensemble/ens_32/61/.
source/executors.py submitTHEMIS - INFO - 2023-01-24 19:05:03,529 - Launching run 62

Step(args=['/g/g20/eljurf1/weave_demos/ball_bounce/dist/ball_bounce', '--input_deck', 'input_deck'], tasks=1, cores_per_task=1, gpus_per_task=0, timeout=0, batch_script=False, cwd=/g/g20/eljurf1/weave_demos/ball_bounce/03_simulation_ensembles/themis_ensembles/ensemble/ens_32/62/.)
/g/g20/eljurf1/weave_demos/ball_bounce/03_simulation_ensembles/themis_ensembles/ensemble/ens_32/62/.
source/executors.py submitTHEMIS - INFO - 2023-01-24 19:05:03,543 - Launching run 63

Step(args=['/g/g20/eljurf1/weave_demos/ball_bounce/dist/ball_bounce', '--input_deck', 'input_deck'], tasks=1, cores_per_task=1, gpus_per_task=0, timeout=0, batch_script=False, cwd=/g/g20/eljurf1/weave_demos/ball_bounce/03_simulation_ensembles/themis_ensembles/ensemble/ens_32/63/.)
/g/g20/eljurf1/weave_demos/ball_bounce/03_simulation_ensembles/themis_ensembles/ensemble/ens_32/63/.
source/executors.py submit
THEMIS - INFO - 2023-01-24 19:05:03,558 - Launching run 64
Step(args=['/g/g20/eljurf1/weave_demos/ball_bounce/dist/ball_bounce', '--input_deck', 'input_deck'], tasks=1, cores_per_task=1, gpus_per_task=0, timeout=0, batch_script=False, cwd=/g/g20/eljurf1/weave_demos/ball_bounce/03_simulation_ensembles/themis_ensembles/ensemble/ens_32/64/.)
/g/g20/eljurf1/weave_demos/ball_bounce/03_simulation_ensembles/themis_ensembles/ensemble/ens_32/64/.
source/executors.py submitTHEMIS - INFO - 2023-01-24 19:05:03,574 - Launching run 65

Step(args=['/g/g20/eljurf1/weave_demos/ball_bounce/dist/ball_bounce', '--input_deck', 'input_deck'], tasks=1, cores_per_task=1, gpus_per_task=0, timeout=0, batch_script=False, cwd=/g/g20/eljurf1/weave_demos/ball_bounce/03_simulation_ensembles/themis_ensembles/ensemble/ens_32/65/.)
/g/g20/eljurf1/weave_demos/ball_bounce/03_simulation_ensembles/themis_ensembles/ensemble/ens_32/65/.
source/executors.py submitTHEMIS - INFO - 2023-01-24 19:05:03,588 - Launching run 66

Step(args=['/g/g20/eljurf1/weave_demos/ball_bounce/dist/ball_bounce', '--input_deck', 'input_deck'], tasks=1, cores_per_task=1, gpus_per_task=0, timeout=0, batch_script=False, cwd=/g/g20/eljurf1/weave_demos/ball_bounce/03_simulation_ensembles/themis_ensembles/ensemble/ens_32/66/.)
/g/g20/eljurf1/weave_demos/ball_bounce/03_simulation_ensembles/themis_ensembles/ensemble/ens_32/66/.
source/executors.py submitTHEMIS - INFO - 2023-01-24 19:05:03,603 - Launching run 67

Step(args=['/g/g20/eljurf1/weave_demos/ball_bounce/dist/ball_bounce', '--input_deck', 'input_deck'], tasks=1, cores_per_task=1, gpus_per_task=0, timeout=0, batch_script=False, cwd=/g/g20/eljurf1/weave_demos/ball_bounce/03_simulation_ensembles/themis_ensembles/ensemble/ens_32/67/.)
/g/g20/eljurf1/weave_demos/ball_bounce/03_simulation_ensembles/themis_ensembles/ensemble/ens_32/67/.
source/executors.py submitTHEMIS - INFO - 2023-01-24 19:05:03,619 - Launching run 68

Step(args=['/g/g20/eljurf1/weave_demos/ball_bounce/dist/ball_bounce', '--input_deck', 'input_deck'], tasks=1, cores_per_task=1, gpus_per_task=0, timeout=0, batch_script=False, cwd=/g/g20/eljurf1/weave_demos/ball_bounce/03_simulation_ensembles/themis_ensembles/ensemble/ens_32/68/.)
/g/g20/eljurf1/weave_demos/ball_bounce/03_simulation_ensembles/themis_ensembles/ensemble/ens_32/68/.
source/executors.py submitTHEMIS - INFO - 2023-01-24 19:05:03,634 - Launching run 69

Step(args=['/g/g20/eljurf1/weave_demos/ball_bounce/dist/ball_bounce', '--input_deck', 'input_deck'], tasks=1, cores_per_task=1, gpus_per_task=0, timeout=0, batch_script=False, cwd=/g/g20/eljurf1/weave_demos/ball_bounce/03_simulation_ensembles/themis_ensembles/ensemble/ens_32/69/.)
/g/g20/eljurf1/weave_demos/ball_bounce/03_simulation_ensembles/themis_ensembles/ensemble/ens_32/69/.
source/executors.py submitTHEMIS - INFO - 2023-01-24 19:05:03,651 - Launching run 70

Step(args=['/g/g20/eljurf1/weave_demos/ball_bounce/dist/ball_bounce', '--input_deck', 'input_deck'], tasks=1, cores_per_task=1, gpus_per_task=0, timeout=0, batch_script=False, cwd=/g/g20/eljurf1/weave_demos/ball_bounce/03_simulation_ensembles/themis_ensembles/ensemble/ens_32/70/.)
/g/g20/eljurf1/weave_demos/ball_bounce/03_simulation_ensembles/themis_ensembles/ensemble/ens_32/70/.
source/executors.py submit
THEMIS - INFO - 2023-01-24 19:05:03,666 - Launching run 71
Step(args=['/g/g20/eljurf1/weave_demos/ball_bounce/dist/ball_bounce', '--input_deck', 'input_deck'], tasks=1, cores_per_task=1, gpus_per_task=0, timeout=0, batch_script=False, cwd=/g/g20/eljurf1/weave_demos/ball_bounce/03_simulation_ensembles/themis_ensembles/ensemble/ens_32/71/.)
/g/g20/eljurf1/weave_demos/ball_bounce/03_simulation_ensembles/themis_ensembles/ensemble/ens_32/71/.
source/executors.py submit
THEMIS - INFO - 2023-01-24 19:05:03,684 - Launching run 72
Step(args=['/g/g20/eljurf1/weave_demos/ball_bounce/dist/ball_bounce', '--input_deck', 'input_deck'], tasks=1, cores_per_task=1, gpus_per_task=0, timeout=0, batch_script=False, cwd=/g/g20/eljurf1/weave_demos/ball_bounce/03_simulation_ensembles/themis_ensembles/ensemble/ens_32/72/.)
/g/g20/eljurf1/weave_demos/ball_bounce/03_simulation_ensembles/themis_ensembles/ensemble/ens_32/72/.
source/executors.py submitTHEMIS - INFO - 2023-01-24 19:05:03,700 - Launching run 73

Step(args=['/g/g20/eljurf1/weave_demos/ball_bounce/dist/ball_bounce', '--input_deck', 'input_deck'], tasks=1, cores_per_task=1, gpus_per_task=0, timeout=0, batch_script=False, cwd=/g/g20/eljurf1/weave_demos/ball_bounce/03_simulation_ensembles/themis_ensembles/ensemble/ens_32/73/.)
/g/g20/eljurf1/weave_demos/ball_bounce/03_simulation_ensembles/themis_ensembles/ensemble/ens_32/73/.
source/executors.py submitTHEMIS - INFO - 2023-01-24 19:05:03,715 - Launching run 74

Step(args=['/g/g20/eljurf1/weave_demos/ball_bounce/dist/ball_bounce', '--input_deck', 'input_deck'], tasks=1, cores_per_task=1, gpus_per_task=0, timeout=0, batch_script=False, cwd=/g/g20/eljurf1/weave_demos/ball_bounce/03_simulation_ensembles/themis_ensembles/ensemble/ens_32/74/.)
/g/g20/eljurf1/weave_demos/ball_bounce/03_simulation_ensembles/themis_ensembles/ensemble/ens_32/74/.
source/executors.py submitTHEMIS - INFO - 2023-01-24 19:05:03,730 - Launching run 75

Step(args=['/g/g20/eljurf1/weave_demos/ball_bounce/dist/ball_bounce', '--input_deck', 'input_deck'], tasks=1, cores_per_task=1, gpus_per_task=0, timeout=0, batch_script=False, cwd=/g/g20/eljurf1/weave_demos/ball_bounce/03_simulation_ensembles/themis_ensembles/ensemble/ens_32/75/.)
/g/g20/eljurf1/weave_demos/ball_bounce/03_simulation_ensembles/themis_ensembles/ensemble/ens_32/75/.
source/executors.py submit
Step(args=['/g/g20/eljurf1/weave_demos/ball_bounce/dist/ball_bounce', '--input_deck', 'input_deck'], tasks=1, cores_per_task=1, gpus_per_task=0, timeout=0, batch_script=False, cwd=/g/g20/eljurf1/weave_demos/ball_bounce/03_simulation_ensembles/themis_ensembles/ensemble/ens_32/76/.)
/g/g20/eljurf1/weave_demos/ball_bounce/03_simulation_ensembles/themis_ensembles/ensemble/ens_32/76/.THEMIS - INFO - 2023-01-24 19:05:03,744 - Launching run 76

source/executors.py submitTHEMIS - INFO - 2023-01-24 19:05:03,758 - Launching run 77

Step(args=['/g/g20/eljurf1/weave_demos/ball_bounce/dist/ball_bounce', '--input_deck', 'input_deck'], tasks=1, cores_per_task=1, gpus_per_task=0, timeout=0, batch_script=False, cwd=/g/g20/eljurf1/weave_demos/ball_bounce/03_simulation_ensembles/themis_ensembles/ensemble/ens_32/77/.)
/g/g20/eljurf1/weave_demos/ball_bounce/03_simulation_ensembles/themis_ensembles/ensemble/ens_32/77/.
source/executors.py submitTHEMIS - INFO - 2023-01-24 19:05:03,776 - Launching run 78

Step(args=['/g/g20/eljurf1/weave_demos/ball_bounce/dist/ball_bounce', '--input_deck', 'input_deck'], tasks=1, cores_per_task=1, gpus_per_task=0, timeout=0, batch_script=False, cwd=/g/g20/eljurf1/weave_demos/ball_bounce/03_simulation_ensembles/themis_ensembles/ensemble/ens_32/78/.)
/g/g20/eljurf1/weave_demos/ball_bounce/03_simulation_ensembles/themis_ensembles/ensemble/ens_32/78/.
source/executors.py submit
THEMIS - INFO - 2023-01-24 19:05:03,793 - Launching run 79
Step(args=['/g/g20/eljurf1/weave_demos/ball_bounce/dist/ball_bounce', '--input_deck', 'input_deck'], tasks=1, cores_per_task=1, gpus_per_task=0, timeout=0, batch_script=False, cwd=/g/g20/eljurf1/weave_demos/ball_bounce/03_simulation_ensembles/themis_ensembles/ensemble/ens_32/79/.)
/g/g20/eljurf1/weave_demos/ball_bounce/03_simulation_ensembles/themis_ensembles/ensemble/ens_32/79/.
source/executors.py submit
THEMIS - INFO - 2023-01-24 19:05:03,806 - Launching run 80
Step(args=['/g/g20/eljurf1/weave_demos/ball_bounce/dist/ball_bounce', '--input_deck', 'input_deck'], tasks=1, cores_per_task=1, gpus_per_task=0, timeout=0, batch_script=False, cwd=/g/g20/eljurf1/weave_demos/ball_bounce/03_simulation_ensembles/themis_ensembles/ensemble/ens_32/80/.)
/g/g20/eljurf1/weave_demos/ball_bounce/03_simulation_ensembles/themis_ensembles/ensemble/ens_32/80/.
source/executors.py submitTHEMIS - INFO - 2023-01-24 19:05:03,822 - Launching run 81

Step(args=['/g/g20/eljurf1/weave_demos/ball_bounce/dist/ball_bounce', '--input_deck', 'input_deck'], tasks=1, cores_per_task=1, gpus_per_task=0, timeout=0, batch_script=False, cwd=/g/g20/eljurf1/weave_demos/ball_bounce/03_simulation_ensembles/themis_ensembles/ensemble/ens_32/81/.)
/g/g20/eljurf1/weave_demos/ball_bounce/03_simulation_ensembles/themis_ensembles/ensemble/ens_32/81/.
source/executors.py submitTHEMIS - INFO - 2023-01-24 19:05:03,836 - Launching run 82

Step(args=['/g/g20/eljurf1/weave_demos/ball_bounce/dist/ball_bounce', '--input_deck', 'input_deck'], tasks=1, cores_per_task=1, gpus_per_task=0, timeout=0, batch_script=False, cwd=/g/g20/eljurf1/weave_demos/ball_bounce/03_simulation_ensembles/themis_ensembles/ensemble/ens_32/82/.)
/g/g20/eljurf1/weave_demos/ball_bounce/03_simulation_ensembles/themis_ensembles/ensemble/ens_32/82/.
source/executors.py submitTHEMIS - INFO - 2023-01-24 19:05:03,850 - Launching run 83

Step(args=['/g/g20/eljurf1/weave_demos/ball_bounce/dist/ball_bounce', '--input_deck', 'input_deck'], tasks=1, cores_per_task=1, gpus_per_task=0, timeout=0, batch_script=False, cwd=/g/g20/eljurf1/weave_demos/ball_bounce/03_simulation_ensembles/themis_ensembles/ensemble/ens_32/83/.)
/g/g20/eljurf1/weave_demos/ball_bounce/03_simulation_ensembles/themis_ensembles/ensemble/ens_32/83/.
source/executors.py submitTHEMIS - INFO - 2023-01-24 19:05:03,865 - Launching run 84

Step(args=['/g/g20/eljurf1/weave_demos/ball_bounce/dist/ball_bounce', '--input_deck', 'input_deck'], tasks=1, cores_per_task=1, gpus_per_task=0, timeout=0, batch_script=False, cwd=/g/g20/eljurf1/weave_demos/ball_bounce/03_simulation_ensembles/themis_ensembles/ensemble/ens_32/84/.)
/g/g20/eljurf1/weave_demos/ball_bounce/03_simulation_ensembles/themis_ensembles/ensemble/ens_32/84/.
source/executors.py submitTHEMIS - INFO - 2023-01-24 19:05:03,877 - Launching run 85

Step(args=['/g/g20/eljurf1/weave_demos/ball_bounce/dist/ball_bounce', '--input_deck', 'input_deck'], tasks=1, cores_per_task=1, gpus_per_task=0, timeout=0, batch_script=False, cwd=/g/g20/eljurf1/weave_demos/ball_bounce/03_simulation_ensembles/themis_ensembles/ensemble/ens_32/85/.)
/g/g20/eljurf1/weave_demos/ball_bounce/03_simulation_ensembles/themis_ensembles/ensemble/ens_32/85/.
source/executors.py submitTHEMIS - INFO - 2023-01-24 19:05:03,890 - Launching run 86

Step(args=['/g/g20/eljurf1/weave_demos/ball_bounce/dist/ball_bounce', '--input_deck', 'input_deck'], tasks=1, cores_per_task=1, gpus_per_task=0, timeout=0, batch_script=False, cwd=/g/g20/eljurf1/weave_demos/ball_bounce/03_simulation_ensembles/themis_ensembles/ensemble/ens_32/86/.)
/g/g20/eljurf1/weave_demos/ball_bounce/03_simulation_ensembles/themis_ensembles/ensemble/ens_32/86/.
source/executors.py submitTHEMIS - INFO - 2023-01-24 19:05:03,904 - Launching run 87

Step(args=['/g/g20/eljurf1/weave_demos/ball_bounce/dist/ball_bounce', '--input_deck', 'input_deck'], tasks=1, cores_per_task=1, gpus_per_task=0, timeout=0, batch_script=False, cwd=/g/g20/eljurf1/weave_demos/ball_bounce/03_simulation_ensembles/themis_ensembles/ensemble/ens_32/87/.)
/g/g20/eljurf1/weave_demos/ball_bounce/03_simulation_ensembles/themis_ensembles/ensemble/ens_32/87/.
source/executors.py submit
Step(args=['/g/g20/eljurf1/weave_demos/ball_bounce/dist/ball_bounce', '--input_deck', 'input_deck'], tasks=1, cores_per_task=1, gpus_per_task=0, timeout=0, batch_script=False, cwd=/g/g20/eljurf1/weave_demos/ball_bounce/03_simulation_ensembles/themis_ensembles/ensemble/ens_32/88/.)
/g/g20/eljurf1/weave_demos/ball_bounce/03_simulation_ensembles/themis_ensembles/ensemble/ens_32/88/.
THEMIS - INFO - 2023-01-24 19:05:03,920 - Launching run 88
source/executors.py submitTHEMIS - INFO - 2023-01-24 19:05:03,933 - Launching run 89

Step(args=['/g/g20/eljurf1/weave_demos/ball_bounce/dist/ball_bounce', '--input_deck', 'input_deck'], tasks=1, cores_per_task=1, gpus_per_task=0, timeout=0, batch_script=False, cwd=/g/g20/eljurf1/weave_demos/ball_bounce/03_simulation_ensembles/themis_ensembles/ensemble/ens_32/89/.)
/g/g20/eljurf1/weave_demos/ball_bounce/03_simulation_ensembles/themis_ensembles/ensemble/ens_32/89/.
source/executors.py submitTHEMIS - INFO - 2023-01-24 19:05:03,947 - Launching run 90

Step(args=['/g/g20/eljurf1/weave_demos/ball_bounce/dist/ball_bounce', '--input_deck', 'input_deck'], tasks=1, cores_per_task=1, gpus_per_task=0, timeout=0, batch_script=False, cwd=/g/g20/eljurf1/weave_demos/ball_bounce/03_simulation_ensembles/themis_ensembles/ensemble/ens_32/90/.)
/g/g20/eljurf1/weave_demos/ball_bounce/03_simulation_ensembles/themis_ensembles/ensemble/ens_32/90/.
source/executors.py submit
THEMIS - INFO - 2023-01-24 19:05:03,961 - Launching run 91
Step(args=['/g/g20/eljurf1/weave_demos/ball_bounce/dist/ball_bounce', '--input_deck', 'input_deck'], tasks=1, cores_per_task=1, gpus_per_task=0, timeout=0, batch_script=False, cwd=/g/g20/eljurf1/weave_demos/ball_bounce/03_simulation_ensembles/themis_ensembles/ensemble/ens_32/91/.)
/g/g20/eljurf1/weave_demos/ball_bounce/03_simulation_ensembles/themis_ensembles/ensemble/ens_32/91/.
source/executors.py submitTHEMIS - INFO - 2023-01-24 19:05:03,976 - Launching run 92

Step(args=['/g/g20/eljurf1/weave_demos/ball_bounce/dist/ball_bounce', '--input_deck', 'input_deck'], tasks=1, cores_per_task=1, gpus_per_task=0, timeout=0, batch_script=False, cwd=/g/g20/eljurf1/weave_demos/ball_bounce/03_simulation_ensembles/themis_ensembles/ensemble/ens_32/92/.)
/g/g20/eljurf1/weave_demos/ball_bounce/03_simulation_ensembles/themis_ensembles/ensemble/ens_32/92/.
source/executors.py submitTHEMIS - INFO - 2023-01-24 19:05:03,990 - Launching run 93

Step(args=['/g/g20/eljurf1/weave_demos/ball_bounce/dist/ball_bounce', '--input_deck', 'input_deck'], tasks=1, cores_per_task=1, gpus_per_task=0, timeout=0, batch_script=False, cwd=/g/g20/eljurf1/weave_demos/ball_bounce/03_simulation_ensembles/themis_ensembles/ensemble/ens_32/93/.)
/g/g20/eljurf1/weave_demos/ball_bounce/03_simulation_ensembles/themis_ensembles/ensemble/ens_32/93/.
source/executors.py submitTHEMIS - INFO - 2023-01-24 19:05:04,005 - Launching run 94

Step(args=['/g/g20/eljurf1/weave_demos/ball_bounce/dist/ball_bounce', '--input_deck', 'input_deck'], tasks=1, cores_per_task=1, gpus_per_task=0, timeout=0, batch_script=False, cwd=/g/g20/eljurf1/weave_demos/ball_bounce/03_simulation_ensembles/themis_ensembles/ensemble/ens_32/94/.)
/g/g20/eljurf1/weave_demos/ball_bounce/03_simulation_ensembles/themis_ensembles/ensemble/ens_32/94/.
source/executors.py submitTHEMIS - INFO - 2023-01-24 19:05:04,022 - Launching run 95

Step(args=['/g/g20/eljurf1/weave_demos/ball_bounce/dist/ball_bounce', '--input_deck', 'input_deck'], tasks=1, cores_per_task=1, gpus_per_task=0, timeout=0, batch_script=False, cwd=/g/g20/eljurf1/weave_demos/ball_bounce/03_simulation_ensembles/themis_ensembles/ensemble/ens_32/95/.)
/g/g20/eljurf1/weave_demos/ball_bounce/03_simulation_ensembles/themis_ensembles/ensemble/ens_32/95/.
source/executors.py submitTHEMIS - INFO - 2023-01-24 19:05:04,036 - Launching run 96

Step(args=['/g/g20/eljurf1/weave_demos/ball_bounce/dist/ball_bounce', '--input_deck', 'input_deck'], tasks=1, cores_per_task=1, gpus_per_task=0, timeout=0, batch_script=False, cwd=/g/g20/eljurf1/weave_demos/ball_bounce/03_simulation_ensembles/themis_ensembles/ensemble/ens_32/96/.)
/g/g20/eljurf1/weave_demos/ball_bounce/03_simulation_ensembles/themis_ensembles/ensemble/ens_32/96/.
source/executors.py submitTHEMIS - INFO - 2023-01-24 19:05:04,052 - Launching run 97

Step(args=['/g/g20/eljurf1/weave_demos/ball_bounce/dist/ball_bounce', '--input_deck', 'input_deck'], tasks=1, cores_per_task=1, gpus_per_task=0, timeout=0, batch_script=False, cwd=/g/g20/eljurf1/weave_demos/ball_bounce/03_simulation_ensembles/themis_ensembles/ensemble/ens_32/97/.)
/g/g20/eljurf1/weave_demos/ball_bounce/03_simulation_ensembles/themis_ensembles/ensemble/ens_32/97/.
source/executors.py submitTHEMIS - INFO - 2023-01-24 19:05:04,064 - Launching run 98

Step(args=['/g/g20/eljurf1/weave_demos/ball_bounce/dist/ball_bounce', '--input_deck', 'input_deck'], tasks=1, cores_per_task=1, gpus_per_task=0, timeout=0, batch_script=False, cwd=/g/g20/eljurf1/weave_demos/ball_bounce/03_simulation_ensembles/themis_ensembles/ensemble/ens_32/98/.)
/g/g20/eljurf1/weave_demos/ball_bounce/03_simulation_ensembles/themis_ensembles/ensemble/ens_32/98/.
source/executors.py submitTHEMIS - INFO - 2023-01-24 19:05:04,078 - Launching run 99

Step(args=['/g/g20/eljurf1/weave_demos/ball_bounce/dist/ball_bounce', '--input_deck', 'input_deck'], tasks=1, cores_per_task=1, gpus_per_task=0, timeout=0, batch_script=False, cwd=/g/g20/eljurf1/weave_demos/ball_bounce/03_simulation_ensembles/themis_ensembles/ensemble/ens_32/99/.)
/g/g20/eljurf1/weave_demos/ball_bounce/03_simulation_ensembles/themis_ensembles/ensemble/ens_32/99/.
source/executors.py submitTHEMIS - INFO - 2023-01-24 19:05:04,094 - Launching run 100

Step(args=['/g/g20/eljurf1/weave_demos/ball_bounce/dist/ball_bounce', '--input_deck', 'input_deck'], tasks=1, cores_per_task=1, gpus_per_task=0, timeout=0, batch_script=False, cwd=/g/g20/eljurf1/weave_demos/ball_bounce/03_simulation_ensembles/themis_ensembles/ensemble/ens_32/100/.)
/g/g20/eljurf1/weave_demos/ball_bounce/03_simulation_ensembles/themis_ensembles/ensemble/ens_32/100/.
THEMIS - INFO - 2023-01-24 19:05:04,102 - Run 1 completed successfully
THEMIS - INFO - 2023-01-24 19:05:04,102 - Run 2 completed successfully
THEMIS - INFO - 2023-01-24 19:05:04,103 - Run 3 completed successfully
THEMIS - INFO - 2023-01-24 19:05:04,103 - Run 4 completed successfully
THEMIS - INFO - 2023-01-24 19:05:04,103 - Run 5 completed successfully
THEMIS - INFO - 2023-01-24 19:05:04,103 - Run 6 completed successfully
THEMIS - INFO - 2023-01-24 19:05:04,103 - Run 7 completed successfully
THEMIS - INFO - 2023-01-24 19:05:04,103 - Run 8 completed successfully
THEMIS - INFO - 2023-01-24 19:05:04,103 - Run 9 completed successfully
THEMIS - INFO - 2023-01-24 19:05:04,103 - Run 10 completed successfully
THEMIS - INFO - 2023-01-24 19:05:04,103 - Run 11 completed successfully
THEMIS - INFO - 2023-01-24 19:05:04,103 - Run 12 completed successfully
THEMIS - INFO - 2023-01-24 19:05:04,103 - Run 13 completed successfully
THEMIS - INFO - 2023-01-24 19:05:04,103 - Run 14 completed successfully
THEMIS - INFO - 2023-01-24 19:05:04,104 - Run 15 completed successfully
THEMIS - INFO - 2023-01-24 19:05:04,104 - Run 16 completed successfully
THEMIS - INFO - 2023-01-24 19:05:04,104 - Run 17 completed successfully
THEMIS - INFO - 2023-01-24 19:05:04,104 - Run 18 completed successfully
THEMIS - INFO - 2023-01-24 19:05:04,104 - Run 19 completed successfully
THEMIS - INFO - 2023-01-24 19:05:04,104 - Run 20 completed successfully
THEMIS - INFO - 2023-01-24 19:05:04,104 - Run 21 completed successfully
THEMIS - INFO - 2023-01-24 19:05:04,268 - Run 22 completed successfully
THEMIS - INFO - 2023-01-24 19:05:04,500 - Run 23 completed successfully
THEMIS - INFO - 2023-01-24 19:05:04,658 - Run 24 completed successfully
THEMIS - INFO - 2023-01-24 19:05:04,817 - Run 25 completed successfully
THEMIS - INFO - 2023-01-24 19:05:05,358 - Run 26 completed successfully
THEMIS - INFO - 2023-01-24 19:05:06,161 - Run 28 completed successfully
THEMIS - INFO - 2023-01-24 19:05:06,219 - Run 27 completed successfully
THEMIS - INFO - 2023-01-24 19:05:06,647 - Run 29 completed successfully
THEMIS - INFO - 2023-01-24 19:05:06,727 - Run 30 completed successfully
THEMIS - INFO - 2023-01-24 19:05:06,823 - Run 31 completed successfully
THEMIS - INFO - 2023-01-24 19:05:06,958 - Run 32 completed successfully
THEMIS - INFO - 2023-01-24 19:05:06,987 - Run 33 completed successfully
THEMIS - INFO - 2023-01-24 19:05:07,668 - Run 34 completed successfully
THEMIS - INFO - 2023-01-24 19:05:07,674 - Run 35 completed successfully
THEMIS - INFO - 2023-01-24 19:05:08,013 - Run 36 completed successfully
THEMIS - INFO - 2023-01-24 19:05:09,782 - Run 37 completed successfully
THEMIS - INFO - 2023-01-24 19:05:10,000 - Run 38 completed successfully
THEMIS - INFO - 2023-01-24 19:05:10,712 - Run 40 completed successfully
THEMIS - INFO - 2023-01-24 19:05:10,714 - Run 39 completed successfully
THEMIS - INFO - 2023-01-24 19:05:10,878 - Run 41 completed successfully
THEMIS - INFO - 2023-01-24 19:05:11,007 - Run 42 completed successfully
THEMIS - INFO - 2023-01-24 19:05:11,205 - Run 43 completed successfully
THEMIS - INFO - 2023-01-24 19:05:11,534 - Run 44 completed successfully
THEMIS - INFO - 2023-01-24 19:05:11,625 - Run 45 completed successfully
THEMIS - INFO - 2023-01-24 19:05:11,951 - Run 46 completed successfully
THEMIS - INFO - 2023-01-24 19:05:14,085 - Run 47 completed successfully
THEMIS - INFO - 2023-01-24 19:05:14,167 - Run 48 completed successfully
THEMIS - INFO - 2023-01-24 19:05:14,392 - Run 49 completed successfully
THEMIS - INFO - 2023-01-24 19:05:14,472 - Run 50 completed successfully
THEMIS - INFO - 2023-01-24 19:05:14,604 - Run 51 completed successfully
THEMIS - INFO - 2023-01-24 19:05:15,989 - Run 52 completed successfully
THEMIS - INFO - 2023-01-24 19:05:17,332 - Run 54 completed successfully
THEMIS - INFO - 2023-01-24 19:05:17,376 - Run 53 completed successfully
THEMIS - INFO - 2023-01-24 19:05:17,835 - Run 55 completed successfully
THEMIS - INFO - 2023-01-24 19:05:18,439 - Run 57 completed successfully
THEMIS - INFO - 2023-01-24 19:05:18,476 - Run 56 completed successfully
THEMIS - INFO - 2023-01-24 19:05:19,370 - Run 58 completed successfully
THEMIS - INFO - 2023-01-24 19:05:19,714 - Run 59 completed successfully
THEMIS - INFO - 2023-01-24 19:05:19,896 - Run 60 completed successfully
THEMIS - INFO - 2023-01-24 19:05:20,635 - Run 61 completed successfully
THEMIS - INFO - 2023-01-24 19:05:21,104 - Run 62 completed successfully
THEMIS - INFO - 2023-01-24 19:05:21,311 - Run 63 completed successfully
THEMIS - INFO - 2023-01-24 19:05:21,518 - Run 64 completed successfully
THEMIS - INFO - 2023-01-24 19:05:21,748 - Run 65 completed successfully
THEMIS - INFO - 2023-01-24 19:05:21,921 - Run 67 completed successfully
THEMIS - INFO - 2023-01-24 19:05:21,999 - Run 68 completed successfully
THEMIS - INFO - 2023-01-24 19:05:22,148 - Run 66 completed successfully
THEMIS - INFO - 2023-01-24 19:05:22,982 - Run 69 completed successfully
THEMIS - INFO - 2023-01-24 19:05:23,695 - Run 70 completed successfully
THEMIS - INFO - 2023-01-24 19:05:23,980 - Run 71 completed successfully
THEMIS - INFO - 2023-01-24 19:05:24,269 - Run 72 completed successfully
THEMIS - INFO - 2023-01-24 19:05:24,400 - Run 73 completed successfully
THEMIS - INFO - 2023-01-24 19:05:25,213 - Run 74 completed successfully
THEMIS - INFO - 2023-01-24 19:05:25,823 - Run 75 completed successfully
THEMIS - INFO - 2023-01-24 19:05:25,869 - Run 76 completed successfully
THEMIS - INFO - 2023-01-24 19:05:26,049 - Run 78 completed successfully
THEMIS - INFO - 2023-01-24 19:05:26,180 - Run 77 completed successfully
THEMIS - INFO - 2023-01-24 19:05:26,718 - Run 79 completed successfully
THEMIS - INFO - 2023-01-24 19:05:26,872 - Run 80 completed successfully
THEMIS - INFO - 2023-01-24 19:05:26,937 - Run 81 completed successfully
THEMIS - INFO - 2023-01-24 19:05:27,710 - Run 82 completed successfully
THEMIS - INFO - 2023-01-24 19:05:28,257 - Run 83 completed successfully
THEMIS - INFO - 2023-01-24 19:05:28,352 - Run 84 completed successfully
THEMIS - INFO - 2023-01-24 19:05:29,982 - Run 85 completed successfully
THEMIS - INFO - 2023-01-24 19:05:30,243 - Run 86 completed successfully
THEMIS - INFO - 2023-01-24 19:05:31,095 - Run 87 completed successfully
THEMIS - INFO - 2023-01-24 19:05:31,270 - Run 88 completed successfully
THEMIS - INFO - 2023-01-24 19:05:31,343 - Run 89 completed successfully
THEMIS - INFO - 2023-01-24 19:05:31,601 - Run 91 completed successfully
THEMIS - INFO - 2023-01-24 19:05:31,649 - Run 90 completed successfully
THEMIS - INFO - 2023-01-24 19:05:31,928 - Run 92 completed successfully
THEMIS - INFO - 2023-01-24 19:05:32,105 - Run 93 completed successfully
THEMIS - DEBUG - 2023-01-24 19:05:32,569 - Killing runs deque([])
THEMIS - INFO - 2023-01-24 19:05:33,037 - Run 94 completed successfully
THEMIS - INFO - 2023-01-24 19:05:33,055 - Run 95 completed successfully
THEMIS - INFO - 2023-01-24 19:05:33,179 - Run 96 completed successfully
THEMIS - INFO - 2023-01-24 19:05:33,666 - Run 97 completed successfully
THEMIS - INFO - 2023-01-24 19:05:33,830 - Run 98 completed successfully
THEMIS - INFO - 2023-01-24 19:05:34,173 - Run 99 completed successfully
THEMIS - INFO - 2023-01-24 19:05:34,210 - Run 100 completed successfully
THEMIS - INFO - 2023-01-24 19:05:34,282 - Ensemble complete. Shutting down and exiting...
THEMIS - INFO - 2023-01-24 19:05:34,673 - Exited cleanly.
