THEMIS - INFO - 2023-01-24 18:46:49,431 - Worker starting...
THEMIS - INFO - 2023-01-24 18:46:49,432 - Received args Namespace(id='0', max_concurrency=100, server_args=['192.168.128.83', '43949'], setup_dir='/g/g20/eljurf1/weave_demos/ball_bounce/03_simulation_ensembles/themis_ensembles/setup/.ens_10_setup')
THEMIS - INFO - 2023-01-24 18:46:49,432 - Maximum concurrent runs: 100
THEMIS - INFO - 2023-01-24 18:46:49,435 - Using database: BackendClient(<ssl.SSLContext object at 0x2aaab0a4fa08>, '192.168.128.83', 43949)
THEMIS - DEBUG - 2023-01-24 18:46:49,450 - Using resource manager Slurm()
THEMIS - INFO - 2023-01-24 18:46:53,162 - Beginning to submit runs.
THEMIS - INFO - 2023-01-24 18:46:53,162 - Server listening on ('192.168.128.83', '38954')
source/executors.py submitTHEMIS - INFO - 2023-01-24 18:46:53,180 - Launching run 1

Step(args=['/g/g20/eljurf1/weave_demos/ball_bounce/dist/ball_bounce', '--input_deck', 'input_deck'], tasks=1, cores_per_task=1, gpus_per_task=0, timeout=0, batch_script=False, cwd=/g/g20/eljurf1/weave_demos/ball_bounce/03_simulation_ensembles/themis_ensembles/ensemble/ens_10/1/.)
/g/g20/eljurf1/weave_demos/ball_bounce/03_simulation_ensembles/themis_ensembles/ensemble/ens_10/1/.
source/executors.py submitTHEMIS - INFO - 2023-01-24 18:46:53,196 - Launching run 2

Step(args=['/g/g20/eljurf1/weave_demos/ball_bounce/dist/ball_bounce', '--input_deck', 'input_deck'], tasks=1, cores_per_task=1, gpus_per_task=0, timeout=0, batch_script=False, cwd=/g/g20/eljurf1/weave_demos/ball_bounce/03_simulation_ensembles/themis_ensembles/ensemble/ens_10/2/.)
/g/g20/eljurf1/weave_demos/ball_bounce/03_simulation_ensembles/themis_ensembles/ensemble/ens_10/2/.
source/executors.py submitTHEMIS - INFO - 2023-01-24 18:46:53,210 - Launching run 3

Step(args=['/g/g20/eljurf1/weave_demos/ball_bounce/dist/ball_bounce', '--input_deck', 'input_deck'], tasks=1, cores_per_task=1, gpus_per_task=0, timeout=0, batch_script=False, cwd=/g/g20/eljurf1/weave_demos/ball_bounce/03_simulation_ensembles/themis_ensembles/ensemble/ens_10/3/.)
/g/g20/eljurf1/weave_demos/ball_bounce/03_simulation_ensembles/themis_ensembles/ensemble/ens_10/3/.
source/executors.py submitTHEMIS - INFO - 2023-01-24 18:46:53,224 - Launching run 4

Step(args=['/g/g20/eljurf1/weave_demos/ball_bounce/dist/ball_bounce', '--input_deck', 'input_deck'], tasks=1, cores_per_task=1, gpus_per_task=0, timeout=0, batch_script=False, cwd=/g/g20/eljurf1/weave_demos/ball_bounce/03_simulation_ensembles/themis_ensembles/ensemble/ens_10/4/.)
/g/g20/eljurf1/weave_demos/ball_bounce/03_simulation_ensembles/themis_ensembles/ensemble/ens_10/4/.
source/executors.py submitTHEMIS - INFO - 2023-01-24 18:46:53,239 - Launching run 5

Step(args=['/g/g20/eljurf1/weave_demos/ball_bounce/dist/ball_bounce', '--input_deck', 'input_deck'], tasks=1, cores_per_task=1, gpus_per_task=0, timeout=0, batch_script=False, cwd=/g/g20/eljurf1/weave_demos/ball_bounce/03_simulation_ensembles/themis_ensembles/ensemble/ens_10/5/.)
/g/g20/eljurf1/weave_demos/ball_bounce/03_simulation_ensembles/themis_ensembles/ensemble/ens_10/5/.
source/executors.py submitTHEMIS - INFO - 2023-01-24 18:46:53,253 - Launching run 6

Step(args=['/g/g20/eljurf1/weave_demos/ball_bounce/dist/ball_bounce', '--input_deck', 'input_deck'], tasks=1, cores_per_task=1, gpus_per_task=0, timeout=0, batch_script=False, cwd=/g/g20/eljurf1/weave_demos/ball_bounce/03_simulation_ensembles/themis_ensembles/ensemble/ens_10/6/.)
/g/g20/eljurf1/weave_demos/ball_bounce/03_simulation_ensembles/themis_ensembles/ensemble/ens_10/6/.
source/executors.py submit
THEMIS - INFO - 2023-01-24 18:46:53,268 - Launching run 7
Step(args=['/g/g20/eljurf1/weave_demos/ball_bounce/dist/ball_bounce', '--input_deck', 'input_deck'], tasks=1, cores_per_task=1, gpus_per_task=0, timeout=0, batch_script=False, cwd=/g/g20/eljurf1/weave_demos/ball_bounce/03_simulation_ensembles/themis_ensembles/ensemble/ens_10/7/.)
/g/g20/eljurf1/weave_demos/ball_bounce/03_simulation_ensembles/themis_ensembles/ensemble/ens_10/7/.
source/executors.py submitTHEMIS - INFO - 2023-01-24 18:46:53,283 - Launching run 8

Step(args=['/g/g20/eljurf1/weave_demos/ball_bounce/dist/ball_bounce', '--input_deck', 'input_deck'], tasks=1, cores_per_task=1, gpus_per_task=0, timeout=0, batch_script=False, cwd=/g/g20/eljurf1/weave_demos/ball_bounce/03_simulation_ensembles/themis_ensembles/ensemble/ens_10/8/.)
/g/g20/eljurf1/weave_demos/ball_bounce/03_simulation_ensembles/themis_ensembles/ensemble/ens_10/8/.
source/executors.py submitTHEMIS - INFO - 2023-01-24 18:46:53,296 - Launching run 9

Step(args=['/g/g20/eljurf1/weave_demos/ball_bounce/dist/ball_bounce', '--input_deck', 'input_deck'], tasks=1, cores_per_task=1, gpus_per_task=0, timeout=0, batch_script=False, cwd=/g/g20/eljurf1/weave_demos/ball_bounce/03_simulation_ensembles/themis_ensembles/ensemble/ens_10/9/.)
/g/g20/eljurf1/weave_demos/ball_bounce/03_simulation_ensembles/themis_ensembles/ensemble/ens_10/9/.
source/executors.py submitTHEMIS - INFO - 2023-01-24 18:46:53,309 - Launching run 10

Step(args=['/g/g20/eljurf1/weave_demos/ball_bounce/dist/ball_bounce', '--input_deck', 'input_deck'], tasks=1, cores_per_task=1, gpus_per_task=0, timeout=0, batch_script=False, cwd=/g/g20/eljurf1/weave_demos/ball_bounce/03_simulation_ensembles/themis_ensembles/ensemble/ens_10/10/.)
/g/g20/eljurf1/weave_demos/ball_bounce/03_simulation_ensembles/themis_ensembles/ensemble/ens_10/10/.
source/executors.py submitTHEMIS - INFO - 2023-01-24 18:46:53,323 - Launching run 11

Step(args=['/g/g20/eljurf1/weave_demos/ball_bounce/dist/ball_bounce', '--input_deck', 'input_deck'], tasks=1, cores_per_task=1, gpus_per_task=0, timeout=0, batch_script=False, cwd=/g/g20/eljurf1/weave_demos/ball_bounce/03_simulation_ensembles/themis_ensembles/ensemble/ens_10/11/.)
/g/g20/eljurf1/weave_demos/ball_bounce/03_simulation_ensembles/themis_ensembles/ensemble/ens_10/11/.
source/executors.py submit
Step(args=['/g/g20/eljurf1/weave_demos/ball_bounce/dist/ball_bounce', '--input_deck', 'input_deck'], tasks=1, cores_per_task=1, gpus_per_task=0, timeout=0, batch_script=False, cwd=/g/g20/eljurf1/weave_demos/ball_bounce/03_simulation_ensembles/themis_ensembles/ensemble/ens_10/12/.)
/g/g20/eljurf1/weave_demos/ball_bounce/03_simulation_ensembles/themis_ensembles/ensemble/ens_10/12/.THEMIS - INFO - 2023-01-24 18:46:53,336 - Launching run 12

source/executors.py submitTHEMIS - INFO - 2023-01-24 18:46:53,348 - Launching run 13

Step(args=['/g/g20/eljurf1/weave_demos/ball_bounce/dist/ball_bounce', '--input_deck', 'input_deck'], tasks=1, cores_per_task=1, gpus_per_task=0, timeout=0, batch_script=False, cwd=/g/g20/eljurf1/weave_demos/ball_bounce/03_simulation_ensembles/themis_ensembles/ensemble/ens_10/13/.)
/g/g20/eljurf1/weave_demos/ball_bounce/03_simulation_ensembles/themis_ensembles/ensemble/ens_10/13/.
source/executors.py submitTHEMIS - INFO - 2023-01-24 18:46:53,363 - Launching run 14

Step(args=['/g/g20/eljurf1/weave_demos/ball_bounce/dist/ball_bounce', '--input_deck', 'input_deck'], tasks=1, cores_per_task=1, gpus_per_task=0, timeout=0, batch_script=False, cwd=/g/g20/eljurf1/weave_demos/ball_bounce/03_simulation_ensembles/themis_ensembles/ensemble/ens_10/14/.)
/g/g20/eljurf1/weave_demos/ball_bounce/03_simulation_ensembles/themis_ensembles/ensemble/ens_10/14/.
source/executors.py submitTHEMIS - INFO - 2023-01-24 18:46:53,379 - Launching run 15

Step(args=['/g/g20/eljurf1/weave_demos/ball_bounce/dist/ball_bounce', '--input_deck', 'input_deck'], tasks=1, cores_per_task=1, gpus_per_task=0, timeout=0, batch_script=False, cwd=/g/g20/eljurf1/weave_demos/ball_bounce/03_simulation_ensembles/themis_ensembles/ensemble/ens_10/15/.)
/g/g20/eljurf1/weave_demos/ball_bounce/03_simulation_ensembles/themis_ensembles/ensemble/ens_10/15/.
source/executors.py submitTHEMIS - INFO - 2023-01-24 18:46:53,393 - Launching run 16

Step(args=['/g/g20/eljurf1/weave_demos/ball_bounce/dist/ball_bounce', '--input_deck', 'input_deck'], tasks=1, cores_per_task=1, gpus_per_task=0, timeout=0, batch_script=False, cwd=/g/g20/eljurf1/weave_demos/ball_bounce/03_simulation_ensembles/themis_ensembles/ensemble/ens_10/16/.)
/g/g20/eljurf1/weave_demos/ball_bounce/03_simulation_ensembles/themis_ensembles/ensemble/ens_10/16/.
source/executors.py submit
Step(args=['/g/g20/eljurf1/weave_demos/ball_bounce/dist/ball_bounce', '--input_deck', 'input_deck'], tasks=1, cores_per_task=1, gpus_per_task=0, timeout=0, batch_script=False, cwd=/g/g20/eljurf1/weave_demos/ball_bounce/03_simulation_ensembles/themis_ensembles/ensemble/ens_10/17/.)THEMIS - INFO - 2023-01-24 18:46:53,407 - Launching run 17

/g/g20/eljurf1/weave_demos/ball_bounce/03_simulation_ensembles/themis_ensembles/ensemble/ens_10/17/.
source/executors.py submitTHEMIS - INFO - 2023-01-24 18:46:53,422 - Launching run 18

Step(args=['/g/g20/eljurf1/weave_demos/ball_bounce/dist/ball_bounce', '--input_deck', 'input_deck'], tasks=1, cores_per_task=1, gpus_per_task=0, timeout=0, batch_script=False, cwd=/g/g20/eljurf1/weave_demos/ball_bounce/03_simulation_ensembles/themis_ensembles/ensemble/ens_10/18/.)
/g/g20/eljurf1/weave_demos/ball_bounce/03_simulation_ensembles/themis_ensembles/ensemble/ens_10/18/.
source/executors.py submitTHEMIS - INFO - 2023-01-24 18:46:53,437 - Launching run 19

Step(args=['/g/g20/eljurf1/weave_demos/ball_bounce/dist/ball_bounce', '--input_deck', 'input_deck'], tasks=1, cores_per_task=1, gpus_per_task=0, timeout=0, batch_script=False, cwd=/g/g20/eljurf1/weave_demos/ball_bounce/03_simulation_ensembles/themis_ensembles/ensemble/ens_10/19/.)
/g/g20/eljurf1/weave_demos/ball_bounce/03_simulation_ensembles/themis_ensembles/ensemble/ens_10/19/.
source/executors.py submitTHEMIS - INFO - 2023-01-24 18:46:53,451 - Launching run 20

Step(args=['/g/g20/eljurf1/weave_demos/ball_bounce/dist/ball_bounce', '--input_deck', 'input_deck'], tasks=1, cores_per_task=1, gpus_per_task=0, timeout=0, batch_script=False, cwd=/g/g20/eljurf1/weave_demos/ball_bounce/03_simulation_ensembles/themis_ensembles/ensemble/ens_10/20/.)
/g/g20/eljurf1/weave_demos/ball_bounce/03_simulation_ensembles/themis_ensembles/ensemble/ens_10/20/.
source/executors.py submitTHEMIS - INFO - 2023-01-24 18:46:53,466 - Launching run 21

Step(args=['/g/g20/eljurf1/weave_demos/ball_bounce/dist/ball_bounce', '--input_deck', 'input_deck'], tasks=1, cores_per_task=1, gpus_per_task=0, timeout=0, batch_script=False, cwd=/g/g20/eljurf1/weave_demos/ball_bounce/03_simulation_ensembles/themis_ensembles/ensemble/ens_10/21/.)
/g/g20/eljurf1/weave_demos/ball_bounce/03_simulation_ensembles/themis_ensembles/ensemble/ens_10/21/.
source/executors.py submitTHEMIS - INFO - 2023-01-24 18:46:53,481 - Launching run 22

Step(args=['/g/g20/eljurf1/weave_demos/ball_bounce/dist/ball_bounce', '--input_deck', 'input_deck'], tasks=1, cores_per_task=1, gpus_per_task=0, timeout=0, batch_script=False, cwd=/g/g20/eljurf1/weave_demos/ball_bounce/03_simulation_ensembles/themis_ensembles/ensemble/ens_10/22/.)
/g/g20/eljurf1/weave_demos/ball_bounce/03_simulation_ensembles/themis_ensembles/ensemble/ens_10/22/.
source/executors.py submitTHEMIS - INFO - 2023-01-24 18:46:53,495 - Launching run 23

Step(args=['/g/g20/eljurf1/weave_demos/ball_bounce/dist/ball_bounce', '--input_deck', 'input_deck'], tasks=1, cores_per_task=1, gpus_per_task=0, timeout=0, batch_script=False, cwd=/g/g20/eljurf1/weave_demos/ball_bounce/03_simulation_ensembles/themis_ensembles/ensemble/ens_10/23/.)
/g/g20/eljurf1/weave_demos/ball_bounce/03_simulation_ensembles/themis_ensembles/ensemble/ens_10/23/.
source/executors.py submitTHEMIS - INFO - 2023-01-24 18:46:53,509 - Launching run 24

Step(args=['/g/g20/eljurf1/weave_demos/ball_bounce/dist/ball_bounce', '--input_deck', 'input_deck'], tasks=1, cores_per_task=1, gpus_per_task=0, timeout=0, batch_script=False, cwd=/g/g20/eljurf1/weave_demos/ball_bounce/03_simulation_ensembles/themis_ensembles/ensemble/ens_10/24/.)
/g/g20/eljurf1/weave_demos/ball_bounce/03_simulation_ensembles/themis_ensembles/ensemble/ens_10/24/.
source/executors.py submitTHEMIS - INFO - 2023-01-24 18:46:53,523 - Launching run 25

Step(args=['/g/g20/eljurf1/weave_demos/ball_bounce/dist/ball_bounce', '--input_deck', 'input_deck'], tasks=1, cores_per_task=1, gpus_per_task=0, timeout=0, batch_script=False, cwd=/g/g20/eljurf1/weave_demos/ball_bounce/03_simulation_ensembles/themis_ensembles/ensemble/ens_10/25/.)
/g/g20/eljurf1/weave_demos/ball_bounce/03_simulation_ensembles/themis_ensembles/ensemble/ens_10/25/.
source/executors.py submitTHEMIS - INFO - 2023-01-24 18:46:53,537 - Launching run 26

Step(args=['/g/g20/eljurf1/weave_demos/ball_bounce/dist/ball_bounce', '--input_deck', 'input_deck'], tasks=1, cores_per_task=1, gpus_per_task=0, timeout=0, batch_script=False, cwd=/g/g20/eljurf1/weave_demos/ball_bounce/03_simulation_ensembles/themis_ensembles/ensemble/ens_10/26/.)
/g/g20/eljurf1/weave_demos/ball_bounce/03_simulation_ensembles/themis_ensembles/ensemble/ens_10/26/.
source/executors.py submitTHEMIS - INFO - 2023-01-24 18:46:53,550 - Launching run 27

Step(args=['/g/g20/eljurf1/weave_demos/ball_bounce/dist/ball_bounce', '--input_deck', 'input_deck'], tasks=1, cores_per_task=1, gpus_per_task=0, timeout=0, batch_script=False, cwd=/g/g20/eljurf1/weave_demos/ball_bounce/03_simulation_ensembles/themis_ensembles/ensemble/ens_10/27/.)
/g/g20/eljurf1/weave_demos/ball_bounce/03_simulation_ensembles/themis_ensembles/ensemble/ens_10/27/.
source/executors.py submitTHEMIS - INFO - 2023-01-24 18:46:53,564 - Launching run 28

Step(args=['/g/g20/eljurf1/weave_demos/ball_bounce/dist/ball_bounce', '--input_deck', 'input_deck'], tasks=1, cores_per_task=1, gpus_per_task=0, timeout=0, batch_script=False, cwd=/g/g20/eljurf1/weave_demos/ball_bounce/03_simulation_ensembles/themis_ensembles/ensemble/ens_10/28/.)
/g/g20/eljurf1/weave_demos/ball_bounce/03_simulation_ensembles/themis_ensembles/ensemble/ens_10/28/.
source/executors.py submitTHEMIS - INFO - 2023-01-24 18:46:53,578 - Launching run 29

Step(args=['/g/g20/eljurf1/weave_demos/ball_bounce/dist/ball_bounce', '--input_deck', 'input_deck'], tasks=1, cores_per_task=1, gpus_per_task=0, timeout=0, batch_script=False, cwd=/g/g20/eljurf1/weave_demos/ball_bounce/03_simulation_ensembles/themis_ensembles/ensemble/ens_10/29/.)
/g/g20/eljurf1/weave_demos/ball_bounce/03_simulation_ensembles/themis_ensembles/ensemble/ens_10/29/.
source/executors.py submit
THEMIS - INFO - 2023-01-24 18:46:53,593 - Launching run 30
Step(args=['/g/g20/eljurf1/weave_demos/ball_bounce/dist/ball_bounce', '--input_deck', 'input_deck'], tasks=1, cores_per_task=1, gpus_per_task=0, timeout=0, batch_script=False, cwd=/g/g20/eljurf1/weave_demos/ball_bounce/03_simulation_ensembles/themis_ensembles/ensemble/ens_10/30/.)
/g/g20/eljurf1/weave_demos/ball_bounce/03_simulation_ensembles/themis_ensembles/ensemble/ens_10/30/.
source/executors.py submitTHEMIS - INFO - 2023-01-24 18:46:53,607 - Launching run 31

Step(args=['/g/g20/eljurf1/weave_demos/ball_bounce/dist/ball_bounce', '--input_deck', 'input_deck'], tasks=1, cores_per_task=1, gpus_per_task=0, timeout=0, batch_script=False, cwd=/g/g20/eljurf1/weave_demos/ball_bounce/03_simulation_ensembles/themis_ensembles/ensemble/ens_10/31/.)
/g/g20/eljurf1/weave_demos/ball_bounce/03_simulation_ensembles/themis_ensembles/ensemble/ens_10/31/.
source/executors.py submitTHEMIS - INFO - 2023-01-24 18:46:53,621 - Launching run 32

Step(args=['/g/g20/eljurf1/weave_demos/ball_bounce/dist/ball_bounce', '--input_deck', 'input_deck'], tasks=1, cores_per_task=1, gpus_per_task=0, timeout=0, batch_script=False, cwd=/g/g20/eljurf1/weave_demos/ball_bounce/03_simulation_ensembles/themis_ensembles/ensemble/ens_10/32/.)
/g/g20/eljurf1/weave_demos/ball_bounce/03_simulation_ensembles/themis_ensembles/ensemble/ens_10/32/.
source/executors.py submit
Step(args=['/g/g20/eljurf1/weave_demos/ball_bounce/dist/ball_bounce', '--input_deck', 'input_deck'], tasks=1, cores_per_task=1, gpus_per_task=0, timeout=0, batch_script=False, cwd=/g/g20/eljurf1/weave_demos/ball_bounce/03_simulation_ensembles/themis_ensembles/ensemble/ens_10/33/.)
/g/g20/eljurf1/weave_demos/ball_bounce/03_simulation_ensembles/themis_ensembles/ensemble/ens_10/33/.THEMIS - INFO - 2023-01-24 18:46:53,634 - Launching run 33

source/executors.py submitTHEMIS - INFO - 2023-01-24 18:46:53,647 - Launching run 34

Step(args=['/g/g20/eljurf1/weave_demos/ball_bounce/dist/ball_bounce', '--input_deck', 'input_deck'], tasks=1, cores_per_task=1, gpus_per_task=0, timeout=0, batch_script=False, cwd=/g/g20/eljurf1/weave_demos/ball_bounce/03_simulation_ensembles/themis_ensembles/ensemble/ens_10/34/.)
/g/g20/eljurf1/weave_demos/ball_bounce/03_simulation_ensembles/themis_ensembles/ensemble/ens_10/34/.
source/executors.py submit
Step(args=['/g/g20/eljurf1/weave_demos/ball_bounce/dist/ball_bounce', '--input_deck', 'input_deck'], tasks=1, cores_per_task=1, gpus_per_task=0, timeout=0, batch_script=False, cwd=/g/g20/eljurf1/weave_demos/ball_bounce/03_simulation_ensembles/themis_ensembles/ensemble/ens_10/35/.)
THEMIS - INFO - 2023-01-24 18:46:53,661 - Launching run 35
/g/g20/eljurf1/weave_demos/ball_bounce/03_simulation_ensembles/themis_ensembles/ensemble/ens_10/35/.
source/executors.py submitTHEMIS - INFO - 2023-01-24 18:46:53,672 - Launching run 36

Step(args=['/g/g20/eljurf1/weave_demos/ball_bounce/dist/ball_bounce', '--input_deck', 'input_deck'], tasks=1, cores_per_task=1, gpus_per_task=0, timeout=0, batch_script=False, cwd=/g/g20/eljurf1/weave_demos/ball_bounce/03_simulation_ensembles/themis_ensembles/ensemble/ens_10/36/.)
/g/g20/eljurf1/weave_demos/ball_bounce/03_simulation_ensembles/themis_ensembles/ensemble/ens_10/36/.
source/executors.py submitTHEMIS - INFO - 2023-01-24 18:46:53,683 - Launching run 37

Step(args=['/g/g20/eljurf1/weave_demos/ball_bounce/dist/ball_bounce', '--input_deck', 'input_deck'], tasks=1, cores_per_task=1, gpus_per_task=0, timeout=0, batch_script=False, cwd=/g/g20/eljurf1/weave_demos/ball_bounce/03_simulation_ensembles/themis_ensembles/ensemble/ens_10/37/.)
/g/g20/eljurf1/weave_demos/ball_bounce/03_simulation_ensembles/themis_ensembles/ensemble/ens_10/37/.
source/executors.py submitTHEMIS - INFO - 2023-01-24 18:46:53,697 - Launching run 38

Step(args=['/g/g20/eljurf1/weave_demos/ball_bounce/dist/ball_bounce', '--input_deck', 'input_deck'], tasks=1, cores_per_task=1, gpus_per_task=0, timeout=0, batch_script=False, cwd=/g/g20/eljurf1/weave_demos/ball_bounce/03_simulation_ensembles/themis_ensembles/ensemble/ens_10/38/.)
/g/g20/eljurf1/weave_demos/ball_bounce/03_simulation_ensembles/themis_ensembles/ensemble/ens_10/38/.
source/executors.py submitTHEMIS - INFO - 2023-01-24 18:46:53,711 - Launching run 39

Step(args=['/g/g20/eljurf1/weave_demos/ball_bounce/dist/ball_bounce', '--input_deck', 'input_deck'], tasks=1, cores_per_task=1, gpus_per_task=0, timeout=0, batch_script=False, cwd=/g/g20/eljurf1/weave_demos/ball_bounce/03_simulation_ensembles/themis_ensembles/ensemble/ens_10/39/.)
/g/g20/eljurf1/weave_demos/ball_bounce/03_simulation_ensembles/themis_ensembles/ensemble/ens_10/39/.
source/executors.py submitTHEMIS - INFO - 2023-01-24 18:46:53,725 - Launching run 40

Step(args=['/g/g20/eljurf1/weave_demos/ball_bounce/dist/ball_bounce', '--input_deck', 'input_deck'], tasks=1, cores_per_task=1, gpus_per_task=0, timeout=0, batch_script=False, cwd=/g/g20/eljurf1/weave_demos/ball_bounce/03_simulation_ensembles/themis_ensembles/ensemble/ens_10/40/.)
/g/g20/eljurf1/weave_demos/ball_bounce/03_simulation_ensembles/themis_ensembles/ensemble/ens_10/40/.
source/executors.py submitTHEMIS - INFO - 2023-01-24 18:46:53,740 - Launching run 41

Step(args=['/g/g20/eljurf1/weave_demos/ball_bounce/dist/ball_bounce', '--input_deck', 'input_deck'], tasks=1, cores_per_task=1, gpus_per_task=0, timeout=0, batch_script=False, cwd=/g/g20/eljurf1/weave_demos/ball_bounce/03_simulation_ensembles/themis_ensembles/ensemble/ens_10/41/.)
/g/g20/eljurf1/weave_demos/ball_bounce/03_simulation_ensembles/themis_ensembles/ensemble/ens_10/41/.
source/executors.py submitTHEMIS - INFO - 2023-01-24 18:46:53,755 - Launching run 42

Step(args=['/g/g20/eljurf1/weave_demos/ball_bounce/dist/ball_bounce', '--input_deck', 'input_deck'], tasks=1, cores_per_task=1, gpus_per_task=0, timeout=0, batch_script=False, cwd=/g/g20/eljurf1/weave_demos/ball_bounce/03_simulation_ensembles/themis_ensembles/ensemble/ens_10/42/.)
/g/g20/eljurf1/weave_demos/ball_bounce/03_simulation_ensembles/themis_ensembles/ensemble/ens_10/42/.
source/executors.py submitTHEMIS - INFO - 2023-01-24 18:46:53,772 - Launching run 43

Step(args=['/g/g20/eljurf1/weave_demos/ball_bounce/dist/ball_bounce', '--input_deck', 'input_deck'], tasks=1, cores_per_task=1, gpus_per_task=0, timeout=0, batch_script=False, cwd=/g/g20/eljurf1/weave_demos/ball_bounce/03_simulation_ensembles/themis_ensembles/ensemble/ens_10/43/.)
/g/g20/eljurf1/weave_demos/ball_bounce/03_simulation_ensembles/themis_ensembles/ensemble/ens_10/43/.
source/executors.py submitTHEMIS - INFO - 2023-01-24 18:46:53,789 - Launching run 44

Step(args=['/g/g20/eljurf1/weave_demos/ball_bounce/dist/ball_bounce', '--input_deck', 'input_deck'], tasks=1, cores_per_task=1, gpus_per_task=0, timeout=0, batch_script=False, cwd=/g/g20/eljurf1/weave_demos/ball_bounce/03_simulation_ensembles/themis_ensembles/ensemble/ens_10/44/.)
/g/g20/eljurf1/weave_demos/ball_bounce/03_simulation_ensembles/themis_ensembles/ensemble/ens_10/44/.
source/executors.py submitTHEMIS - INFO - 2023-01-24 18:46:53,806 - Launching run 45

Step(args=['/g/g20/eljurf1/weave_demos/ball_bounce/dist/ball_bounce', '--input_deck', 'input_deck'], tasks=1, cores_per_task=1, gpus_per_task=0, timeout=0, batch_script=False, cwd=/g/g20/eljurf1/weave_demos/ball_bounce/03_simulation_ensembles/themis_ensembles/ensemble/ens_10/45/.)
/g/g20/eljurf1/weave_demos/ball_bounce/03_simulation_ensembles/themis_ensembles/ensemble/ens_10/45/.
source/executors.py submitTHEMIS - INFO - 2023-01-24 18:46:53,822 - Launching run 46

Step(args=['/g/g20/eljurf1/weave_demos/ball_bounce/dist/ball_bounce', '--input_deck', 'input_deck'], tasks=1, cores_per_task=1, gpus_per_task=0, timeout=0, batch_script=False, cwd=/g/g20/eljurf1/weave_demos/ball_bounce/03_simulation_ensembles/themis_ensembles/ensemble/ens_10/46/.)
/g/g20/eljurf1/weave_demos/ball_bounce/03_simulation_ensembles/themis_ensembles/ensemble/ens_10/46/.
source/executors.py submitTHEMIS - INFO - 2023-01-24 18:46:53,837 - Launching run 47

Step(args=['/g/g20/eljurf1/weave_demos/ball_bounce/dist/ball_bounce', '--input_deck', 'input_deck'], tasks=1, cores_per_task=1, gpus_per_task=0, timeout=0, batch_script=False, cwd=/g/g20/eljurf1/weave_demos/ball_bounce/03_simulation_ensembles/themis_ensembles/ensemble/ens_10/47/.)
/g/g20/eljurf1/weave_demos/ball_bounce/03_simulation_ensembles/themis_ensembles/ensemble/ens_10/47/.
source/executors.py submitTHEMIS - INFO - 2023-01-24 18:46:53,854 - Launching run 48

Step(args=['/g/g20/eljurf1/weave_demos/ball_bounce/dist/ball_bounce', '--input_deck', 'input_deck'], tasks=1, cores_per_task=1, gpus_per_task=0, timeout=0, batch_script=False, cwd=/g/g20/eljurf1/weave_demos/ball_bounce/03_simulation_ensembles/themis_ensembles/ensemble/ens_10/48/.)
/g/g20/eljurf1/weave_demos/ball_bounce/03_simulation_ensembles/themis_ensembles/ensemble/ens_10/48/.
source/executors.py submitTHEMIS - INFO - 2023-01-24 18:46:53,868 - Launching run 49

Step(args=['/g/g20/eljurf1/weave_demos/ball_bounce/dist/ball_bounce', '--input_deck', 'input_deck'], tasks=1, cores_per_task=1, gpus_per_task=0, timeout=0, batch_script=False, cwd=/g/g20/eljurf1/weave_demos/ball_bounce/03_simulation_ensembles/themis_ensembles/ensemble/ens_10/49/.)
/g/g20/eljurf1/weave_demos/ball_bounce/03_simulation_ensembles/themis_ensembles/ensemble/ens_10/49/.
source/executors.py submitTHEMIS - INFO - 2023-01-24 18:46:53,885 - Launching run 50

Step(args=['/g/g20/eljurf1/weave_demos/ball_bounce/dist/ball_bounce', '--input_deck', 'input_deck'], tasks=1, cores_per_task=1, gpus_per_task=0, timeout=0, batch_script=False, cwd=/g/g20/eljurf1/weave_demos/ball_bounce/03_simulation_ensembles/themis_ensembles/ensemble/ens_10/50/.)
/g/g20/eljurf1/weave_demos/ball_bounce/03_simulation_ensembles/themis_ensembles/ensemble/ens_10/50/.
source/executors.py submitTHEMIS - INFO - 2023-01-24 18:46:53,901 - Launching run 51

Step(args=['/g/g20/eljurf1/weave_demos/ball_bounce/dist/ball_bounce', '--input_deck', 'input_deck'], tasks=1, cores_per_task=1, gpus_per_task=0, timeout=0, batch_script=False, cwd=/g/g20/eljurf1/weave_demos/ball_bounce/03_simulation_ensembles/themis_ensembles/ensemble/ens_10/51/.)
/g/g20/eljurf1/weave_demos/ball_bounce/03_simulation_ensembles/themis_ensembles/ensemble/ens_10/51/.
source/executors.py submitTHEMIS - INFO - 2023-01-24 18:46:53,915 - Launching run 52

Step(args=['/g/g20/eljurf1/weave_demos/ball_bounce/dist/ball_bounce', '--input_deck', 'input_deck'], tasks=1, cores_per_task=1, gpus_per_task=0, timeout=0, batch_script=False, cwd=/g/g20/eljurf1/weave_demos/ball_bounce/03_simulation_ensembles/themis_ensembles/ensemble/ens_10/52/.)
/g/g20/eljurf1/weave_demos/ball_bounce/03_simulation_ensembles/themis_ensembles/ensemble/ens_10/52/.
source/executors.py submitTHEMIS - INFO - 2023-01-24 18:46:53,932 - Launching run 53

Step(args=['/g/g20/eljurf1/weave_demos/ball_bounce/dist/ball_bounce', '--input_deck', 'input_deck'], tasks=1, cores_per_task=1, gpus_per_task=0, timeout=0, batch_script=False, cwd=/g/g20/eljurf1/weave_demos/ball_bounce/03_simulation_ensembles/themis_ensembles/ensemble/ens_10/53/.)
/g/g20/eljurf1/weave_demos/ball_bounce/03_simulation_ensembles/themis_ensembles/ensemble/ens_10/53/.
source/executors.py submitTHEMIS - INFO - 2023-01-24 18:46:53,947 - Launching run 54

Step(args=['/g/g20/eljurf1/weave_demos/ball_bounce/dist/ball_bounce', '--input_deck', 'input_deck'], tasks=1, cores_per_task=1, gpus_per_task=0, timeout=0, batch_script=False, cwd=/g/g20/eljurf1/weave_demos/ball_bounce/03_simulation_ensembles/themis_ensembles/ensemble/ens_10/54/.)
/g/g20/eljurf1/weave_demos/ball_bounce/03_simulation_ensembles/themis_ensembles/ensemble/ens_10/54/.
source/executors.py submitTHEMIS - INFO - 2023-01-24 18:46:53,961 - Launching run 55

Step(args=['/g/g20/eljurf1/weave_demos/ball_bounce/dist/ball_bounce', '--input_deck', 'input_deck'], tasks=1, cores_per_task=1, gpus_per_task=0, timeout=0, batch_script=False, cwd=/g/g20/eljurf1/weave_demos/ball_bounce/03_simulation_ensembles/themis_ensembles/ensemble/ens_10/55/.)
/g/g20/eljurf1/weave_demos/ball_bounce/03_simulation_ensembles/themis_ensembles/ensemble/ens_10/55/.
source/executors.py submitTHEMIS - INFO - 2023-01-24 18:46:53,980 - Launching run 56

Step(args=['/g/g20/eljurf1/weave_demos/ball_bounce/dist/ball_bounce', '--input_deck', 'input_deck'], tasks=1, cores_per_task=1, gpus_per_task=0, timeout=0, batch_script=False, cwd=/g/g20/eljurf1/weave_demos/ball_bounce/03_simulation_ensembles/themis_ensembles/ensemble/ens_10/56/.)
/g/g20/eljurf1/weave_demos/ball_bounce/03_simulation_ensembles/themis_ensembles/ensemble/ens_10/56/.
source/executors.py submitTHEMIS - INFO - 2023-01-24 18:46:53,996 - Launching run 57

Step(args=['/g/g20/eljurf1/weave_demos/ball_bounce/dist/ball_bounce', '--input_deck', 'input_deck'], tasks=1, cores_per_task=1, gpus_per_task=0, timeout=0, batch_script=False, cwd=/g/g20/eljurf1/weave_demos/ball_bounce/03_simulation_ensembles/themis_ensembles/ensemble/ens_10/57/.)
/g/g20/eljurf1/weave_demos/ball_bounce/03_simulation_ensembles/themis_ensembles/ensemble/ens_10/57/.
source/executors.py submitTHEMIS - INFO - 2023-01-24 18:46:54,011 - Launching run 58

Step(args=['/g/g20/eljurf1/weave_demos/ball_bounce/dist/ball_bounce', '--input_deck', 'input_deck'], tasks=1, cores_per_task=1, gpus_per_task=0, timeout=0, batch_script=False, cwd=/g/g20/eljurf1/weave_demos/ball_bounce/03_simulation_ensembles/themis_ensembles/ensemble/ens_10/58/.)
/g/g20/eljurf1/weave_demos/ball_bounce/03_simulation_ensembles/themis_ensembles/ensemble/ens_10/58/.
source/executors.py submitTHEMIS - INFO - 2023-01-24 18:46:54,028 - Launching run 59

Step(args=['/g/g20/eljurf1/weave_demos/ball_bounce/dist/ball_bounce', '--input_deck', 'input_deck'], tasks=1, cores_per_task=1, gpus_per_task=0, timeout=0, batch_script=False, cwd=/g/g20/eljurf1/weave_demos/ball_bounce/03_simulation_ensembles/themis_ensembles/ensemble/ens_10/59/.)
/g/g20/eljurf1/weave_demos/ball_bounce/03_simulation_ensembles/themis_ensembles/ensemble/ens_10/59/.
source/executors.py submitTHEMIS - INFO - 2023-01-24 18:46:54,046 - Launching run 60

Step(args=['/g/g20/eljurf1/weave_demos/ball_bounce/dist/ball_bounce', '--input_deck', 'input_deck'], tasks=1, cores_per_task=1, gpus_per_task=0, timeout=0, batch_script=False, cwd=/g/g20/eljurf1/weave_demos/ball_bounce/03_simulation_ensembles/themis_ensembles/ensemble/ens_10/60/.)
/g/g20/eljurf1/weave_demos/ball_bounce/03_simulation_ensembles/themis_ensembles/ensemble/ens_10/60/.
source/executors.py submit
THEMIS - INFO - 2023-01-24 18:46:54,063 - Launching run 61
Step(args=['/g/g20/eljurf1/weave_demos/ball_bounce/dist/ball_bounce', '--input_deck', 'input_deck'], tasks=1, cores_per_task=1, gpus_per_task=0, timeout=0, batch_script=False, cwd=/g/g20/eljurf1/weave_demos/ball_bounce/03_simulation_ensembles/themis_ensembles/ensemble/ens_10/61/.)
/g/g20/eljurf1/weave_demos/ball_bounce/03_simulation_ensembles/themis_ensembles/ensemble/ens_10/61/.
source/executors.py submitTHEMIS - INFO - 2023-01-24 18:46:54,079 - Launching run 62

Step(args=['/g/g20/eljurf1/weave_demos/ball_bounce/dist/ball_bounce', '--input_deck', 'input_deck'], tasks=1, cores_per_task=1, gpus_per_task=0, timeout=0, batch_script=False, cwd=/g/g20/eljurf1/weave_demos/ball_bounce/03_simulation_ensembles/themis_ensembles/ensemble/ens_10/62/.)
/g/g20/eljurf1/weave_demos/ball_bounce/03_simulation_ensembles/themis_ensembles/ensemble/ens_10/62/.
source/executors.py submitTHEMIS - INFO - 2023-01-24 18:46:54,096 - Launching run 63

Step(args=['/g/g20/eljurf1/weave_demos/ball_bounce/dist/ball_bounce', '--input_deck', 'input_deck'], tasks=1, cores_per_task=1, gpus_per_task=0, timeout=0, batch_script=False, cwd=/g/g20/eljurf1/weave_demos/ball_bounce/03_simulation_ensembles/themis_ensembles/ensemble/ens_10/63/.)
/g/g20/eljurf1/weave_demos/ball_bounce/03_simulation_ensembles/themis_ensembles/ensemble/ens_10/63/.
source/executors.py submitTHEMIS - INFO - 2023-01-24 18:46:54,112 - Launching run 64

Step(args=['/g/g20/eljurf1/weave_demos/ball_bounce/dist/ball_bounce', '--input_deck', 'input_deck'], tasks=1, cores_per_task=1, gpus_per_task=0, timeout=0, batch_script=False, cwd=/g/g20/eljurf1/weave_demos/ball_bounce/03_simulation_ensembles/themis_ensembles/ensemble/ens_10/64/.)
/g/g20/eljurf1/weave_demos/ball_bounce/03_simulation_ensembles/themis_ensembles/ensemble/ens_10/64/.
source/executors.py submitTHEMIS - INFO - 2023-01-24 18:46:54,127 - Launching run 65

Step(args=['/g/g20/eljurf1/weave_demos/ball_bounce/dist/ball_bounce', '--input_deck', 'input_deck'], tasks=1, cores_per_task=1, gpus_per_task=0, timeout=0, batch_script=False, cwd=/g/g20/eljurf1/weave_demos/ball_bounce/03_simulation_ensembles/themis_ensembles/ensemble/ens_10/65/.)
/g/g20/eljurf1/weave_demos/ball_bounce/03_simulation_ensembles/themis_ensembles/ensemble/ens_10/65/.
source/executors.py submitTHEMIS - INFO - 2023-01-24 18:46:54,142 - Launching run 66

Step(args=['/g/g20/eljurf1/weave_demos/ball_bounce/dist/ball_bounce', '--input_deck', 'input_deck'], tasks=1, cores_per_task=1, gpus_per_task=0, timeout=0, batch_script=False, cwd=/g/g20/eljurf1/weave_demos/ball_bounce/03_simulation_ensembles/themis_ensembles/ensemble/ens_10/66/.)
/g/g20/eljurf1/weave_demos/ball_bounce/03_simulation_ensembles/themis_ensembles/ensemble/ens_10/66/.
source/executors.py submit
Step(args=['/g/g20/eljurf1/weave_demos/ball_bounce/dist/ball_bounce', '--input_deck', 'input_deck'], tasks=1, cores_per_task=1, gpus_per_task=0, timeout=0, batch_script=False, cwd=/g/g20/eljurf1/weave_demos/ball_bounce/03_simulation_ensembles/themis_ensembles/ensemble/ens_10/67/.)THEMIS - INFO - 2023-01-24 18:46:54,157 - Launching run 67

/g/g20/eljurf1/weave_demos/ball_bounce/03_simulation_ensembles/themis_ensembles/ensemble/ens_10/67/.
source/executors.py submit
THEMIS - INFO - 2023-01-24 18:46:54,172 - Launching run 68
Step(args=['/g/g20/eljurf1/weave_demos/ball_bounce/dist/ball_bounce', '--input_deck', 'input_deck'], tasks=1, cores_per_task=1, gpus_per_task=0, timeout=0, batch_script=False, cwd=/g/g20/eljurf1/weave_demos/ball_bounce/03_simulation_ensembles/themis_ensembles/ensemble/ens_10/68/.)
/g/g20/eljurf1/weave_demos/ball_bounce/03_simulation_ensembles/themis_ensembles/ensemble/ens_10/68/.
source/executors.py submitTHEMIS - INFO - 2023-01-24 18:46:54,189 - Launching run 69

Step(args=['/g/g20/eljurf1/weave_demos/ball_bounce/dist/ball_bounce', '--input_deck', 'input_deck'], tasks=1, cores_per_task=1, gpus_per_task=0, timeout=0, batch_script=False, cwd=/g/g20/eljurf1/weave_demos/ball_bounce/03_simulation_ensembles/themis_ensembles/ensemble/ens_10/69/.)
/g/g20/eljurf1/weave_demos/ball_bounce/03_simulation_ensembles/themis_ensembles/ensemble/ens_10/69/.
source/executors.py submit
Step(args=['/g/g20/eljurf1/weave_demos/ball_bounce/dist/ball_bounce', '--input_deck', 'input_deck'], tasks=1, cores_per_task=1, gpus_per_task=0, timeout=0, batch_script=False, cwd=/g/g20/eljurf1/weave_demos/ball_bounce/03_simulation_ensembles/themis_ensembles/ensemble/ens_10/70/.)
/g/g20/eljurf1/weave_demos/ball_bounce/03_simulation_ensembles/themis_ensembles/ensemble/ens_10/70/.
THEMIS - INFO - 2023-01-24 18:46:54,204 - Launching run 70
source/executors.py submitTHEMIS - INFO - 2023-01-24 18:46:54,220 - Launching run 71

Step(args=['/g/g20/eljurf1/weave_demos/ball_bounce/dist/ball_bounce', '--input_deck', 'input_deck'], tasks=1, cores_per_task=1, gpus_per_task=0, timeout=0, batch_script=False, cwd=/g/g20/eljurf1/weave_demos/ball_bounce/03_simulation_ensembles/themis_ensembles/ensemble/ens_10/71/.)
/g/g20/eljurf1/weave_demos/ball_bounce/03_simulation_ensembles/themis_ensembles/ensemble/ens_10/71/.
source/executors.py submit
THEMIS - INFO - 2023-01-24 18:46:54,235 - Launching run 72
Step(args=['/g/g20/eljurf1/weave_demos/ball_bounce/dist/ball_bounce', '--input_deck', 'input_deck'], tasks=1, cores_per_task=1, gpus_per_task=0, timeout=0, batch_script=False, cwd=/g/g20/eljurf1/weave_demos/ball_bounce/03_simulation_ensembles/themis_ensembles/ensemble/ens_10/72/.)
/g/g20/eljurf1/weave_demos/ball_bounce/03_simulation_ensembles/themis_ensembles/ensemble/ens_10/72/.
source/executors.py submitTHEMIS - INFO - 2023-01-24 18:46:54,250 - Launching run 73

Step(args=['/g/g20/eljurf1/weave_demos/ball_bounce/dist/ball_bounce', '--input_deck', 'input_deck'], tasks=1, cores_per_task=1, gpus_per_task=0, timeout=0, batch_script=False, cwd=/g/g20/eljurf1/weave_demos/ball_bounce/03_simulation_ensembles/themis_ensembles/ensemble/ens_10/73/.)
/g/g20/eljurf1/weave_demos/ball_bounce/03_simulation_ensembles/themis_ensembles/ensemble/ens_10/73/.
source/executors.py submitTHEMIS - INFO - 2023-01-24 18:46:54,265 - Launching run 74

Step(args=['/g/g20/eljurf1/weave_demos/ball_bounce/dist/ball_bounce', '--input_deck', 'input_deck'], tasks=1, cores_per_task=1, gpus_per_task=0, timeout=0, batch_script=False, cwd=/g/g20/eljurf1/weave_demos/ball_bounce/03_simulation_ensembles/themis_ensembles/ensemble/ens_10/74/.)
/g/g20/eljurf1/weave_demos/ball_bounce/03_simulation_ensembles/themis_ensembles/ensemble/ens_10/74/.
source/executors.py submitTHEMIS - INFO - 2023-01-24 18:46:54,281 - Launching run 75

Step(args=['/g/g20/eljurf1/weave_demos/ball_bounce/dist/ball_bounce', '--input_deck', 'input_deck'], tasks=1, cores_per_task=1, gpus_per_task=0, timeout=0, batch_script=False, cwd=/g/g20/eljurf1/weave_demos/ball_bounce/03_simulation_ensembles/themis_ensembles/ensemble/ens_10/75/.)
/g/g20/eljurf1/weave_demos/ball_bounce/03_simulation_ensembles/themis_ensembles/ensemble/ens_10/75/.
source/executors.py submitTHEMIS - INFO - 2023-01-24 18:46:54,295 - Launching run 76

Step(args=['/g/g20/eljurf1/weave_demos/ball_bounce/dist/ball_bounce', '--input_deck', 'input_deck'], tasks=1, cores_per_task=1, gpus_per_task=0, timeout=0, batch_script=False, cwd=/g/g20/eljurf1/weave_demos/ball_bounce/03_simulation_ensembles/themis_ensembles/ensemble/ens_10/76/.)
/g/g20/eljurf1/weave_demos/ball_bounce/03_simulation_ensembles/themis_ensembles/ensemble/ens_10/76/.
source/executors.py submitTHEMIS - INFO - 2023-01-24 18:46:54,308 - Launching run 77

Step(args=['/g/g20/eljurf1/weave_demos/ball_bounce/dist/ball_bounce', '--input_deck', 'input_deck'], tasks=1, cores_per_task=1, gpus_per_task=0, timeout=0, batch_script=False, cwd=/g/g20/eljurf1/weave_demos/ball_bounce/03_simulation_ensembles/themis_ensembles/ensemble/ens_10/77/.)
/g/g20/eljurf1/weave_demos/ball_bounce/03_simulation_ensembles/themis_ensembles/ensemble/ens_10/77/.
source/executors.py submitTHEMIS - INFO - 2023-01-24 18:46:54,323 - Launching run 78

Step(args=['/g/g20/eljurf1/weave_demos/ball_bounce/dist/ball_bounce', '--input_deck', 'input_deck'], tasks=1, cores_per_task=1, gpus_per_task=0, timeout=0, batch_script=False, cwd=/g/g20/eljurf1/weave_demos/ball_bounce/03_simulation_ensembles/themis_ensembles/ensemble/ens_10/78/.)
/g/g20/eljurf1/weave_demos/ball_bounce/03_simulation_ensembles/themis_ensembles/ensemble/ens_10/78/.
source/executors.py submitTHEMIS - INFO - 2023-01-24 18:46:54,337 - Launching run 79

Step(args=['/g/g20/eljurf1/weave_demos/ball_bounce/dist/ball_bounce', '--input_deck', 'input_deck'], tasks=1, cores_per_task=1, gpus_per_task=0, timeout=0, batch_script=False, cwd=/g/g20/eljurf1/weave_demos/ball_bounce/03_simulation_ensembles/themis_ensembles/ensemble/ens_10/79/.)
/g/g20/eljurf1/weave_demos/ball_bounce/03_simulation_ensembles/themis_ensembles/ensemble/ens_10/79/.
source/executors.py submitTHEMIS - INFO - 2023-01-24 18:46:54,350 - Launching run 80

Step(args=['/g/g20/eljurf1/weave_demos/ball_bounce/dist/ball_bounce', '--input_deck', 'input_deck'], tasks=1, cores_per_task=1, gpus_per_task=0, timeout=0, batch_script=False, cwd=/g/g20/eljurf1/weave_demos/ball_bounce/03_simulation_ensembles/themis_ensembles/ensemble/ens_10/80/.)
/g/g20/eljurf1/weave_demos/ball_bounce/03_simulation_ensembles/themis_ensembles/ensemble/ens_10/80/.
source/executors.py submitTHEMIS - INFO - 2023-01-24 18:46:54,364 - Launching run 81

Step(args=['/g/g20/eljurf1/weave_demos/ball_bounce/dist/ball_bounce', '--input_deck', 'input_deck'], tasks=1, cores_per_task=1, gpus_per_task=0, timeout=0, batch_script=False, cwd=/g/g20/eljurf1/weave_demos/ball_bounce/03_simulation_ensembles/themis_ensembles/ensemble/ens_10/81/.)
/g/g20/eljurf1/weave_demos/ball_bounce/03_simulation_ensembles/themis_ensembles/ensemble/ens_10/81/.
source/executors.py submitTHEMIS - INFO - 2023-01-24 18:46:54,377 - Launching run 82

Step(args=['/g/g20/eljurf1/weave_demos/ball_bounce/dist/ball_bounce', '--input_deck', 'input_deck'], tasks=1, cores_per_task=1, gpus_per_task=0, timeout=0, batch_script=False, cwd=/g/g20/eljurf1/weave_demos/ball_bounce/03_simulation_ensembles/themis_ensembles/ensemble/ens_10/82/.)
/g/g20/eljurf1/weave_demos/ball_bounce/03_simulation_ensembles/themis_ensembles/ensemble/ens_10/82/.
source/executors.py submitTHEMIS - INFO - 2023-01-24 18:46:54,390 - Launching run 83

Step(args=['/g/g20/eljurf1/weave_demos/ball_bounce/dist/ball_bounce', '--input_deck', 'input_deck'], tasks=1, cores_per_task=1, gpus_per_task=0, timeout=0, batch_script=False, cwd=/g/g20/eljurf1/weave_demos/ball_bounce/03_simulation_ensembles/themis_ensembles/ensemble/ens_10/83/.)
/g/g20/eljurf1/weave_demos/ball_bounce/03_simulation_ensembles/themis_ensembles/ensemble/ens_10/83/.
source/executors.py submitTHEMIS - INFO - 2023-01-24 18:46:54,404 - Launching run 84

Step(args=['/g/g20/eljurf1/weave_demos/ball_bounce/dist/ball_bounce', '--input_deck', 'input_deck'], tasks=1, cores_per_task=1, gpus_per_task=0, timeout=0, batch_script=False, cwd=/g/g20/eljurf1/weave_demos/ball_bounce/03_simulation_ensembles/themis_ensembles/ensemble/ens_10/84/.)
/g/g20/eljurf1/weave_demos/ball_bounce/03_simulation_ensembles/themis_ensembles/ensemble/ens_10/84/.
source/executors.py submitTHEMIS - INFO - 2023-01-24 18:46:54,415 - Launching run 85

Step(args=['/g/g20/eljurf1/weave_demos/ball_bounce/dist/ball_bounce', '--input_deck', 'input_deck'], tasks=1, cores_per_task=1, gpus_per_task=0, timeout=0, batch_script=False, cwd=/g/g20/eljurf1/weave_demos/ball_bounce/03_simulation_ensembles/themis_ensembles/ensemble/ens_10/85/.)
/g/g20/eljurf1/weave_demos/ball_bounce/03_simulation_ensembles/themis_ensembles/ensemble/ens_10/85/.
source/executors.py submitTHEMIS - INFO - 2023-01-24 18:46:54,430 - Launching run 86

Step(args=['/g/g20/eljurf1/weave_demos/ball_bounce/dist/ball_bounce', '--input_deck', 'input_deck'], tasks=1, cores_per_task=1, gpus_per_task=0, timeout=0, batch_script=False, cwd=/g/g20/eljurf1/weave_demos/ball_bounce/03_simulation_ensembles/themis_ensembles/ensemble/ens_10/86/.)
/g/g20/eljurf1/weave_demos/ball_bounce/03_simulation_ensembles/themis_ensembles/ensemble/ens_10/86/.
source/executors.py submitTHEMIS - INFO - 2023-01-24 18:46:54,444 - Launching run 87

Step(args=['/g/g20/eljurf1/weave_demos/ball_bounce/dist/ball_bounce', '--input_deck', 'input_deck'], tasks=1, cores_per_task=1, gpus_per_task=0, timeout=0, batch_script=False, cwd=/g/g20/eljurf1/weave_demos/ball_bounce/03_simulation_ensembles/themis_ensembles/ensemble/ens_10/87/.)
/g/g20/eljurf1/weave_demos/ball_bounce/03_simulation_ensembles/themis_ensembles/ensemble/ens_10/87/.
source/executors.py submitTHEMIS - INFO - 2023-01-24 18:46:54,459 - Launching run 88

Step(args=['/g/g20/eljurf1/weave_demos/ball_bounce/dist/ball_bounce', '--input_deck', 'input_deck'], tasks=1, cores_per_task=1, gpus_per_task=0, timeout=0, batch_script=False, cwd=/g/g20/eljurf1/weave_demos/ball_bounce/03_simulation_ensembles/themis_ensembles/ensemble/ens_10/88/.)
/g/g20/eljurf1/weave_demos/ball_bounce/03_simulation_ensembles/themis_ensembles/ensemble/ens_10/88/.
source/executors.py submitTHEMIS - INFO - 2023-01-24 18:46:54,475 - Launching run 89

Step(args=['/g/g20/eljurf1/weave_demos/ball_bounce/dist/ball_bounce', '--input_deck', 'input_deck'], tasks=1, cores_per_task=1, gpus_per_task=0, timeout=0, batch_script=False, cwd=/g/g20/eljurf1/weave_demos/ball_bounce/03_simulation_ensembles/themis_ensembles/ensemble/ens_10/89/.)
/g/g20/eljurf1/weave_demos/ball_bounce/03_simulation_ensembles/themis_ensembles/ensemble/ens_10/89/.
source/executors.py submitTHEMIS - INFO - 2023-01-24 18:46:54,487 - Launching run 90

Step(args=['/g/g20/eljurf1/weave_demos/ball_bounce/dist/ball_bounce', '--input_deck', 'input_deck'], tasks=1, cores_per_task=1, gpus_per_task=0, timeout=0, batch_script=False, cwd=/g/g20/eljurf1/weave_demos/ball_bounce/03_simulation_ensembles/themis_ensembles/ensemble/ens_10/90/.)
/g/g20/eljurf1/weave_demos/ball_bounce/03_simulation_ensembles/themis_ensembles/ensemble/ens_10/90/.
source/executors.py submitTHEMIS - INFO - 2023-01-24 18:46:54,504 - Launching run 91

Step(args=['/g/g20/eljurf1/weave_demos/ball_bounce/dist/ball_bounce', '--input_deck', 'input_deck'], tasks=1, cores_per_task=1, gpus_per_task=0, timeout=0, batch_script=False, cwd=/g/g20/eljurf1/weave_demos/ball_bounce/03_simulation_ensembles/themis_ensembles/ensemble/ens_10/91/.)
/g/g20/eljurf1/weave_demos/ball_bounce/03_simulation_ensembles/themis_ensembles/ensemble/ens_10/91/.
source/executors.py submitTHEMIS - INFO - 2023-01-24 18:46:54,522 - Launching run 92

Step(args=['/g/g20/eljurf1/weave_demos/ball_bounce/dist/ball_bounce', '--input_deck', 'input_deck'], tasks=1, cores_per_task=1, gpus_per_task=0, timeout=0, batch_script=False, cwd=/g/g20/eljurf1/weave_demos/ball_bounce/03_simulation_ensembles/themis_ensembles/ensemble/ens_10/92/.)
/g/g20/eljurf1/weave_demos/ball_bounce/03_simulation_ensembles/themis_ensembles/ensemble/ens_10/92/.
source/executors.py submitTHEMIS - INFO - 2023-01-24 18:46:54,538 - Launching run 93

Step(args=['/g/g20/eljurf1/weave_demos/ball_bounce/dist/ball_bounce', '--input_deck', 'input_deck'], tasks=1, cores_per_task=1, gpus_per_task=0, timeout=0, batch_script=False, cwd=/g/g20/eljurf1/weave_demos/ball_bounce/03_simulation_ensembles/themis_ensembles/ensemble/ens_10/93/.)
/g/g20/eljurf1/weave_demos/ball_bounce/03_simulation_ensembles/themis_ensembles/ensemble/ens_10/93/.
source/executors.py submitTHEMIS - INFO - 2023-01-24 18:46:54,553 - Launching run 94

Step(args=['/g/g20/eljurf1/weave_demos/ball_bounce/dist/ball_bounce', '--input_deck', 'input_deck'], tasks=1, cores_per_task=1, gpus_per_task=0, timeout=0, batch_script=False, cwd=/g/g20/eljurf1/weave_demos/ball_bounce/03_simulation_ensembles/themis_ensembles/ensemble/ens_10/94/.)
/g/g20/eljurf1/weave_demos/ball_bounce/03_simulation_ensembles/themis_ensembles/ensemble/ens_10/94/.
source/executors.py submitTHEMIS - INFO - 2023-01-24 18:46:54,570 - Launching run 95

Step(args=['/g/g20/eljurf1/weave_demos/ball_bounce/dist/ball_bounce', '--input_deck', 'input_deck'], tasks=1, cores_per_task=1, gpus_per_task=0, timeout=0, batch_script=False, cwd=/g/g20/eljurf1/weave_demos/ball_bounce/03_simulation_ensembles/themis_ensembles/ensemble/ens_10/95/.)
/g/g20/eljurf1/weave_demos/ball_bounce/03_simulation_ensembles/themis_ensembles/ensemble/ens_10/95/.
source/executors.py submitTHEMIS - INFO - 2023-01-24 18:46:54,584 - Launching run 96

Step(args=['/g/g20/eljurf1/weave_demos/ball_bounce/dist/ball_bounce', '--input_deck', 'input_deck'], tasks=1, cores_per_task=1, gpus_per_task=0, timeout=0, batch_script=False, cwd=/g/g20/eljurf1/weave_demos/ball_bounce/03_simulation_ensembles/themis_ensembles/ensemble/ens_10/96/.)
/g/g20/eljurf1/weave_demos/ball_bounce/03_simulation_ensembles/themis_ensembles/ensemble/ens_10/96/.
source/executors.py submitTHEMIS - INFO - 2023-01-24 18:46:54,600 - Launching run 97

Step(args=['/g/g20/eljurf1/weave_demos/ball_bounce/dist/ball_bounce', '--input_deck', 'input_deck'], tasks=1, cores_per_task=1, gpus_per_task=0, timeout=0, batch_script=False, cwd=/g/g20/eljurf1/weave_demos/ball_bounce/03_simulation_ensembles/themis_ensembles/ensemble/ens_10/97/.)
/g/g20/eljurf1/weave_demos/ball_bounce/03_simulation_ensembles/themis_ensembles/ensemble/ens_10/97/.
source/executors.py submitTHEMIS - INFO - 2023-01-24 18:46:54,616 - Launching run 98

Step(args=['/g/g20/eljurf1/weave_demos/ball_bounce/dist/ball_bounce', '--input_deck', 'input_deck'], tasks=1, cores_per_task=1, gpus_per_task=0, timeout=0, batch_script=False, cwd=/g/g20/eljurf1/weave_demos/ball_bounce/03_simulation_ensembles/themis_ensembles/ensemble/ens_10/98/.)
/g/g20/eljurf1/weave_demos/ball_bounce/03_simulation_ensembles/themis_ensembles/ensemble/ens_10/98/.
source/executors.py submitTHEMIS - INFO - 2023-01-24 18:46:54,629 - Launching run 99

Step(args=['/g/g20/eljurf1/weave_demos/ball_bounce/dist/ball_bounce', '--input_deck', 'input_deck'], tasks=1, cores_per_task=1, gpus_per_task=0, timeout=0, batch_script=False, cwd=/g/g20/eljurf1/weave_demos/ball_bounce/03_simulation_ensembles/themis_ensembles/ensemble/ens_10/99/.)
/g/g20/eljurf1/weave_demos/ball_bounce/03_simulation_ensembles/themis_ensembles/ensemble/ens_10/99/.
source/executors.py submitTHEMIS - INFO - 2023-01-24 18:46:54,645 - Launching run 100

Step(args=['/g/g20/eljurf1/weave_demos/ball_bounce/dist/ball_bounce', '--input_deck', 'input_deck'], tasks=1, cores_per_task=1, gpus_per_task=0, timeout=0, batch_script=False, cwd=/g/g20/eljurf1/weave_demos/ball_bounce/03_simulation_ensembles/themis_ensembles/ensemble/ens_10/100/.)
/g/g20/eljurf1/weave_demos/ball_bounce/03_simulation_ensembles/themis_ensembles/ensemble/ens_10/100/.
THEMIS - INFO - 2023-01-24 18:46:54,654 - Run 1 completed successfully
THEMIS - INFO - 2023-01-24 18:46:54,654 - Run 2 completed successfully
THEMIS - INFO - 2023-01-24 18:46:54,654 - Run 3 completed successfully
THEMIS - INFO - 2023-01-24 18:46:54,654 - Run 4 completed successfully
THEMIS - INFO - 2023-01-24 18:46:54,654 - Run 5 completed successfully
THEMIS - INFO - 2023-01-24 18:46:54,654 - Run 6 completed successfully
THEMIS - INFO - 2023-01-24 18:46:54,654 - Run 7 completed successfully
THEMIS - INFO - 2023-01-24 18:46:54,655 - Run 8 completed successfully
THEMIS - INFO - 2023-01-24 18:46:54,655 - Run 9 completed successfully
THEMIS - INFO - 2023-01-24 18:46:54,655 - Run 10 completed successfully
THEMIS - INFO - 2023-01-24 18:46:54,655 - Run 11 completed successfully
THEMIS - INFO - 2023-01-24 18:46:54,655 - Run 12 completed successfully
THEMIS - INFO - 2023-01-24 18:46:54,655 - Run 13 completed successfully
THEMIS - INFO - 2023-01-24 18:46:54,655 - Run 14 completed successfully
THEMIS - INFO - 2023-01-24 18:46:54,655 - Run 15 completed successfully
THEMIS - INFO - 2023-01-24 18:46:54,655 - Run 16 completed successfully
THEMIS - INFO - 2023-01-24 18:46:54,655 - Run 17 completed successfully
THEMIS - INFO - 2023-01-24 18:46:54,713 - Run 18 completed successfully
THEMIS - INFO - 2023-01-24 18:46:56,142 - Run 19 completed successfully
THEMIS - INFO - 2023-01-24 18:46:56,993 - Run 20 completed successfully
THEMIS - INFO - 2023-01-24 18:46:58,799 - Run 21 completed successfully
THEMIS - INFO - 2023-01-24 18:46:59,380 - Run 23 completed successfully
THEMIS - INFO - 2023-01-24 18:46:59,424 - Run 24 completed successfully
THEMIS - INFO - 2023-01-24 18:46:59,463 - Run 22 completed successfully
THEMIS - INFO - 2023-01-24 18:46:59,725 - Run 25 completed successfully
THEMIS - INFO - 2023-01-24 18:47:00,112 - Run 26 completed successfully
THEMIS - INFO - 2023-01-24 18:47:00,596 - Run 27 completed successfully
THEMIS - INFO - 2023-01-24 18:47:01,435 - Run 28 completed successfully
THEMIS - INFO - 2023-01-24 18:47:02,081 - Run 29 completed successfully
THEMIS - INFO - 2023-01-24 18:47:02,315 - Run 30 completed successfully
THEMIS - INFO - 2023-01-24 18:47:02,573 - Run 31 completed successfully
THEMIS - INFO - 2023-01-24 18:47:02,713 - Run 32 completed successfully
THEMIS - INFO - 2023-01-24 18:47:03,620 - Run 33 completed successfully
THEMIS - INFO - 2023-01-24 18:47:03,766 - Run 34 completed successfully
THEMIS - INFO - 2023-01-24 18:47:04,174 - Run 36 completed successfully
THEMIS - INFO - 2023-01-24 18:47:04,182 - Run 35 completed successfully
THEMIS - INFO - 2023-01-24 18:47:06,323 - Run 37 completed successfully
THEMIS - INFO - 2023-01-24 18:47:06,796 - Run 38 completed successfully
THEMIS - INFO - 2023-01-24 18:47:06,845 - Run 39 completed successfully
THEMIS - INFO - 2023-01-24 18:47:07,062 - Run 40 completed successfully
THEMIS - INFO - 2023-01-24 18:47:07,086 - Run 41 completed successfully
THEMIS - INFO - 2023-01-24 18:47:07,251 - Run 42 completed successfully
THEMIS - INFO - 2023-01-24 18:47:07,745 - Run 43 completed successfully
THEMIS - INFO - 2023-01-24 18:47:08,335 - Run 44 completed successfully
THEMIS - INFO - 2023-01-24 18:47:08,545 - Run 45 completed successfully
THEMIS - INFO - 2023-01-24 18:47:08,654 - Run 46 completed successfully
THEMIS - INFO - 2023-01-24 18:47:10,789 - Run 47 completed successfully
THEMIS - INFO - 2023-01-24 18:47:10,945 - Run 48 completed successfully
THEMIS - INFO - 2023-01-24 18:47:11,059 - Run 49 completed successfully
THEMIS - INFO - 2023-01-24 18:47:11,547 - Run 50 completed successfully
THEMIS - INFO - 2023-01-24 18:47:12,122 - Run 51 completed successfully
THEMIS - INFO - 2023-01-24 18:47:12,531 - Run 52 completed successfully
THEMIS - INFO - 2023-01-24 18:47:12,639 - Run 53 completed successfully
THEMIS - INFO - 2023-01-24 18:47:12,907 - Run 54 completed successfully
THEMIS - INFO - 2023-01-24 18:47:13,596 - Run 55 completed successfully
THEMIS - INFO - 2023-01-24 18:47:13,782 - Run 56 completed successfully
THEMIS - INFO - 2023-01-24 18:47:14,290 - Run 57 completed successfully
THEMIS - INFO - 2023-01-24 18:47:14,830 - Run 58 completed successfully
THEMIS - INFO - 2023-01-24 18:47:14,904 - Run 59 completed successfully
THEMIS - INFO - 2023-01-24 18:47:15,702 - Run 60 completed successfully
THEMIS - INFO - 2023-01-24 18:47:15,824 - Run 61 completed successfully
THEMIS - INFO - 2023-01-24 18:47:15,938 - Run 62 completed successfully
THEMIS - INFO - 2023-01-24 18:47:16,531 - Run 63 completed successfully
THEMIS - INFO - 2023-01-24 18:47:16,811 - Run 64 completed successfully
THEMIS - INFO - 2023-01-24 18:47:17,112 - Run 65 completed successfully
THEMIS - INFO - 2023-01-24 18:47:17,125 - Run 66 completed successfully
THEMIS - INFO - 2023-01-24 18:47:18,275 - Run 67 completed successfully
THEMIS - INFO - 2023-01-24 18:47:19,656 - Run 68 completed successfully
THEMIS - INFO - 2023-01-24 18:47:19,700 - Run 69 completed successfully
THEMIS - INFO - 2023-01-24 18:47:20,179 - Run 70 completed successfully
THEMIS - INFO - 2023-01-24 18:47:20,759 - Run 72 completed successfully
THEMIS - INFO - 2023-01-24 18:47:20,827 - Run 71 completed successfully
THEMIS - INFO - 2023-01-24 18:47:21,078 - Run 74 completed successfully
THEMIS - INFO - 2023-01-24 18:47:21,239 - Run 75 completed successfully
THEMIS - INFO - 2023-01-24 18:47:21,243 - Run 73 completed successfully
THEMIS - INFO - 2023-01-24 18:47:21,270 - Run 76 completed successfully
THEMIS - INFO - 2023-01-24 18:47:21,521 - Run 77 completed successfully
THEMIS - INFO - 2023-01-24 18:47:21,705 - Run 78 completed successfully
THEMIS - INFO - 2023-01-24 18:47:22,234 - Run 79 completed successfully
THEMIS - INFO - 2023-01-24 18:47:22,481 - Run 80 completed successfully
THEMIS - DEBUG - 2023-01-24 18:47:23,181 - Killing runs deque([])
THEMIS - INFO - 2023-01-24 18:47:23,345 - Run 82 completed successfully
THEMIS - INFO - 2023-01-24 18:47:23,350 - Run 81 completed successfully
THEMIS - INFO - 2023-01-24 18:47:23,760 - Run 83 completed successfully
THEMIS - INFO - 2023-01-24 18:47:24,009 - Run 84 completed successfully
THEMIS - INFO - 2023-01-24 18:47:24,185 - Run 85 completed successfully
THEMIS - INFO - 2023-01-24 18:47:24,302 - Run 86 completed successfully
THEMIS - INFO - 2023-01-24 18:47:24,679 - Run 87 completed successfully
THEMIS - INFO - 2023-01-24 18:47:24,738 - Run 88 completed successfully
THEMIS - INFO - 2023-01-24 18:47:26,959 - Run 89 completed successfully
THEMIS - INFO - 2023-01-24 18:47:27,046 - Run 90 completed successfully
THEMIS - INFO - 2023-01-24 18:47:27,097 - Run 91 completed successfully
THEMIS - INFO - 2023-01-24 18:47:27,969 - Run 92 completed successfully
THEMIS - INFO - 2023-01-24 18:47:27,972 - Run 93 completed successfully
THEMIS - INFO - 2023-01-24 18:47:28,000 - Run 94 completed successfully
THEMIS - INFO - 2023-01-24 18:47:28,387 - Run 95 completed successfully
THEMIS - INFO - 2023-01-24 18:47:28,550 - Run 96 completed successfully
THEMIS - INFO - 2023-01-24 18:47:28,660 - Run 97 completed successfully
THEMIS - INFO - 2023-01-24 18:47:28,972 - Run 98 completed successfully
THEMIS - INFO - 2023-01-24 18:47:29,166 - Run 99 completed successfully
THEMIS - INFO - 2023-01-24 18:47:29,403 - Run 100 completed successfully
THEMIS - INFO - 2023-01-24 18:47:29,486 - Ensemble complete. Shutting down and exiting...
THEMIS - INFO - 2023-01-24 18:47:29,557 - Exited cleanly.
